[2022-02-07 01:00:32.505] [exthost] [info] Extension host with pid 13702 started
[2022-02-07 01:00:32.511] [exthost] [info] Lock '/home/ec2-user/.vscode-server/data/User/workspaceStorage/5cff9a8d39e844d1fb9578ca9fbe254c/vscode.lock': Lock acquired.
[2022-02-07 01:00:32.700] [exthost] [info] ExtensionService#_doActivateExtension vscode.debug-auto-launch, startup: true, activationEvent: '*'
[2022-02-07 01:00:32.730] [exthost] [info] ExtensionService#_doActivateExtension vscode.git-base, startup: true, activationEvent: '*', root cause: vscode.github
[2022-02-07 01:00:33.054] [exthost] [info] ExtensionService#_doActivateExtension vscode.git, startup: true, activationEvent: '*'
[2022-02-07 01:00:33.140] [exthost] [info] ExtensionService#_doActivateExtension vscode.github, startup: true, activationEvent: '*'
[2022-02-07 01:00:33.342] [exthost] [info] ExtensionService#_doActivateExtension vscode.emmet, startup: false, activationEvent: 'onStartupFinished'
[2022-02-07 01:00:33.363] [exthost] [info] ExtensionService#_doActivateExtension vscode.merge-conflict, startup: false, activationEvent: 'onStartupFinished'
[2022-02-07 01:00:33.372] [exthost] [info] Eager extensions activated
[2022-02-07 01:00:33.532] [exthost] [warning] [Decorations] CAPPING events from decorations provider vscode.git 1588
[2022-02-07 01:00:34.408] [exthost] [warning] [Decorations] CAPPING events from decorations provider vscode.git 1588
[2022-02-07 01:00:38.634] [exthost] [warning] [Decorations] CAPPING events from decorations provider vscode.git 1589
[2022-02-07 01:00:44.421] [exthost] [warning] [Decorations] CAPPING events from decorations provider vscode.git 1589
[2022-02-07 01:00:49.510] [exthost] [warning] [Decorations] CAPPING events from decorations provider vscode.git 1589
[2022-02-07 01:00:54.586] [exthost] [warning] [Decorations] CAPPING events from decorations provider vscode.git 1589
[2022-02-07 01:00:59.662] [exthost] [warning] [Decorations] CAPPING events from decorations provider vscode.git 1589
[2022-02-07 01:01:04.742] [exthost] [warning] [Decorations] CAPPING events from decorations provider vscode.git 1589
[2022-02-07 01:01:09.823] [exthost] [warning] [Decorations] CAPPING events from decorations provider vscode.git 1589
[2022-02-07 01:01:14.907] [exthost] [warning] [Decorations] CAPPING events from decorations provider vscode.git 1589
[2022-02-07 01:01:19.984] [exthost] [warning] [Decorations] CAPPING events from decorations provider vscode.git 1590
[2022-02-07 01:01:25.065] [exthost] [warning] [Decorations] CAPPING events from decorations provider vscode.git 1590
[2022-02-07 01:01:30.190] [exthost] [warning] [Decorations] CAPPING events from decorations provider vscode.git 1590
[2022-02-07 01:01:35.274] [exthost] [warning] [Decorations] CAPPING events from decorations provider vscode.git 1590
[2022-02-07 01:01:40.349] [exthost] [warning] [Decorations] CAPPING events from decorations provider vscode.git 1590
[2022-02-07 01:01:45.425] [exthost] [warning] [Decorations] CAPPING events from decorations provider vscode.git 1590
[2022-02-07 01:01:50.499] [exthost] [warning] [Decorations] CAPPING events from decorations provider vscode.git 1590
[2022-02-07 01:01:55.573] [exthost] [warning] [Decorations] CAPPING events from decorations provider vscode.git 1590
[2022-02-07 01:02:00.650] [exthost] [warning] [Decorations] CAPPING events from decorations provider vscode.git 1590
[2022-02-07 01:02:05.725] [exthost] [warning] [Decorations] CAPPING events from decorations provider vscode.git 1590
[2022-02-07 01:02:10.799] [exthost] [warning] [Decorations] CAPPING events from decorations provider vscode.git 1590
[2022-02-07 01:02:15.877] [exthost] [warning] [Decorations] CAPPING events from decorations provider vscode.git 1590
[2022-02-07 01:02:20.961] [exthost] [warning] [Decorations] CAPPING events from decorations provider vscode.git 1590
[2022-02-07 01:02:26.060] [exthost] [warning] [Decorations] CAPPING events from decorations provider vscode.git 1590
[2022-02-07 01:02:31.134] [exthost] [warning] [Decorations] CAPPING events from decorations provider vscode.git 1590
[2022-02-07 01:02:36.213] [exthost] [warning] [Decorations] CAPPING events from decorations provider vscode.git 1590
[2022-02-07 01:02:41.289] [exthost] [warning] [Decorations] CAPPING events from decorations provider vscode.git 1590
[2022-02-07 01:02:46.365] [exthost] [warning] [Decorations] CAPPING events from decorations provider vscode.git 1590
[2022-02-07 01:02:51.441] [exthost] [warning] [Decorations] CAPPING events from decorations provider vscode.git 1590
[2022-02-07 01:02:56.510] [exthost] [warning] [Decorations] CAPPING events from decorations provider vscode.git 1590
[2022-02-07 01:03:01.593] [exthost] [warning] [Decorations] CAPPING events from decorations provider vscode.git 1590
[2022-02-07 01:03:06.673] [exthost] [warning] [Decorations] CAPPING events from decorations provider vscode.git 1590
[2022-02-07 01:03:11.746] [exthost] [warning] [Decorations] CAPPING events from decorations provider vscode.git 1590
[2022-02-07 01:03:16.823] [exthost] [warning] [Decorations] CAPPING events from decorations provider vscode.git 1590
[2022-02-07 01:03:21.902] [exthost] [warning] [Decorations] CAPPING events from decorations provider vscode.git 1590
[2022-02-07 01:03:26.973] [exthost] [warning] [Decorations] CAPPING events from decorations provider vscode.git 1590
[2022-02-07 01:03:32.045] [exthost] [warning] [Decorations] CAPPING events from decorations provider vscode.git 1590
[2022-02-07 01:03:34.512] [exthost] [warning] [Decorations] CAPPING events from decorations provider vscode.git 1590
[2022-02-07 01:03:37.118] [exthost] [warning] [Decorations] CAPPING events from decorations provider vscode.git 1590
[2022-02-07 01:03:42.193] [exthost] [warning] [Decorations] CAPPING events from decorations provider vscode.git 1590
[2022-02-07 01:03:47.271] [exthost] [warning] [Decorations] CAPPING events from decorations provider vscode.git 1590
[2022-02-07 01:03:52.345] [exthost] [warning] [Decorations] CAPPING events from decorations provider vscode.git 1590
[2022-02-07 01:03:57.419] [exthost] [warning] [Decorations] CAPPING events from decorations provider vscode.git 1590
[2022-02-07 01:04:02.497] [exthost] [warning] [Decorations] CAPPING events from decorations provider vscode.git 1590
[2022-02-07 01:04:07.574] [exthost] [warning] [Decorations] CAPPING events from decorations provider vscode.git 1590
[2022-02-07 01:04:12.645] [exthost] [warning] [Decorations] CAPPING events from decorations provider vscode.git 1590
[2022-02-07 01:04:17.720] [exthost] [warning] [Decorations] CAPPING events from decorations provider vscode.git 1590
[2022-02-07 01:04:22.792] [exthost] [warning] [Decorations] CAPPING events from decorations provider vscode.git 1590
[2022-02-07 01:04:27.866] [exthost] [warning] [Decorations] CAPPING events from decorations provider vscode.git 1590
[2022-02-07 01:04:32.942] [exthost] [warning] [Decorations] CAPPING events from decorations provider vscode.git 1590
[2022-02-07 01:04:38.017] [exthost] [warning] [Decorations] CAPPING events from decorations provider vscode.git 1590
[2022-02-07 01:04:43.093] [exthost] [warning] [Decorations] CAPPING events from decorations provider vscode.git 1590
[2022-02-07 01:04:48.170] [exthost] [warning] [Decorations] CAPPING events from decorations provider vscode.git 1590
[2022-02-07 01:04:53.243] [exthost] [warning] [Decorations] CAPPING events from decorations provider vscode.git 1590
[2022-02-07 01:04:58.322] [exthost] [warning] [Decorations] CAPPING events from decorations provider vscode.git 1590
[2022-02-07 01:05:03.394] [exthost] [warning] [Decorations] CAPPING events from decorations provider vscode.git 1590
[2022-02-07 01:05:08.474] [exthost] [warning] [Decorations] CAPPING events from decorations provider vscode.git 1590
[2022-02-07 01:05:13.544] [exthost] [warning] [Decorations] CAPPING events from decorations provider vscode.git 1590
[2022-02-07 01:05:18.622] [exthost] [warning] [Decorations] CAPPING events from decorations provider vscode.git 1590
[2022-02-07 01:05:23.697] [exthost] [warning] [Decorations] CAPPING events from decorations provider vscode.git 1590
[2022-02-07 01:05:28.770] [exthost] [warning] [Decorations] CAPPING events from decorations provider vscode.git 1590
[2022-02-07 01:05:33.852] [exthost] [warning] [Decorations] CAPPING events from decorations provider vscode.git 1590
[2022-02-07 01:05:38.925] [exthost] [warning] [Decorations] CAPPING events from decorations provider vscode.git 1590
[2022-02-07 01:05:43.998] [exthost] [warning] [Decorations] CAPPING events from decorations provider vscode.git 1590
[2022-02-07 01:05:49.078] [exthost] [warning] [Decorations] CAPPING events from decorations provider vscode.git 1590
[2022-02-07 01:05:54.153] [exthost] [warning] [Decorations] CAPPING events from decorations provider vscode.git 1590
[2022-02-07 01:05:59.225] [exthost] [warning] [Decorations] CAPPING events from decorations provider vscode.git 1590
[2022-02-07 01:06:04.306] [exthost] [warning] [Decorations] CAPPING events from decorations provider vscode.git 1590
[2022-02-07 01:06:09.433] [exthost] [warning] [Decorations] CAPPING events from decorations provider vscode.git 1590
[2022-02-07 01:06:14.558] [exthost] [warning] [Decorations] CAPPING events from decorations provider vscode.git 1591
[2022-02-07 01:06:19.649] [exthost] [warning] [Decorations] CAPPING events from decorations provider vscode.git 1591
[2022-02-07 01:06:24.739] [exthost] [warning] [Decorations] CAPPING events from decorations provider vscode.git 1591
[2022-02-07 01:06:41.462] [exthost] [warning] [Decorations] CAPPING events from decorations provider vscode.git 1591
[2022-02-07 01:06:41.547] [exthost] [warning] [Decorations] CAPPING events from decorations provider vscode.git 1591
[2022-02-07 01:06:46.538] [exthost] [warning] [Decorations] CAPPING events from decorations provider vscode.git 1591
[2022-02-07 01:06:51.623] [exthost] [warning] [Decorations] CAPPING events from decorations provider vscode.git 1591
[2022-02-07 01:06:56.700] [exthost] [warning] [Decorations] CAPPING events from decorations provider vscode.git 1591
[2022-02-07 01:07:01.814] [exthost] [warning] [Decorations] CAPPING events from decorations provider vscode.git 1591
[2022-02-07 01:07:06.898] [exthost] [warning] [Decorations] CAPPING events from decorations provider vscode.git 1591
[2022-02-07 01:08:23.223] [exthost] [warning] [Decorations] CAPPING events from decorations provider vscode.git 1591
[2022-02-07 01:08:44.016] [exthost] [warning] [Decorations] CAPPING events from decorations provider vscode.git 1591
[2022-02-07 01:08:50.075] [exthost] [warning] [Decorations] CAPPING events from decorations provider vscode.git 1591
[2022-02-07 01:08:55.570] [exthost] [warning] [Decorations] CAPPING events from decorations provider vscode.git 1592
[2022-02-07 01:09:00.736] [exthost] [warning] [Decorations] CAPPING events from decorations provider vscode.git 1592
[2022-02-07 01:09:05.829] [exthost] [warning] [Decorations] CAPPING events from decorations provider vscode.git 1593
[2022-02-07 01:09:11.007] [exthost] [warning] [Decorations] CAPPING events from decorations provider vscode.git 1593
[2022-02-07 01:09:16.131] [exthost] [warning] [Decorations] CAPPING events from decorations provider vscode.git 1593
[2022-02-07 01:09:21.217] [exthost] [warning] [Decorations] CAPPING events from decorations provider vscode.git 1593
[2022-02-07 01:09:26.307] [exthost] [warning] [Decorations] CAPPING events from decorations provider vscode.git 1593
[2022-02-07 01:09:31.388] [exthost] [warning] [Decorations] CAPPING events from decorations provider vscode.git 1593
[2022-02-07 01:09:36.475] [exthost] [warning] [Decorations] CAPPING events from decorations provider vscode.git 1593
[2022-02-07 01:09:41.562] [exthost] [warning] [Decorations] CAPPING events from decorations provider vscode.git 1593
[2022-02-07 01:09:42.494] [exthost] [warning] [Decorations] CAPPING events from decorations provider vscode.git 1593
[2022-02-07 01:09:46.649] [exthost] [warning] [Decorations] CAPPING events from decorations provider vscode.git 1593
[2022-02-07 01:09:51.738] [exthost] [warning] [Decorations] CAPPING events from decorations provider vscode.git 1593
[2022-02-07 01:09:56.820] [exthost] [warning] [Decorations] CAPPING events from decorations provider vscode.git 1593
[2022-02-07 01:10:01.913] [exthost] [warning] [Decorations] CAPPING events from decorations provider vscode.git 1593
[2022-02-07 01:10:06.991] [exthost] [warning] [Decorations] CAPPING events from decorations provider vscode.git 1593
[2022-02-07 01:10:12.082] [exthost] [warning] [Decorations] CAPPING events from decorations provider vscode.git 1593
[2022-02-07 01:10:17.207] [exthost] [warning] [Decorations] CAPPING events from decorations provider vscode.git 1593
[2022-02-07 01:10:22.292] [exthost] [warning] [Decorations] CAPPING events from decorations provider vscode.git 1593
[2022-02-07 01:10:27.371] [exthost] [warning] [Decorations] CAPPING events from decorations provider vscode.git 1593
[2022-02-07 01:10:32.461] [exthost] [warning] [Decorations] CAPPING events from decorations provider vscode.git 1593
[2022-02-07 01:10:37.539] [exthost] [warning] [Decorations] CAPPING events from decorations provider vscode.git 1593
[2022-02-07 01:10:42.628] [exthost] [warning] [Decorations] CAPPING events from decorations provider vscode.git 1593
[2022-02-07 01:10:47.707] [exthost] [warning] [Decorations] CAPPING events from decorations provider vscode.git 1593
[2022-02-07 01:10:52.791] [exthost] [warning] [Decorations] CAPPING events from decorations provider vscode.git 1593
[2022-02-07 01:10:57.869] [exthost] [warning] [Decorations] CAPPING events from decorations provider vscode.git 1593
[2022-02-07 01:11:02.958] [exthost] [warning] [Decorations] CAPPING events from decorations provider vscode.git 1593
[2022-02-07 01:11:08.038] [exthost] [warning] [Decorations] CAPPING events from decorations provider vscode.git 1593
[2022-02-07 01:11:13.124] [exthost] [warning] [Decorations] CAPPING events from decorations provider vscode.git 1593
[2022-02-07 01:11:18.204] [exthost] [warning] [Decorations] CAPPING events from decorations provider vscode.git 1593
[2022-02-07 01:11:23.293] [exthost] [warning] [Decorations] CAPPING events from decorations provider vscode.git 1593
[2022-02-07 01:11:28.370] [exthost] [warning] [Decorations] CAPPING events from decorations provider vscode.git 1593
[2022-02-07 01:11:33.505] [exthost] [warning] [Decorations] CAPPING events from decorations provider vscode.git 1593
[2022-02-07 01:11:38.582] [exthost] [warning] [Decorations] CAPPING events from decorations provider vscode.git 1593
[2022-02-07 01:11:43.668] [exthost] [warning] [Decorations] CAPPING events from decorations provider vscode.git 1593
[2022-02-07 01:11:48.757] [exthost] [warning] [Decorations] CAPPING events from decorations provider vscode.git 1593
[2022-02-07 01:11:53.844] [exthost] [warning] [Decorations] CAPPING events from decorations provider vscode.git 1593
[2022-02-07 01:11:58.922] [exthost] [warning] [Decorations] CAPPING events from decorations provider vscode.git 1593
[2022-02-07 01:12:04.007] [exthost] [warning] [Decorations] CAPPING events from decorations provider vscode.git 1593
[2022-02-07 01:12:09.084] [exthost] [warning] [Decorations] CAPPING events from decorations provider vscode.git 1593
