[2022-02-06T17:27:57.433Z] Validating found git in: git
[2022-02-06T17:27:57.480Z] Using git 2.32.0 from git
[2022-02-06T17:27:57.570Z] > git rev-parse --git-dir [1ms]
[2022-02-06T17:27:57.579Z] Open repository: /home/ec2-user/Terraform-Project
[2022-02-06T17:27:57.624Z] > git symbolic-ref --short HEAD [1ms]
[2022-02-06T17:27:57.635Z] > git for-each-ref --format=%(refname)%00%(upstream:short)%00%(objectname)%00%(upstream:track) refs/heads/master refs/remotes/master [7ms]
[2022-02-06T17:27:57.643Z] > git for-each-ref --sort -committerdate --format %(refname) %(objectname) %(*objectname) [5ms]
[2022-02-06T17:27:57.660Z] > git remote --verbose [19ms]
[2022-02-06T17:27:57.697Z] > git config --get commit.template [31ms]
[2022-02-06T17:27:58.129Z] > git fetch [538ms]
[2022-02-06T17:27:58.129Z] From https://github.com/jawadyousoufi/Terraform-Project
   4d3c78a..b29f07a  Terraform-Project-RDS -> origin/Terraform-Project-RDS
   e3d44db..43cda35  tuncay1               -> origin/tuncay1
[2022-02-06T17:27:58.138Z] > git symbolic-ref --short HEAD [2ms]
[2022-02-06T17:27:58.142Z] > git for-each-ref --format=%(refname)%00%(upstream:short)%00%(objectname)%00%(upstream:track) refs/heads/master refs/remotes/master [1ms]
[2022-02-06T17:27:58.147Z] > git for-each-ref --sort -committerdate --format %(refname) %(objectname) %(*objectname) [3ms]
[2022-02-06T17:27:58.149Z] > git remote --verbose [2ms]
[2022-02-06T17:27:58.155Z] > git config --get commit.template [1ms]
[2022-02-06T17:27:59.310Z] > git symbolic-ref --short HEAD [3ms]
[2022-02-06T17:27:59.313Z] > git for-each-ref --format=%(refname)%00%(upstream:short)%00%(objectname)%00%(upstream:track) refs/heads/master refs/remotes/master [1ms]
[2022-02-06T17:27:59.319Z] > git for-each-ref --sort -committerdate --format %(refname) %(objectname) %(*objectname) [4ms]
[2022-02-06T17:27:59.321Z] > git remote --verbose [3ms]
[2022-02-06T17:27:59.327Z] > git config --get commit.template [2ms]
[2022-02-06T17:29:56.325Z] > git rev-parse --git-dir [2ms]
[2022-02-06T17:29:56.328Z] Open repository: /home/ec2-user/exam
[2022-02-06T17:29:56.346Z] > git symbolic-ref --short HEAD [4ms]
[2022-02-06T17:29:56.353Z] > git for-each-ref --format=%(refname)%00%(upstream:short)%00%(objectname)%00%(upstream:track) refs/heads/master refs/remotes/master [2ms]
[2022-02-06T17:29:56.359Z] > git for-each-ref --sort -committerdate --format %(refname) %(objectname) %(*objectname) [3ms]
[2022-02-06T17:29:56.361Z] > git remote --verbose [2ms]
[2022-02-06T17:29:56.372Z] > git config --get commit.template [2ms]
[2022-02-06T17:29:56.635Z] > git fetch [303ms]
[2022-02-06T17:29:56.645Z] > git symbolic-ref --short HEAD [2ms]
[2022-02-06T17:29:56.649Z] > git for-each-ref --format=%(refname)%00%(upstream:short)%00%(objectname)%00%(upstream:track) refs/heads/master refs/remotes/master [2ms]
[2022-02-06T17:29:56.655Z] > git for-each-ref --sort -committerdate --format %(refname) %(objectname) %(*objectname) [4ms]
[2022-02-06T17:29:56.657Z] > git remote --verbose [3ms]
[2022-02-06T17:29:56.663Z] > git config --get commit.template [1ms]
[2022-02-06T17:29:57.846Z] > git symbolic-ref --short HEAD [2ms]
[2022-02-06T17:29:57.850Z] > git for-each-ref --format=%(refname)%00%(upstream:short)%00%(objectname)%00%(upstream:track) refs/heads/master refs/remotes/master [2ms]
[2022-02-06T17:29:57.855Z] > git for-each-ref --sort -committerdate --format %(refname) %(objectname) %(*objectname) [3ms]
[2022-02-06T17:29:57.857Z] > git remote --verbose [2ms]
[2022-02-06T17:29:57.863Z] > git config --get commit.template [2ms]
[2022-02-06T17:31:06.121Z] > git fetch [297ms]
[2022-02-06T17:31:06.129Z] > git symbolic-ref --short HEAD [2ms]
[2022-02-06T17:31:06.132Z] > git for-each-ref --format=%(refname)%00%(upstream:short)%00%(objectname)%00%(upstream:track) refs/heads/master refs/remotes/master [1ms]
[2022-02-06T17:31:06.138Z] > git for-each-ref --sort -committerdate --format %(refname) %(objectname) %(*objectname) [4ms]
[2022-02-06T17:31:06.139Z] > git remote --verbose [2ms]
[2022-02-06T17:31:06.145Z] > git config --get commit.template [2ms]
[2022-02-06T17:31:07.329Z] > git symbolic-ref --short HEAD [2ms]
[2022-02-06T17:31:07.332Z] > git for-each-ref --format=%(refname)%00%(upstream:short)%00%(objectname)%00%(upstream:track) refs/heads/master refs/remotes/master [2ms]
[2022-02-06T17:31:07.338Z] > git for-each-ref --sort -committerdate --format %(refname) %(objectname) %(*objectname) [4ms]
[2022-02-06T17:31:07.339Z] > git remote --verbose [2ms]
[2022-02-06T17:31:07.345Z] > git config --get commit.template [2ms]
[2022-02-06T17:32:48.199Z] > git symbolic-ref --short HEAD [2ms]
[2022-02-06T17:32:48.206Z] > git for-each-ref --format=%(refname)%00%(upstream:short)%00%(objectname)%00%(upstream:track) refs/heads/master refs/remotes/master [2ms]
[2022-02-06T17:32:48.211Z] > git for-each-ref --sort -committerdate --format %(refname) %(objectname) %(*objectname) [4ms]
[2022-02-06T17:32:48.212Z] > git remote --verbose [2ms]
[2022-02-06T17:32:48.218Z] > git config --get commit.template [2ms]
[2022-02-06T17:32:56.968Z] > git fetch [300ms]
[2022-02-06T17:32:56.980Z] > git symbolic-ref --short HEAD [2ms]
[2022-02-06T17:32:56.984Z] > git for-each-ref --format=%(refname)%00%(upstream:short)%00%(objectname)%00%(upstream:track) refs/heads/master refs/remotes/master [2ms]
[2022-02-06T17:32:56.990Z] > git for-each-ref --sort -committerdate --format %(refname) %(objectname) %(*objectname) [4ms]
[2022-02-06T17:32:56.991Z] > git remote --verbose [2ms]
[2022-02-06T17:32:57.002Z] > git config --get commit.template [3ms]
[2022-02-06T17:32:58.179Z] > git symbolic-ref --short HEAD [2ms]
[2022-02-06T17:32:58.182Z] > git for-each-ref --format=%(refname)%00%(upstream:short)%00%(objectname)%00%(upstream:track) refs/heads/master refs/remotes/master [1ms]
[2022-02-06T17:32:58.188Z] > git for-each-ref --sort -committerdate --format %(refname) %(objectname) %(*objectname) [4ms]
[2022-02-06T17:32:58.189Z] > git remote --verbose [2ms]
[2022-02-06T17:32:58.195Z] > git config --get commit.template [1ms]
[2022-02-06T17:50:15.288Z] > git fetch [318ms]
[2022-02-06T17:50:15.297Z] > git symbolic-ref --short HEAD [1ms]
[2022-02-06T17:50:15.302Z] > git for-each-ref --format=%(refname)%00%(upstream:short)%00%(objectname)%00%(upstream:track) refs/heads/master refs/remotes/master [2ms]
[2022-02-06T17:50:15.313Z] > git for-each-ref --sort -committerdate --format %(refname) %(objectname) %(*objectname) [7ms]
[2022-02-06T17:50:15.315Z] > git remote --verbose [2ms]
[2022-02-06T17:50:15.322Z] > git fetch [348ms]
[2022-02-06T17:50:15.325Z] > git config --get commit.template [4ms]
[2022-02-06T17:50:15.331Z] > git symbolic-ref --short HEAD [1ms]
[2022-02-06T17:50:15.335Z] > git for-each-ref --format=%(refname)%00%(upstream:short)%00%(objectname)%00%(upstream:track) refs/heads/master refs/remotes/master [2ms]
[2022-02-06T17:50:15.340Z] > git for-each-ref --sort -committerdate --format %(refname) %(objectname) %(*objectname) [3ms]
[2022-02-06T17:50:15.342Z] > git remote --verbose [2ms]
[2022-02-06T17:50:15.347Z] > git config --get commit.template [1ms]
[2022-02-06T17:50:16.563Z] > git symbolic-ref --short HEAD [4ms]
[2022-02-06T17:50:16.566Z] > git symbolic-ref --short HEAD [4ms]
[2022-02-06T17:50:16.570Z] > git for-each-ref --format=%(refname)%00%(upstream:short)%00%(objectname)%00%(upstream:track) refs/heads/master refs/remotes/master [4ms]
[2022-02-06T17:50:16.577Z] > git for-each-ref --sort -committerdate --format %(refname) %(objectname) %(*objectname) [4ms]
[2022-02-06T17:50:16.577Z] > git for-each-ref --format=%(refname)%00%(upstream:short)%00%(objectname)%00%(upstream:track) refs/heads/master refs/remotes/master [8ms]
[2022-02-06T17:50:16.584Z] > git for-each-ref --sort -committerdate --format %(refname) %(objectname) %(*objectname) [4ms]
[2022-02-06T17:50:16.584Z] > git remote --verbose [8ms]
[2022-02-06T17:50:16.592Z] > git remote --verbose [9ms]
[2022-02-06T17:50:16.598Z] > git config --get commit.template [8ms]
[2022-02-06T17:50:16.600Z] > git config --get commit.template [3ms]
[2022-02-06T17:51:13.273Z] > git symbolic-ref --short HEAD [2ms]
[2022-02-06T17:51:13.277Z] > git for-each-ref --format=%(refname)%00%(upstream:short)%00%(objectname)%00%(upstream:track) refs/heads/master refs/remotes/master [1ms]
[2022-02-06T17:51:13.289Z] > git for-each-ref --sort -committerdate --format %(refname) %(objectname) %(*objectname) [10ms]
[2022-02-06T17:51:13.293Z] > git remote --verbose [5ms]
[2022-02-06T17:51:13.305Z] > git config --get commit.template [4ms]
[2022-02-06T17:51:18.316Z] > git symbolic-ref --short HEAD [2ms]
[2022-02-06T17:51:18.319Z] > git for-each-ref --format=%(refname)%00%(upstream:short)%00%(objectname)%00%(upstream:track) refs/heads/tuncay1 refs/remotes/tuncay1 [1ms]
[2022-02-06T17:51:18.325Z] > git for-each-ref --sort -committerdate --format %(refname) %(objectname) %(*objectname) [4ms]
[2022-02-06T17:51:18.326Z] > git remote --verbose [2ms]
[2022-02-06T17:51:18.331Z] > git config --get commit.template [1ms]
[2022-02-06T17:52:19.943Z] > git symbolic-ref --short HEAD [2ms]
[2022-02-06T17:52:19.946Z] > git for-each-ref --format=%(refname)%00%(upstream:short)%00%(objectname)%00%(upstream:track) refs/heads/deneme refs/remotes/deneme [1ms]
[2022-02-06T17:52:19.952Z] > git for-each-ref --sort -committerdate --format %(refname) %(objectname) %(*objectname) [4ms]
[2022-02-06T17:52:19.953Z] > git remote --verbose [2ms]
[2022-02-06T17:52:19.958Z] > git config --get commit.template [1ms]
[2022-02-06T17:53:08.702Z] > git symbolic-ref --short HEAD [1ms]
[2022-02-06T17:53:08.705Z] > git for-each-ref --format=%(refname)%00%(upstream:short)%00%(objectname)%00%(upstream:track) refs/heads/deneme refs/remotes/deneme [2ms]
[2022-02-06T17:53:08.710Z] > git for-each-ref --sort -committerdate --format %(refname) %(objectname) %(*objectname) [3ms]
[2022-02-06T17:53:08.712Z] > git remote --verbose [2ms]
[2022-02-06T17:53:08.716Z] > git config --get commit.template [1ms]
[2022-02-06T17:53:15.622Z] > git fetch [293ms]
[2022-02-06T17:53:15.630Z] > git symbolic-ref --short HEAD [1ms]
[2022-02-06T17:53:15.634Z] > git for-each-ref --format=%(refname)%00%(upstream:short)%00%(objectname)%00%(upstream:track) refs/heads/deneme refs/remotes/deneme [2ms]
[2022-02-06T17:53:15.639Z] > git for-each-ref --sort -committerdate --format %(refname) %(objectname) %(*objectname) [4ms]
[2022-02-06T17:53:15.641Z] > git remote --verbose [3ms]
[2022-02-06T17:53:15.645Z] > git config --get commit.template [1ms]
[2022-02-06T17:53:15.654Z] > git fetch [298ms]
[2022-02-06T17:53:15.661Z] > git symbolic-ref --short HEAD [2ms]
[2022-02-06T17:53:15.666Z] > git for-each-ref --format=%(refname)%00%(upstream:short)%00%(objectname)%00%(upstream:track) refs/heads/master refs/remotes/master [3ms]
[2022-02-06T17:53:15.671Z] > git for-each-ref --sort -committerdate --format %(refname) %(objectname) %(*objectname) [4ms]
[2022-02-06T17:53:15.672Z] > git remote --verbose [2ms]
[2022-02-06T17:53:15.680Z] > git config --get commit.template [1ms]
[2022-02-06T17:53:16.862Z] > git symbolic-ref --short HEAD [4ms]
[2022-02-06T17:53:16.865Z] > git symbolic-ref --short HEAD [3ms]
[2022-02-06T17:53:16.876Z] > git for-each-ref --format=%(refname)%00%(upstream:short)%00%(objectname)%00%(upstream:track) refs/heads/deneme refs/remotes/deneme [11ms]
[2022-02-06T17:53:16.886Z] > git for-each-ref --sort -committerdate --format %(refname) %(objectname) %(*objectname) [5ms]
[2022-02-06T17:53:16.887Z] > git for-each-ref --format=%(refname)%00%(upstream:short)%00%(objectname)%00%(upstream:track) refs/heads/master refs/remotes/master [11ms]
[2022-02-06T17:53:16.893Z] > git for-each-ref --sort -committerdate --format %(refname) %(objectname) %(*objectname) [4ms]
[2022-02-06T17:53:16.893Z] > git remote --verbose [9ms]
[2022-02-06T17:53:16.897Z] > git remote --verbose [5ms]
[2022-02-06T17:53:16.902Z] > git config --get commit.template [5ms]
[2022-02-06T17:53:16.904Z] > git config --get commit.template [2ms]
[2022-02-06T17:54:05.543Z] > git rev-parse --git-dir [2ms]
[2022-02-06T17:54:05.546Z] Open repository: /home/ec2-user
[2022-02-06T17:54:05.556Z] > git fetch [7ms]
[2022-02-06T17:54:05.578Z] > git symbolic-ref --short HEAD [2ms]
[2022-02-06T17:54:05.581Z] > git for-each-ref --format=%(refname)%00%(upstream:short)%00%(objectname)%00%(upstream:track) refs/heads/master refs/remotes/master [1ms]
[2022-02-06T17:54:05.588Z] > git for-each-ref --sort -committerdate --format %(refname) %(objectname) %(*objectname) [3ms]
[2022-02-06T17:54:05.590Z] > git remote --verbose [2ms]
[2022-02-06T17:54:06.284Z] > git config --get commit.template [638ms]
[2022-02-06T17:54:06.341Z] > git symbolic-ref --short HEAD [2ms]
[2022-02-06T17:54:06.344Z] > git for-each-ref --format=%(refname)%00%(upstream:short)%00%(objectname)%00%(upstream:track) refs/heads/master refs/remotes/master [1ms]
[2022-02-06T17:54:06.350Z] > git for-each-ref --sort -committerdate --format %(refname) %(objectname) %(*objectname) [4ms]
[2022-02-06T17:54:06.351Z] > git remote --verbose [2ms]
[2022-02-06T17:54:06.417Z] > git config --get commit.template [6ms]
[2022-02-06T17:54:07.364Z] > git ls-files --stage -- /home/ec2-user/asg.tf/creat.tf [36ms]
[2022-02-06T17:54:07.785Z] > git ls-files --stage -- /home/ec2-user/asg.tf/creat.tf [2ms]
[2022-02-06T17:54:10.485Z] > git symbolic-ref --short HEAD [2ms]
[2022-02-06T17:54:10.489Z] > git for-each-ref --format=%(refname)%00%(upstream:short)%00%(objectname)%00%(upstream:track) refs/heads/master refs/remotes/master [1ms]
[2022-02-06T17:54:10.494Z] > git for-each-ref --sort -committerdate --format %(refname) %(objectname) %(*objectname) [3ms]
[2022-02-06T17:54:10.496Z] > git remote --verbose [2ms]
[2022-02-06T17:54:10.532Z] > git config --get commit.template [2ms]
[2022-02-06T17:54:15.558Z] > git symbolic-ref --short HEAD [2ms]
[2022-02-06T17:54:15.562Z] > git for-each-ref --format=%(refname)%00%(upstream:short)%00%(objectname)%00%(upstream:track) refs/heads/master refs/remotes/master [2ms]
[2022-02-06T17:54:15.568Z] > git for-each-ref --sort -committerdate --format %(refname) %(objectname) %(*objectname) [3ms]
[2022-02-06T17:54:15.569Z] > git remote --verbose [2ms]
[2022-02-06T17:54:15.617Z] > git config --get commit.template [9ms]
[2022-02-06T17:54:20.697Z] > git symbolic-ref --short HEAD [16ms]
[2022-02-06T17:54:20.703Z] > git for-each-ref --format=%(refname)%00%(upstream:short)%00%(objectname)%00%(upstream:track) refs/heads/master refs/remotes/master [2ms]
[2022-02-06T17:54:20.709Z] > git for-each-ref --sort -committerdate --format %(refname) %(objectname) %(*objectname) [4ms]
[2022-02-06T17:54:20.710Z] > git remote --verbose [2ms]
[2022-02-06T17:54:20.746Z] > git config --get commit.template [2ms]
[2022-02-06T17:54:25.772Z] > git symbolic-ref --short HEAD [2ms]
[2022-02-06T17:54:25.775Z] > git for-each-ref --format=%(refname)%00%(upstream:short)%00%(objectname)%00%(upstream:track) refs/heads/master refs/remotes/master [1ms]
[2022-02-06T17:54:25.781Z] > git for-each-ref --sort -committerdate --format %(refname) %(objectname) %(*objectname) [4ms]
[2022-02-06T17:54:25.782Z] > git remote --verbose [2ms]
[2022-02-06T17:54:25.814Z] > git config --get commit.template [6ms]
[2022-02-06T17:54:29.447Z] > git ls-files --stage -- /home/ec2-user/asg.tf/creat.tf [2ms]
[2022-02-06T17:54:31.780Z] > git symbolic-ref --short HEAD [2ms]
[2022-02-06T17:54:31.784Z] > git for-each-ref --format=%(refname)%00%(upstream:short)%00%(objectname)%00%(upstream:track) refs/heads/deneme refs/remotes/deneme [1ms]
[2022-02-06T17:54:31.790Z] > git for-each-ref --sort -committerdate --format %(refname) %(objectname) %(*objectname) [4ms]
[2022-02-06T17:54:31.791Z] > git remote --verbose [2ms]
[2022-02-06T17:54:31.823Z] > git config --get commit.template [2ms]
[2022-02-06T17:54:36.895Z] > git symbolic-ref --short HEAD [16ms]
[2022-02-06T17:54:36.900Z] > git for-each-ref --format=%(refname)%00%(upstream:short)%00%(objectname)%00%(upstream:track) refs/heads/deneme refs/remotes/deneme [2ms]
[2022-02-06T17:54:36.906Z] > git for-each-ref --sort -committerdate --format %(refname) %(objectname) %(*objectname) [4ms]
[2022-02-06T17:54:36.907Z] > git remote --verbose [2ms]
[2022-02-06T17:54:36.941Z] > git config --get commit.template [2ms]
[2022-02-06T17:54:41.966Z] > git symbolic-ref --short HEAD [2ms]
[2022-02-06T17:54:41.969Z] > git for-each-ref --format=%(refname)%00%(upstream:short)%00%(objectname)%00%(upstream:track) refs/heads/deneme refs/remotes/deneme [1ms]
[2022-02-06T17:54:41.975Z] > git for-each-ref --sort -committerdate --format %(refname) %(objectname) %(*objectname) [4ms]
[2022-02-06T17:54:41.976Z] > git remote --verbose [2ms]
[2022-02-06T17:54:42.024Z] > git config --get commit.template [5ms]
[2022-02-06T17:54:47.048Z] > git symbolic-ref --short HEAD [2ms]
[2022-02-06T17:54:47.052Z] > git for-each-ref --format=%(refname)%00%(upstream:short)%00%(objectname)%00%(upstream:track) refs/heads/deneme refs/remotes/deneme [2ms]
[2022-02-06T17:54:47.058Z] > git for-each-ref --sort -committerdate --format %(refname) %(objectname) %(*objectname) [4ms]
[2022-02-06T17:54:47.059Z] > git remote --verbose [2ms]
[2022-02-06T17:54:47.092Z] > git config --get commit.template [5ms]
[2022-02-06T17:54:52.115Z] > git symbolic-ref --short HEAD [2ms]
[2022-02-06T17:54:52.119Z] > git for-each-ref --format=%(refname)%00%(upstream:short)%00%(objectname)%00%(upstream:track) refs/heads/deneme refs/remotes/deneme [2ms]
[2022-02-06T17:54:52.124Z] > git for-each-ref --sort -committerdate --format %(refname) %(objectname) %(*objectname) [3ms]
[2022-02-06T17:54:52.126Z] > git remote --verbose [2ms]
[2022-02-06T17:54:52.165Z] > git config --get commit.template [5ms]
[2022-02-06T17:54:57.189Z] > git symbolic-ref --short HEAD [2ms]
[2022-02-06T17:54:57.193Z] > git for-each-ref --format=%(refname)%00%(upstream:short)%00%(objectname)%00%(upstream:track) refs/heads/deneme refs/remotes/deneme [2ms]
[2022-02-06T17:54:57.198Z] > git for-each-ref --sort -committerdate --format %(refname) %(objectname) %(*objectname) [3ms]
[2022-02-06T17:54:57.200Z] > git remote --verbose [2ms]
[2022-02-06T17:54:57.232Z] > git config --get commit.template [5ms]
[2022-02-06T17:55:02.258Z] > git symbolic-ref --short HEAD [2ms]
[2022-02-06T17:55:02.263Z] > git for-each-ref --format=%(refname)%00%(upstream:short)%00%(objectname)%00%(upstream:track) refs/heads/deneme refs/remotes/deneme [2ms]
[2022-02-06T17:55:02.270Z] > git for-each-ref --sort -committerdate --format %(refname) %(objectname) %(*objectname) [4ms]
[2022-02-06T17:55:02.271Z] > git remote --verbose [2ms]
[2022-02-06T17:55:02.310Z] > git config --get commit.template [6ms]
[2022-02-06T17:55:07.336Z] > git symbolic-ref --short HEAD [2ms]
[2022-02-06T17:55:07.340Z] > git for-each-ref --format=%(refname)%00%(upstream:short)%00%(objectname)%00%(upstream:track) refs/heads/deneme refs/remotes/deneme [1ms]
[2022-02-06T17:55:07.351Z] > git for-each-ref --sort -committerdate --format %(refname) %(objectname) %(*objectname) [8ms]
[2022-02-06T17:55:07.353Z] > git remote --verbose [7ms]
[2022-02-06T17:55:07.390Z] > git config --get commit.template [6ms]
[2022-02-06T17:55:12.415Z] > git symbolic-ref --short HEAD [2ms]
[2022-02-06T17:55:12.419Z] > git for-each-ref --format=%(refname)%00%(upstream:short)%00%(objectname)%00%(upstream:track) refs/heads/deneme refs/remotes/deneme [2ms]
[2022-02-06T17:55:12.425Z] > git for-each-ref --sort -committerdate --format %(refname) %(objectname) %(*objectname) [4ms]
[2022-02-06T17:55:12.426Z] > git remote --verbose [2ms]
[2022-02-06T17:55:12.459Z] > git config --get commit.template [6ms]
[2022-02-06T17:55:17.484Z] > git symbolic-ref --short HEAD [2ms]
[2022-02-06T17:55:17.487Z] > git for-each-ref --format=%(refname)%00%(upstream:short)%00%(objectname)%00%(upstream:track) refs/heads/deneme refs/remotes/deneme [1ms]
[2022-02-06T17:55:17.493Z] > git for-each-ref --sort -committerdate --format %(refname) %(objectname) %(*objectname) [3ms]
[2022-02-06T17:55:17.494Z] > git remote --verbose [2ms]
[2022-02-06T17:55:17.530Z] > git config --get commit.template [5ms]
[2022-02-06T17:55:22.554Z] > git symbolic-ref --short HEAD [2ms]
[2022-02-06T17:55:22.558Z] > git for-each-ref --format=%(refname)%00%(upstream:short)%00%(objectname)%00%(upstream:track) refs/heads/deneme refs/remotes/deneme [1ms]
[2022-02-06T17:55:22.564Z] > git for-each-ref --sort -committerdate --format %(refname) %(objectname) %(*objectname) [3ms]
[2022-02-06T17:55:22.566Z] > git remote --verbose [2ms]
[2022-02-06T17:55:22.601Z] > git config --get commit.template [6ms]
[2022-02-06T17:55:27.634Z] > git symbolic-ref --short HEAD [2ms]
[2022-02-06T17:55:27.638Z] > git for-each-ref --format=%(refname)%00%(upstream:short)%00%(objectname)%00%(upstream:track) refs/heads/deneme refs/remotes/deneme [1ms]
[2022-02-06T17:55:27.644Z] > git for-each-ref --sort -committerdate --format %(refname) %(objectname) %(*objectname) [4ms]
[2022-02-06T17:55:27.645Z] > git remote --verbose [2ms]
[2022-02-06T17:55:27.683Z] > git config --get commit.template [5ms]
[2022-02-06T17:55:32.709Z] > git symbolic-ref --short HEAD [2ms]
[2022-02-06T17:55:32.712Z] > git for-each-ref --format=%(refname)%00%(upstream:short)%00%(objectname)%00%(upstream:track) refs/heads/deneme refs/remotes/deneme [1ms]
[2022-02-06T17:55:32.718Z] > git for-each-ref --sort -committerdate --format %(refname) %(objectname) %(*objectname) [3ms]
[2022-02-06T17:55:32.720Z] > git remote --verbose [2ms]
[2022-02-06T17:55:32.752Z] > git config --get commit.template [5ms]
[2022-02-06T17:55:39.055Z] > git symbolic-ref --short HEAD [2ms]
[2022-02-06T17:55:39.058Z] > git for-each-ref --format=%(refname)%00%(upstream:short)%00%(objectname)%00%(upstream:track) refs/heads/deneme refs/remotes/deneme [1ms]
[2022-02-06T17:55:39.064Z] > git for-each-ref --sort -committerdate --format %(refname) %(objectname) %(*objectname) [3ms]
[2022-02-06T17:55:39.066Z] > git remote --verbose [2ms]
[2022-02-06T17:55:39.100Z] > git config --get commit.template [2ms]
[2022-02-06T17:55:44.125Z] > git symbolic-ref --short HEAD [2ms]
[2022-02-06T17:55:44.130Z] > git for-each-ref --format=%(refname)%00%(upstream:short)%00%(objectname)%00%(upstream:track) refs/heads/deneme refs/remotes/deneme [2ms]
[2022-02-06T17:55:44.138Z] > git for-each-ref --sort -committerdate --format %(refname) %(objectname) %(*objectname) [4ms]
[2022-02-06T17:55:44.139Z] > git remote --verbose [2ms]
[2022-02-06T17:55:44.176Z] > git config --get commit.template [6ms]
[2022-02-06T17:56:12.871Z] > git symbolic-ref --short HEAD [2ms]
[2022-02-06T17:56:12.875Z] > git for-each-ref --format=%(refname)%00%(upstream:short)%00%(objectname)%00%(upstream:track) refs/heads/deneme refs/remotes/deneme [2ms]
[2022-02-06T17:56:12.887Z] > git for-each-ref --sort -committerdate --format %(refname) %(objectname) %(*objectname) [10ms]
[2022-02-06T17:56:12.888Z] > git remote --verbose [8ms]
[2022-02-06T17:56:12.927Z] > git config --get commit.template [3ms]
[2022-02-06T17:56:15.943Z] > git fetch [293ms]
[2022-02-06T17:56:15.954Z] > git symbolic-ref --short HEAD [2ms]
[2022-02-06T17:56:15.958Z] > git for-each-ref --format=%(refname)%00%(upstream:short)%00%(objectname)%00%(upstream:track) refs/heads/deneme refs/remotes/deneme [2ms]
[2022-02-06T17:56:15.966Z] > git for-each-ref --sort -committerdate --format %(refname) %(objectname) %(*objectname) [5ms]
[2022-02-06T17:56:15.968Z] > git remote --verbose [3ms]
[2022-02-06T17:56:15.974Z] > git config --get commit.template [2ms]
[2022-02-06T17:56:16.267Z] > git fetch [580ms]
[2022-02-06T17:56:16.267Z] From https://github.com/azizvelat/exam
 * [new branch]      deneme     -> origin/deneme
[2022-02-06T17:56:16.277Z] > git symbolic-ref --short HEAD [2ms]
[2022-02-06T17:56:16.281Z] > git for-each-ref --format=%(refname)%00%(upstream:short)%00%(objectname)%00%(upstream:track) refs/heads/master refs/remotes/master [2ms]
[2022-02-06T17:56:16.287Z] > git for-each-ref --sort -committerdate --format %(refname) %(objectname) %(*objectname) [4ms]
[2022-02-06T17:56:16.288Z] > git remote --verbose [2ms]
[2022-02-06T17:56:16.297Z] > git config --get commit.template [2ms]
[2022-02-06T17:56:17.159Z] > git symbolic-ref --short HEAD [1ms]
[2022-02-06T17:56:17.164Z] > git for-each-ref --format=%(refname)%00%(upstream:short)%00%(objectname)%00%(upstream:track) refs/heads/deneme refs/remotes/deneme [2ms]
[2022-02-06T17:56:17.172Z] > git for-each-ref --sort -committerdate --format %(refname) %(objectname) %(*objectname) [5ms]
[2022-02-06T17:56:17.175Z] > git remote --verbose [4ms]
[2022-02-06T17:56:17.181Z] > git config --get commit.template [2ms]
[2022-02-06T17:56:17.479Z] > git symbolic-ref --short HEAD [2ms]
[2022-02-06T17:56:17.484Z] > git for-each-ref --format=%(refname)%00%(upstream:short)%00%(objectname)%00%(upstream:track) refs/heads/master refs/remotes/master [3ms]
[2022-02-06T17:56:17.490Z] > git for-each-ref --sort -committerdate --format %(refname) %(objectname) %(*objectname) [4ms]
[2022-02-06T17:56:17.491Z] > git remote --verbose [2ms]
[2022-02-06T17:56:17.497Z] > git config --get commit.template [1ms]
[2022-02-06T17:56:17.950Z] > git symbolic-ref --short HEAD [1ms]
[2022-02-06T17:56:17.954Z] > git for-each-ref --format=%(refname)%00%(upstream:short)%00%(objectname)%00%(upstream:track) refs/heads/deneme refs/remotes/deneme [1ms]
[2022-02-06T17:56:17.960Z] > git for-each-ref --sort -committerdate --format %(refname) %(objectname) %(*objectname) [3ms]
[2022-02-06T17:56:17.961Z] > git remote --verbose [2ms]
[2022-02-06T17:56:17.995Z] > git config --get commit.template [2ms]
[2022-02-06T18:00:56.749Z] > git fetch [15ms]
[2022-02-06T18:00:56.791Z] > git symbolic-ref --short HEAD [4ms]
[2022-02-06T18:00:56.796Z] > git for-each-ref --format=%(refname)%00%(upstream:short)%00%(objectname)%00%(upstream:track) refs/heads/deneme refs/remotes/deneme [1ms]
[2022-02-06T18:00:56.803Z] > git for-each-ref --sort -committerdate --format %(refname) %(objectname) %(*objectname) [5ms]
[2022-02-06T18:00:56.806Z] > git remote --verbose [3ms]
[2022-02-06T18:00:56.847Z] > git config --get commit.template [2ms]
[2022-02-06T18:00:56.871Z] > git symbolic-ref --short HEAD [2ms]
[2022-02-06T18:00:56.874Z] > git for-each-ref --format=%(refname)%00%(upstream:short)%00%(objectname)%00%(upstream:track) refs/heads/deneme refs/remotes/deneme [1ms]
[2022-02-06T18:00:56.880Z] > git for-each-ref --sort -committerdate --format %(refname) %(objectname) %(*objectname) [4ms]
[2022-02-06T18:00:56.881Z] > git remote --verbose [2ms]
[2022-02-06T18:00:56.910Z] > git config --get commit.template [2ms]
[2022-02-06T18:00:57.711Z] > git fetch [968ms]
[2022-02-06T18:00:57.733Z] > git fetch [994ms]
[2022-02-06T18:00:57.774Z] > git symbolic-ref --short HEAD [5ms]
[2022-02-06T18:00:57.778Z] > git symbolic-ref --short HEAD [5ms]
[2022-02-06T18:00:57.786Z] > git for-each-ref --format=%(refname)%00%(upstream:short)%00%(objectname)%00%(upstream:track) refs/heads/master refs/remotes/master [9ms]
[2022-02-06T18:00:57.806Z] > git for-each-ref --sort -committerdate --format %(refname) %(objectname) %(*objectname) [13ms]
[2022-02-06T18:00:57.806Z] > git for-each-ref --format=%(refname)%00%(upstream:short)%00%(objectname)%00%(upstream:track) refs/heads/deneme refs/remotes/deneme [20ms]
[2022-02-06T18:00:57.813Z] > git for-each-ref --sort -committerdate --format %(refname) %(objectname) %(*objectname) [4ms]
[2022-02-06T18:00:57.814Z] > git remote --verbose [17ms]
[2022-02-06T18:00:57.820Z] > git remote --verbose [8ms]
[2022-02-06T18:00:57.825Z] > git config --get commit.template [6ms]
[2022-02-06T18:00:57.831Z] > git config --get commit.template [6ms]
[2022-02-06T18:00:58.849Z] > git symbolic-ref --short HEAD [4ms]
[2022-02-06T18:00:58.853Z] > git symbolic-ref --short HEAD [4ms]
[2022-02-06T18:00:58.858Z] > git for-each-ref --format=%(refname)%00%(upstream:short)%00%(objectname)%00%(upstream:track) refs/heads/deneme refs/remotes/deneme [5ms]
[2022-02-06T18:00:58.866Z] > git for-each-ref --sort -committerdate --format %(refname) %(objectname) %(*objectname) [4ms]
[2022-02-06T18:00:58.866Z] > git for-each-ref --format=%(refname)%00%(upstream:short)%00%(objectname)%00%(upstream:track) refs/heads/master refs/remotes/master [9ms]
[2022-02-06T18:00:58.874Z] > git for-each-ref --sort -committerdate --format %(refname) %(objectname) %(*objectname) [5ms]
[2022-02-06T18:00:58.874Z] > git remote --verbose [9ms]
[2022-02-06T18:00:58.879Z] > git remote --verbose [6ms]
[2022-02-06T18:00:58.885Z] > git config --get commit.template [6ms]
[2022-02-06T18:00:58.886Z] > git config --get commit.template [2ms]
[2022-02-06T18:00:59.055Z] > git ls-files --stage -- /home/ec2-user/asg.tf/creat.tf [2ms]
[2022-02-06T18:01:01.876Z] > git symbolic-ref --short HEAD [2ms]
[2022-02-06T18:01:01.882Z] > git for-each-ref --format=%(refname)%00%(upstream:short)%00%(objectname)%00%(upstream:track) refs/heads/deneme refs/remotes/deneme [2ms]
[2022-02-06T18:01:01.890Z] > git for-each-ref --sort -committerdate --format %(refname) %(objectname) %(*objectname) [5ms]
[2022-02-06T18:01:01.892Z] > git remote --verbose [3ms]
[2022-02-06T18:01:01.933Z] > git config --get commit.template [6ms]
[2022-02-06T18:01:03.749Z] > git ls-files --stage -- /home/ec2-user/Terraform-Project/autoscalling/main.tf [4ms]
[2022-02-06T18:01:03.754Z] > git cat-file -s 42f2283756259fa1e71cbf1ba6f0144daa1a4075 [2ms]
[2022-02-06T18:01:06.958Z] > git symbolic-ref --short HEAD [2ms]
[2022-02-06T18:01:06.962Z] > git for-each-ref --format=%(refname)%00%(upstream:short)%00%(objectname)%00%(upstream:track) refs/heads/deneme refs/remotes/deneme [2ms]
[2022-02-06T18:01:06.968Z] > git for-each-ref --sort -committerdate --format %(refname) %(objectname) %(*objectname) [4ms]
[2022-02-06T18:01:06.969Z] > git remote --verbose [2ms]
[2022-02-06T18:01:07.001Z] > git config --get commit.template [2ms]
[2022-02-06T18:01:12.027Z] > git symbolic-ref --short HEAD [2ms]
[2022-02-06T18:01:12.032Z] > git for-each-ref --format=%(refname)%00%(upstream:short)%00%(objectname)%00%(upstream:track) refs/heads/deneme refs/remotes/deneme [2ms]
[2022-02-06T18:01:12.039Z] > git for-each-ref --sort -committerdate --format %(refname) %(objectname) %(*objectname) [5ms]
[2022-02-06T18:01:12.040Z] > git remote --verbose [2ms]
[2022-02-06T18:01:12.081Z] > git config --get commit.template [5ms]
[2022-02-06T18:01:17.105Z] > git symbolic-ref --short HEAD [2ms]
[2022-02-06T18:01:17.110Z] > git for-each-ref --format=%(refname)%00%(upstream:short)%00%(objectname)%00%(upstream:track) refs/heads/deneme refs/remotes/deneme [1ms]
[2022-02-06T18:01:17.117Z] > git for-each-ref --sort -committerdate --format %(refname) %(objectname) %(*objectname) [3ms]
[2022-02-06T18:01:17.118Z] > git remote --verbose [2ms]
[2022-02-06T18:01:17.154Z] > git config --get commit.template [6ms]
[2022-02-06T18:01:29.781Z] > git symbolic-ref --short HEAD [2ms]
[2022-02-06T18:01:29.784Z] > git for-each-ref --format=%(refname)%00%(upstream:short)%00%(objectname)%00%(upstream:track) refs/heads/deneme refs/remotes/deneme [1ms]
[2022-02-06T18:01:29.790Z] > git for-each-ref --sort -committerdate --format %(refname) %(objectname) %(*objectname) [3ms]
[2022-02-06T18:01:29.792Z] > git remote --verbose [2ms]
[2022-02-06T18:01:29.842Z] > git config --get commit.template [3ms]
[2022-02-06T18:01:34.866Z] > git symbolic-ref --short HEAD [2ms]
[2022-02-06T18:01:34.870Z] > git for-each-ref --format=%(refname)%00%(upstream:short)%00%(objectname)%00%(upstream:track) refs/heads/deneme refs/remotes/deneme [2ms]
[2022-02-06T18:01:34.876Z] > git for-each-ref --sort -committerdate --format %(refname) %(objectname) %(*objectname) [4ms]
[2022-02-06T18:01:34.878Z] > git remote --verbose [2ms]
[2022-02-06T18:01:34.915Z] > git config --get commit.template [6ms]
[2022-02-06T18:01:39.940Z] > git symbolic-ref --short HEAD [2ms]
[2022-02-06T18:01:39.943Z] > git for-each-ref --format=%(refname)%00%(upstream:short)%00%(objectname)%00%(upstream:track) refs/heads/deneme refs/remotes/deneme [1ms]
[2022-02-06T18:01:39.949Z] > git for-each-ref --sort -committerdate --format %(refname) %(objectname) %(*objectname) [4ms]
[2022-02-06T18:01:39.950Z] > git remote --verbose [2ms]
[2022-02-06T18:01:39.983Z] > git config --get commit.template [6ms]
[2022-02-06T18:01:54.618Z] > git symbolic-ref --short HEAD [2ms]
[2022-02-06T18:01:54.622Z] > git for-each-ref --format=%(refname)%00%(upstream:short)%00%(objectname)%00%(upstream:track) refs/heads/deneme refs/remotes/deneme [2ms]
[2022-02-06T18:01:54.628Z] > git for-each-ref --sort -committerdate --format %(refname) %(objectname) %(*objectname) [4ms]
[2022-02-06T18:01:54.629Z] > git remote --verbose [2ms]
[2022-02-06T18:01:54.667Z] > git config --get commit.template [2ms]
[2022-02-06T18:02:11.602Z] > git symbolic-ref --short HEAD [2ms]
[2022-02-06T18:02:11.605Z] > git for-each-ref --format=%(refname)%00%(upstream:short)%00%(objectname)%00%(upstream:track) refs/heads/deneme refs/remotes/deneme [1ms]
[2022-02-06T18:02:11.612Z] > git for-each-ref --sort -committerdate --format %(refname) %(objectname) %(*objectname) [4ms]
[2022-02-06T18:02:11.613Z] > git remote --verbose [2ms]
[2022-02-06T18:02:11.651Z] > git config --get commit.template [1ms]
[2022-02-06T18:02:16.677Z] > git symbolic-ref --short HEAD [2ms]
[2022-02-06T18:02:16.681Z] > git for-each-ref --format=%(refname)%00%(upstream:short)%00%(objectname)%00%(upstream:track) refs/heads/deneme refs/remotes/deneme [1ms]
[2022-02-06T18:02:16.687Z] > git for-each-ref --sort -committerdate --format %(refname) %(objectname) %(*objectname) [4ms]
[2022-02-06T18:02:16.689Z] > git remote --verbose [3ms]
[2022-02-06T18:02:16.720Z] > git config --get commit.template [5ms]
[2022-02-06T18:02:21.745Z] > git symbolic-ref --short HEAD [2ms]
[2022-02-06T18:02:21.748Z] > git for-each-ref --format=%(refname)%00%(upstream:short)%00%(objectname)%00%(upstream:track) refs/heads/deneme refs/remotes/deneme [1ms]
[2022-02-06T18:02:21.754Z] > git for-each-ref --sort -committerdate --format %(refname) %(objectname) %(*objectname) [3ms]
[2022-02-06T18:02:21.756Z] > git remote --verbose [2ms]
[2022-02-06T18:02:21.791Z] > git config --get commit.template [5ms]
[2022-02-06T18:02:26.816Z] > git symbolic-ref --short HEAD [2ms]
[2022-02-06T18:02:26.820Z] > git for-each-ref --format=%(refname)%00%(upstream:short)%00%(objectname)%00%(upstream:track) refs/heads/deneme refs/remotes/deneme [1ms]
[2022-02-06T18:02:26.826Z] > git for-each-ref --sort -committerdate --format %(refname) %(objectname) %(*objectname) [4ms]
[2022-02-06T18:02:26.827Z] > git remote --verbose [2ms]
[2022-02-06T18:02:26.864Z] > git config --get commit.template [7ms]
[2022-02-06T18:02:31.888Z] > git symbolic-ref --short HEAD [2ms]
[2022-02-06T18:02:31.892Z] > git for-each-ref --format=%(refname)%00%(upstream:short)%00%(objectname)%00%(upstream:track) refs/heads/deneme refs/remotes/deneme [2ms]
[2022-02-06T18:02:31.897Z] > git for-each-ref --sort -committerdate --format %(refname) %(objectname) %(*objectname) [3ms]
[2022-02-06T18:02:31.899Z] > git remote --verbose [2ms]
[2022-02-06T18:02:31.931Z] > git config --get commit.template [5ms]
[2022-02-06T18:02:37.889Z] > git symbolic-ref --short HEAD [1ms]
[2022-02-06T18:02:37.893Z] > git for-each-ref --format=%(refname)%00%(upstream:short)%00%(objectname)%00%(upstream:track) refs/heads/deneme refs/remotes/deneme [1ms]
[2022-02-06T18:02:37.899Z] > git for-each-ref --sort -committerdate --format %(refname) %(objectname) %(*objectname) [3ms]
[2022-02-06T18:02:37.901Z] > git remote --verbose [2ms]
[2022-02-06T18:02:37.939Z] > git config --get commit.template [2ms]
[2022-02-06T18:02:41.171Z] > git symbolic-ref --short HEAD [3ms]
[2022-02-06T18:02:41.180Z] > git for-each-ref --format=%(refname)%00%(upstream:short)%00%(objectname)%00%(upstream:track) refs/heads/deneme refs/remotes/deneme [4ms]
[2022-02-06T18:02:41.192Z] > git for-each-ref --sort -committerdate --format %(refname) %(objectname) %(*objectname) [4ms]
[2022-02-06T18:02:41.195Z] > git remote --verbose [4ms]
[2022-02-06T18:02:41.205Z] > git config --get commit.template [2ms]
[2022-02-06T18:02:43.096Z] > git symbolic-ref --short HEAD [4ms]
[2022-02-06T18:02:43.106Z] > git for-each-ref --format=%(refname)%00%(upstream:short)%00%(objectname)%00%(upstream:track) refs/heads/deneme refs/remotes/deneme [1ms]
[2022-02-06T18:02:43.115Z] > git for-each-ref --sort -committerdate --format %(refname) %(objectname) %(*objectname) [3ms]
[2022-02-06T18:02:43.120Z] > git remote --verbose [5ms]
[2022-02-06T18:02:43.178Z] > git config --get commit.template [6ms]
[2022-02-06T18:02:48.018Z] > git symbolic-ref --short HEAD [2ms]
[2022-02-06T18:02:48.022Z] > git for-each-ref --format=%(refname)%00%(upstream:short)%00%(objectname)%00%(upstream:track) refs/heads/deneme refs/remotes/deneme [1ms]
[2022-02-06T18:02:48.029Z] > git for-each-ref --sort -committerdate --format %(refname) %(objectname) %(*objectname) [4ms]
[2022-02-06T18:02:48.030Z] > git remote --verbose [2ms]
[2022-02-06T18:02:48.035Z] > git config --get commit.template [1ms]
[2022-02-06T18:02:48.204Z] > git symbolic-ref --short HEAD [2ms]
[2022-02-06T18:02:48.208Z] > git for-each-ref --format=%(refname)%00%(upstream:short)%00%(objectname)%00%(upstream:track) refs/heads/deneme refs/remotes/deneme [2ms]
[2022-02-06T18:02:48.214Z] > git for-each-ref --sort -committerdate --format %(refname) %(objectname) %(*objectname) [3ms]
[2022-02-06T18:02:48.216Z] > git remote --verbose [2ms]
[2022-02-06T18:02:48.248Z] > git config --get commit.template [5ms]
[2022-02-06T18:02:53.273Z] > git symbolic-ref --short HEAD [2ms]
[2022-02-06T18:02:53.277Z] > git for-each-ref --format=%(refname)%00%(upstream:short)%00%(objectname)%00%(upstream:track) refs/heads/deneme refs/remotes/deneme [2ms]
[2022-02-06T18:02:53.282Z] > git for-each-ref --sort -committerdate --format %(refname) %(objectname) %(*objectname) [3ms]
[2022-02-06T18:02:53.284Z] > git remote --verbose [2ms]
[2022-02-06T18:02:53.320Z] > git config --get commit.template [5ms]
[2022-02-06T18:02:56.643Z] > git symbolic-ref --short HEAD [2ms]
[2022-02-06T18:02:56.647Z] > git for-each-ref --format=%(refname)%00%(upstream:short)%00%(objectname)%00%(upstream:track) refs/heads/deneme refs/remotes/deneme [1ms]
[2022-02-06T18:02:56.653Z] > git for-each-ref --sort -committerdate --format %(refname) %(objectname) %(*objectname) [4ms]
[2022-02-06T18:02:56.655Z] > git remote --verbose [2ms]
[2022-02-06T18:02:56.662Z] > git config --get commit.template [4ms]
[2022-02-06T18:02:58.343Z] > git symbolic-ref --short HEAD [2ms]
[2022-02-06T18:02:58.347Z] > git for-each-ref --format=%(refname)%00%(upstream:short)%00%(objectname)%00%(upstream:track) refs/heads/deneme refs/remotes/deneme [2ms]
[2022-02-06T18:02:58.352Z] > git for-each-ref --sort -committerdate --format %(refname) %(objectname) %(*objectname) [3ms]
[2022-02-06T18:02:58.354Z] > git remote --verbose [2ms]
[2022-02-06T18:02:58.389Z] > git config --get commit.template [7ms]
[2022-02-06T18:03:03.413Z] > git symbolic-ref --short HEAD [2ms]
[2022-02-06T18:03:03.417Z] > git for-each-ref --format=%(refname)%00%(upstream:short)%00%(objectname)%00%(upstream:track) refs/heads/deneme refs/remotes/deneme [1ms]
[2022-02-06T18:03:03.425Z] > git for-each-ref --sort -committerdate --format %(refname) %(objectname) %(*objectname) [4ms]
[2022-02-06T18:03:03.427Z] > git remote --verbose [2ms]
[2022-02-06T18:03:03.459Z] > git config --get commit.template [6ms]
[2022-02-06T18:03:08.484Z] > git symbolic-ref --short HEAD [2ms]
[2022-02-06T18:03:08.488Z] > git for-each-ref --format=%(refname)%00%(upstream:short)%00%(objectname)%00%(upstream:track) refs/heads/deneme refs/remotes/deneme [2ms]
[2022-02-06T18:03:08.493Z] > git for-each-ref --sort -committerdate --format %(refname) %(objectname) %(*objectname) [3ms]
[2022-02-06T18:03:08.495Z] > git remote --verbose [2ms]
[2022-02-06T18:03:08.531Z] > git config --get commit.template [5ms]
[2022-02-06T18:03:11.925Z] > git symbolic-ref --short HEAD [2ms]
[2022-02-06T18:03:11.929Z] > git for-each-ref --format=%(refname)%00%(upstream:short)%00%(objectname)%00%(upstream:track) refs/heads/deneme refs/remotes/deneme [2ms]
[2022-02-06T18:03:11.935Z] > git for-each-ref --sort -committerdate --format %(refname) %(objectname) %(*objectname) [4ms]
[2022-02-06T18:03:11.937Z] > git remote --verbose [2ms]
[2022-02-06T18:03:11.941Z] > git config --get commit.template [1ms]
[2022-02-06T18:03:13.555Z] > git symbolic-ref --short HEAD [2ms]
[2022-02-06T18:03:13.558Z] > git for-each-ref --format=%(refname)%00%(upstream:short)%00%(objectname)%00%(upstream:track) refs/heads/deneme refs/remotes/deneme [1ms]
[2022-02-06T18:03:13.564Z] > git for-each-ref --sort -committerdate --format %(refname) %(objectname) %(*objectname) [3ms]
[2022-02-06T18:03:13.566Z] > git remote --verbose [2ms]
[2022-02-06T18:03:13.601Z] > git config --get commit.template [7ms]
[2022-02-06T18:03:18.592Z] > git symbolic-ref --short HEAD [2ms]
[2022-02-06T18:03:18.596Z] > git for-each-ref --format=%(refname)%00%(upstream:short)%00%(objectname)%00%(upstream:track) refs/heads/deneme refs/remotes/deneme [2ms]
[2022-02-06T18:03:18.606Z] > git remote --verbose [5ms]
[2022-02-06T18:03:18.606Z] > git for-each-ref --sort -committerdate --format %(refname) %(objectname) %(*objectname) [8ms]
[2022-02-06T18:03:18.616Z] > git config --get commit.template [4ms]
[2022-02-06T18:03:18.630Z] > git symbolic-ref --short HEAD [2ms]
[2022-02-06T18:03:18.634Z] > git for-each-ref --format=%(refname)%00%(upstream:short)%00%(objectname)%00%(upstream:track) refs/heads/deneme refs/remotes/deneme [1ms]
[2022-02-06T18:03:18.640Z] > git for-each-ref --sort -committerdate --format %(refname) %(objectname) %(*objectname) [4ms]
[2022-02-06T18:03:18.641Z] > git remote --verbose [2ms]
[2022-02-06T18:03:18.678Z] > git config --get commit.template [2ms]
[2022-02-06T18:03:23.702Z] > git symbolic-ref --short HEAD [2ms]
[2022-02-06T18:03:23.706Z] > git for-each-ref --format=%(refname)%00%(upstream:short)%00%(objectname)%00%(upstream:track) refs/heads/deneme refs/remotes/deneme [2ms]
[2022-02-06T18:03:23.712Z] > git for-each-ref --sort -committerdate --format %(refname) %(objectname) %(*objectname) [4ms]
[2022-02-06T18:03:23.713Z] > git remote --verbose [1ms]
[2022-02-06T18:03:23.746Z] > git config --get commit.template [6ms]
[2022-02-06T18:03:25.603Z] > git symbolic-ref --short HEAD [1ms]
[2022-02-06T18:03:25.606Z] > git for-each-ref --format=%(refname)%00%(upstream:short)%00%(objectname)%00%(upstream:track) refs/heads/deneme refs/remotes/deneme [1ms]
[2022-02-06T18:03:25.612Z] > git for-each-ref --sort -committerdate --format %(refname) %(objectname) %(*objectname) [3ms]
[2022-02-06T18:03:25.614Z] > git remote --verbose [2ms]
[2022-02-06T18:03:25.619Z] > git config --get commit.template [2ms]
