[2022-02-07T00:58:33.835Z] Validating found git in: git
[2022-02-07T00:58:33.906Z] Using git 2.32.0 from git
[2022-02-07T00:58:33.996Z] > git rev-parse --git-dir [23ms]
[2022-02-07T00:58:34.005Z] Open repository: /home/ec2-user
[2022-02-07T00:58:34.021Z] > git fetch [8ms]
[2022-02-07T00:58:34.049Z] > git symbolic-ref --short HEAD [4ms]
[2022-02-07T00:58:34.053Z] > git for-each-ref --format=%(refname)%00%(upstream:short)%00%(objectname)%00%(upstream:track) refs/heads/deneme refs/remotes/deneme [1ms]
[2022-02-07T00:58:34.060Z] > git for-each-ref --sort -committerdate --format %(refname) %(objectname) %(*objectname) [4ms]
[2022-02-07T00:58:34.062Z] > git remote --verbose [3ms]
[2022-02-07T00:58:34.795Z] > git config --get commit.template [17ms]
[2022-02-07T00:58:34.909Z] > git symbolic-ref --short HEAD [8ms]
[2022-02-07T00:58:34.917Z] > git for-each-ref --format=%(refname)%00%(upstream:short)%00%(objectname)%00%(upstream:track) refs/heads/deneme refs/remotes/deneme [5ms]
[2022-02-07T00:58:34.923Z] > git for-each-ref --sort -committerdate --format %(refname) %(objectname) %(*objectname) [4ms]
[2022-02-07T00:58:34.943Z] > git remote --verbose [21ms]
[2022-02-07T00:58:35.025Z] > git config --get commit.template [22ms]
[2022-02-07T00:58:48.061Z] > git ls-files --stage -- /home/ec2-user/deneme/bob.tf [10ms]
[2022-02-07T00:58:48.479Z] > git symbolic-ref --short HEAD [3ms]
[2022-02-07T00:58:48.482Z] > git for-each-ref --format=%(refname)%00%(upstream:short)%00%(objectname)%00%(upstream:track) refs/heads/deneme refs/remotes/deneme [1ms]
[2022-02-07T00:58:48.488Z] > git for-each-ref --sort -committerdate --format %(refname) %(objectname) %(*objectname) [4ms]
[2022-02-07T00:58:48.490Z] > git remote --verbose [3ms]
[2022-02-07T00:58:48.532Z] > git config --get commit.template [3ms]
[2022-02-07T00:59:26.841Z] > git symbolic-ref --short HEAD [2ms]
[2022-02-07T00:59:26.845Z] > git for-each-ref --format=%(refname)%00%(upstream:short)%00%(objectname)%00%(upstream:track) refs/heads/deneme refs/remotes/deneme [1ms]
[2022-02-07T00:59:26.851Z] > git for-each-ref --sort -committerdate --format %(refname) %(objectname) %(*objectname) [4ms]
[2022-02-07T00:59:26.853Z] > git remote --verbose [3ms]
[2022-02-07T00:59:26.897Z] > git config --get commit.template [3ms]
[2022-02-07T00:59:27.811Z] > git ls-files --stage -- /home/ec2-user/deneme/bob.tf [3ms]
