[2022-02-07T01:00:33.287Z] Validating found git in: git
[2022-02-07T01:00:33.330Z] Using git 2.32.0 from git
[2022-02-07T01:00:33.409Z] > git rev-parse --git-dir [24ms]
[2022-02-07T01:00:33.416Z] Open repository: /home/ec2-user
[2022-02-07T01:00:33.437Z] > git fetch [14ms]
[2022-02-07T01:00:33.456Z] > git symbolic-ref --short HEAD [2ms]
[2022-02-07T01:00:33.460Z] > git for-each-ref --format=%(refname)%00%(upstream:short)%00%(objectname)%00%(upstream:track) refs/heads/deneme refs/remotes/deneme [1ms]
[2022-02-07T01:00:33.467Z] > git for-each-ref --sort -committerdate --format %(refname) %(objectname) %(*objectname) [5ms]
[2022-02-07T01:00:33.468Z] > git remote --verbose [3ms]
[2022-02-07T01:00:34.268Z] > git config --get commit.template [52ms]
[2022-02-07T01:00:34.348Z] > git symbolic-ref --short HEAD [6ms]
[2022-02-07T01:00:34.356Z] > git for-each-ref --format=%(refname)%00%(upstream:short)%00%(objectname)%00%(upstream:track) refs/heads/deneme refs/remotes/deneme [5ms]
[2022-02-07T01:00:34.363Z] > git for-each-ref --sort -committerdate --format %(refname) %(objectname) %(*objectname) [4ms]
[2022-02-07T01:00:34.366Z] > git remote --verbose [4ms]
[2022-02-07T01:00:34.444Z] > git config --get commit.template [23ms]
[2022-02-07T01:00:38.600Z] > git symbolic-ref --short HEAD [2ms]
[2022-02-07T01:00:38.604Z] > git for-each-ref --format=%(refname)%00%(upstream:short)%00%(objectname)%00%(upstream:track) refs/heads/deneme refs/remotes/deneme [1ms]
[2022-02-07T01:00:38.611Z] > git for-each-ref --sort -committerdate --format %(refname) %(objectname) %(*objectname) [4ms]
[2022-02-07T01:00:38.613Z] > git remote --verbose [3ms]
[2022-02-07T01:00:38.648Z] > git config --get commit.template [2ms]
[2022-02-07T01:00:44.389Z] > git symbolic-ref --short HEAD [2ms]
[2022-02-07T01:00:44.393Z] > git for-each-ref --format=%(refname)%00%(upstream:short)%00%(objectname)%00%(upstream:track) refs/heads/deneme refs/remotes/deneme [1ms]
[2022-02-07T01:00:44.400Z] > git for-each-ref --sort -committerdate --format %(refname) %(objectname) %(*objectname) [4ms]
[2022-02-07T01:00:44.401Z] > git remote --verbose [2ms]
[2022-02-07T01:00:44.436Z] > git config --get commit.template [2ms]
[2022-02-07T01:00:49.464Z] > git symbolic-ref --short HEAD [2ms]
[2022-02-07T01:00:49.468Z] > git for-each-ref --format=%(refname)%00%(upstream:short)%00%(objectname)%00%(upstream:track) refs/heads/deneme refs/remotes/deneme [1ms]
[2022-02-07T01:00:49.477Z] > git for-each-ref --sort -committerdate --format %(refname) %(objectname) %(*objectname) [5ms]
[2022-02-07T01:00:49.479Z] > git remote --verbose [3ms]
[2022-02-07T01:00:49.527Z] > git config --get commit.template [5ms]
[2022-02-07T01:00:54.556Z] > git symbolic-ref --short HEAD [2ms]
[2022-02-07T01:00:54.560Z] > git for-each-ref --format=%(refname)%00%(upstream:short)%00%(objectname)%00%(upstream:track) refs/heads/deneme refs/remotes/deneme [2ms]
[2022-02-07T01:00:54.566Z] > git for-each-ref --sort -committerdate --format %(refname) %(objectname) %(*objectname) [4ms]
[2022-02-07T01:00:54.568Z] > git remote --verbose [2ms]
[2022-02-07T01:00:54.601Z] > git config --get commit.template [5ms]
[2022-02-07T01:00:59.631Z] > git symbolic-ref --short HEAD [3ms]
[2022-02-07T01:00:59.635Z] > git for-each-ref --format=%(refname)%00%(upstream:short)%00%(objectname)%00%(upstream:track) refs/heads/deneme refs/remotes/deneme [2ms]
[2022-02-07T01:00:59.642Z] > git for-each-ref --sort -committerdate --format %(refname) %(objectname) %(*objectname) [5ms]
[2022-02-07T01:00:59.643Z] > git remote --verbose [2ms]
[2022-02-07T01:00:59.677Z] > git config --get commit.template [2ms]
[2022-02-07T01:01:04.706Z] > git symbolic-ref --short HEAD [2ms]
[2022-02-07T01:01:04.711Z] > git for-each-ref --format=%(refname)%00%(upstream:short)%00%(objectname)%00%(upstream:track) refs/heads/deneme refs/remotes/deneme [2ms]
[2022-02-07T01:01:04.717Z] > git for-each-ref --sort -committerdate --format %(refname) %(objectname) %(*objectname) [4ms]
[2022-02-07T01:01:04.719Z] > git remote --verbose [2ms]
[2022-02-07T01:01:04.758Z] > git config --get commit.template [2ms]
[2022-02-07T01:01:09.787Z] > git symbolic-ref --short HEAD [3ms]
[2022-02-07T01:01:09.791Z] > git for-each-ref --format=%(refname)%00%(upstream:short)%00%(objectname)%00%(upstream:track) refs/heads/deneme refs/remotes/deneme [2ms]
[2022-02-07T01:01:09.797Z] > git for-each-ref --sort -committerdate --format %(refname) %(objectname) %(*objectname) [4ms]
[2022-02-07T01:01:09.799Z] > git remote --verbose [3ms]
[2022-02-07T01:01:09.847Z] > git config --get commit.template [3ms]
[2022-02-07T01:01:14.876Z] > git symbolic-ref --short HEAD [2ms]
[2022-02-07T01:01:14.880Z] > git for-each-ref --format=%(refname)%00%(upstream:short)%00%(objectname)%00%(upstream:track) refs/heads/deneme refs/remotes/deneme [1ms]
[2022-02-07T01:01:14.887Z] > git for-each-ref --sort -committerdate --format %(refname) %(objectname) %(*objectname) [4ms]
[2022-02-07T01:01:14.888Z] > git remote --verbose [2ms]
[2022-02-07T01:01:14.921Z] > git config --get commit.template [2ms]
[2022-02-07T01:01:17.455Z] > git ls-files --stage -- /home/ec2-user/deneme/lisa.tf [7ms]
[2022-02-07T01:01:19.952Z] > git symbolic-ref --short HEAD [3ms]
[2022-02-07T01:01:19.956Z] > git for-each-ref --format=%(refname)%00%(upstream:short)%00%(objectname)%00%(upstream:track) refs/heads/deneme refs/remotes/deneme [2ms]
[2022-02-07T01:01:19.962Z] > git for-each-ref --sort -committerdate --format %(refname) %(objectname) %(*objectname) [4ms]
[2022-02-07T01:01:19.963Z] > git remote --verbose [2ms]
[2022-02-07T01:01:20.002Z] > git config --get commit.template [6ms]
[2022-02-07T01:01:25.033Z] > git symbolic-ref --short HEAD [3ms]
[2022-02-07T01:01:25.038Z] > git for-each-ref --format=%(refname)%00%(upstream:short)%00%(objectname)%00%(upstream:track) refs/heads/deneme refs/remotes/deneme [2ms]
[2022-02-07T01:01:25.045Z] > git for-each-ref --sort -committerdate --format %(refname) %(objectname) %(*objectname) [4ms]
[2022-02-07T01:01:25.047Z] > git remote --verbose [3ms]
[2022-02-07T01:01:25.079Z] > git config --get commit.template [2ms]
[2022-02-07T01:01:30.157Z] > git symbolic-ref --short HEAD [16ms]
[2022-02-07T01:01:30.164Z] > git for-each-ref --format=%(refname)%00%(upstream:short)%00%(objectname)%00%(upstream:track) refs/heads/deneme refs/remotes/deneme [2ms]
[2022-02-07T01:01:30.170Z] > git for-each-ref --sort -committerdate --format %(refname) %(objectname) %(*objectname) [4ms]
[2022-02-07T01:01:30.172Z] > git remote --verbose [2ms]
[2022-02-07T01:01:30.202Z] > git config --get commit.template [2ms]
[2022-02-07T01:01:35.237Z] > git symbolic-ref --short HEAD [3ms]
[2022-02-07T01:01:35.242Z] > git for-each-ref --format=%(refname)%00%(upstream:short)%00%(objectname)%00%(upstream:track) refs/heads/deneme refs/remotes/deneme [2ms]
[2022-02-07T01:01:35.249Z] > git for-each-ref --sort -committerdate --format %(refname) %(objectname) %(*objectname) [4ms]
[2022-02-07T01:01:35.250Z] > git remote --verbose [2ms]
[2022-02-07T01:01:35.292Z] > git config --get commit.template [6ms]
[2022-02-07T01:01:40.319Z] > git symbolic-ref --short HEAD [2ms]
[2022-02-07T01:01:40.323Z] > git for-each-ref --format=%(refname)%00%(upstream:short)%00%(objectname)%00%(upstream:track) refs/heads/deneme refs/remotes/deneme [2ms]
[2022-02-07T01:01:40.329Z] > git for-each-ref --sort -committerdate --format %(refname) %(objectname) %(*objectname) [4ms]
[2022-02-07T01:01:40.330Z] > git remote --verbose [2ms]
[2022-02-07T01:01:40.363Z] > git config --get commit.template [2ms]
[2022-02-07T01:01:45.390Z] > git symbolic-ref --short HEAD [2ms]
[2022-02-07T01:01:45.394Z] > git for-each-ref --format=%(refname)%00%(upstream:short)%00%(objectname)%00%(upstream:track) refs/heads/deneme refs/remotes/deneme [1ms]
[2022-02-07T01:01:45.401Z] > git for-each-ref --sort -committerdate --format %(refname) %(objectname) %(*objectname) [4ms]
[2022-02-07T01:01:45.402Z] > git remote --verbose [2ms]
[2022-02-07T01:01:45.440Z] > git config --get commit.template [5ms]
[2022-02-07T01:01:50.468Z] > git symbolic-ref --short HEAD [2ms]
[2022-02-07T01:01:50.472Z] > git for-each-ref --format=%(refname)%00%(upstream:short)%00%(objectname)%00%(upstream:track) refs/heads/deneme refs/remotes/deneme [1ms]
[2022-02-07T01:01:50.479Z] > git for-each-ref --sort -committerdate --format %(refname) %(objectname) %(*objectname) [4ms]
[2022-02-07T01:01:50.480Z] > git remote --verbose [2ms]
[2022-02-07T01:01:50.514Z] > git config --get commit.template [5ms]
[2022-02-07T01:01:55.541Z] > git symbolic-ref --short HEAD [2ms]
[2022-02-07T01:01:55.546Z] > git for-each-ref --format=%(refname)%00%(upstream:short)%00%(objectname)%00%(upstream:track) refs/heads/deneme refs/remotes/deneme [2ms]
[2022-02-07T01:01:55.552Z] > git for-each-ref --sort -committerdate --format %(refname) %(objectname) %(*objectname) [4ms]
[2022-02-07T01:01:55.554Z] > git remote --verbose [2ms]
[2022-02-07T01:01:55.587Z] > git config --get commit.template [2ms]
[2022-02-07T01:01:59.734Z] > git ls-files --stage -- /home/ec2-user/deneme/lisa.tf [2ms]
[2022-02-07T01:02:00.615Z] > git symbolic-ref --short HEAD [3ms]
[2022-02-07T01:02:00.619Z] > git for-each-ref --format=%(refname)%00%(upstream:short)%00%(objectname)%00%(upstream:track) refs/heads/deneme refs/remotes/deneme [2ms]
[2022-02-07T01:02:00.626Z] > git for-each-ref --sort -committerdate --format %(refname) %(objectname) %(*objectname) [5ms]
[2022-02-07T01:02:00.628Z] > git remote --verbose [3ms]
[2022-02-07T01:02:00.666Z] > git config --get commit.template [6ms]
[2022-02-07T01:02:05.694Z] > git symbolic-ref --short HEAD [2ms]
[2022-02-07T01:02:05.698Z] > git for-each-ref --format=%(refname)%00%(upstream:short)%00%(objectname)%00%(upstream:track) refs/heads/deneme refs/remotes/deneme [2ms]
[2022-02-07T01:02:05.704Z] > git for-each-ref --sort -committerdate --format %(refname) %(objectname) %(*objectname) [4ms]
[2022-02-07T01:02:05.706Z] > git remote --verbose [2ms]
[2022-02-07T01:02:05.739Z] > git config --get commit.template [5ms]
[2022-02-07T01:02:10.768Z] > git symbolic-ref --short HEAD [2ms]
[2022-02-07T01:02:10.772Z] > git for-each-ref --format=%(refname)%00%(upstream:short)%00%(objectname)%00%(upstream:track) refs/heads/deneme refs/remotes/deneme [1ms]
[2022-02-07T01:02:10.779Z] > git for-each-ref --sort -committerdate --format %(refname) %(objectname) %(*objectname) [4ms]
[2022-02-07T01:02:10.780Z] > git remote --verbose [2ms]
[2022-02-07T01:02:10.816Z] > git config --get commit.template [5ms]
[2022-02-07T01:02:15.843Z] > git symbolic-ref --short HEAD [2ms]
[2022-02-07T01:02:15.847Z] > git for-each-ref --format=%(refname)%00%(upstream:short)%00%(objectname)%00%(upstream:track) refs/heads/deneme refs/remotes/deneme [2ms]
[2022-02-07T01:02:15.853Z] > git for-each-ref --sort -committerdate --format %(refname) %(objectname) %(*objectname) [4ms]
[2022-02-07T01:02:15.854Z] > git remote --verbose [2ms]
[2022-02-07T01:02:15.892Z] > git config --get commit.template [5ms]
[2022-02-07T01:02:20.925Z] > git symbolic-ref --short HEAD [2ms]
[2022-02-07T01:02:20.929Z] > git for-each-ref --format=%(refname)%00%(upstream:short)%00%(objectname)%00%(upstream:track) refs/heads/deneme refs/remotes/deneme [1ms]
[2022-02-07T01:02:20.935Z] > git for-each-ref --sort -committerdate --format %(refname) %(objectname) %(*objectname) [3ms]
[2022-02-07T01:02:20.937Z] > git remote --verbose [2ms]
[2022-02-07T01:02:20.986Z] > git config --get commit.template [3ms]
[2022-02-07T01:02:26.023Z] > git symbolic-ref --short HEAD [3ms]
[2022-02-07T01:02:26.029Z] > git for-each-ref --format=%(refname)%00%(upstream:short)%00%(objectname)%00%(upstream:track) refs/heads/deneme refs/remotes/deneme [1ms]
[2022-02-07T01:02:26.035Z] > git for-each-ref --sort -committerdate --format %(refname) %(objectname) %(*objectname) [3ms]
[2022-02-07T01:02:26.037Z] > git remote --verbose [2ms]
[2022-02-07T01:02:26.077Z] > git config --get commit.template [5ms]
[2022-02-07T01:02:31.104Z] > git symbolic-ref --short HEAD [2ms]
[2022-02-07T01:02:31.108Z] > git for-each-ref --format=%(refname)%00%(upstream:short)%00%(objectname)%00%(upstream:track) refs/heads/deneme refs/remotes/deneme [2ms]
[2022-02-07T01:02:31.114Z] > git for-each-ref --sort -committerdate --format %(refname) %(objectname) %(*objectname) [4ms]
[2022-02-07T01:02:31.115Z] > git remote --verbose [2ms]
[2022-02-07T01:02:31.148Z] > git config --get commit.template [2ms]
[2022-02-07T01:02:36.183Z] > git symbolic-ref --short HEAD [3ms]
[2022-02-07T01:02:36.187Z] > git for-each-ref --format=%(refname)%00%(upstream:short)%00%(objectname)%00%(upstream:track) refs/heads/deneme refs/remotes/deneme [1ms]
[2022-02-07T01:02:36.193Z] > git for-each-ref --sort -committerdate --format %(refname) %(objectname) %(*objectname) [4ms]
[2022-02-07T01:02:36.195Z] > git remote --verbose [2ms]
[2022-02-07T01:02:36.228Z] > git config --get commit.template [5ms]
[2022-02-07T01:02:39.174Z] > git ls-files --stage -- /home/ec2-user/deneme/lisa.tf [2ms]
[2022-02-07T01:02:41.254Z] > git symbolic-ref --short HEAD [2ms]
[2022-02-07T01:02:41.258Z] > git for-each-ref --format=%(refname)%00%(upstream:short)%00%(objectname)%00%(upstream:track) refs/heads/dev refs/remotes/dev [2ms]
[2022-02-07T01:02:41.265Z] > git for-each-ref --sort -committerdate --format %(refname) %(objectname) %(*objectname) [4ms]
[2022-02-07T01:02:41.266Z] > git remote --verbose [2ms]
[2022-02-07T01:02:41.305Z] > git config --get commit.template [5ms]
[2022-02-07T01:02:46.332Z] > git symbolic-ref --short HEAD [2ms]
[2022-02-07T01:02:46.337Z] > git for-each-ref --format=%(refname)%00%(upstream:short)%00%(objectname)%00%(upstream:track) refs/heads/dev refs/remotes/dev [2ms]
[2022-02-07T01:02:46.344Z] > git for-each-ref --sort -committerdate --format %(refname) %(objectname) %(*objectname) [4ms]
[2022-02-07T01:02:46.346Z] > git remote --verbose [3ms]
[2022-02-07T01:02:46.379Z] > git config --get commit.template [2ms]
[2022-02-07T01:02:51.407Z] > git symbolic-ref --short HEAD [2ms]
[2022-02-07T01:02:51.411Z] > git for-each-ref --format=%(refname)%00%(upstream:short)%00%(objectname)%00%(upstream:track) refs/heads/dev refs/remotes/dev [2ms]
[2022-02-07T01:02:51.417Z] > git for-each-ref --sort -committerdate --format %(refname) %(objectname) %(*objectname) [4ms]
[2022-02-07T01:02:51.418Z] > git remote --verbose [2ms]
[2022-02-07T01:02:51.455Z] > git config --get commit.template [5ms]
[2022-02-07T01:02:56.481Z] > git symbolic-ref --short HEAD [2ms]
[2022-02-07T01:02:56.485Z] > git for-each-ref --format=%(refname)%00%(upstream:short)%00%(objectname)%00%(upstream:track) refs/heads/dev refs/remotes/dev [2ms]
[2022-02-07T01:02:56.491Z] > git for-each-ref --sort -committerdate --format %(refname) %(objectname) %(*objectname) [4ms]
[2022-02-07T01:02:56.492Z] > git remote --verbose [2ms]
[2022-02-07T01:02:56.525Z] > git config --get commit.template [2ms]
[2022-02-07T01:03:01.557Z] > git symbolic-ref --short HEAD [3ms]
[2022-02-07T01:03:01.563Z] > git for-each-ref --format=%(refname)%00%(upstream:short)%00%(objectname)%00%(upstream:track) refs/heads/dev refs/remotes/dev [1ms]
[2022-02-07T01:03:01.572Z] > git for-each-ref --sort -committerdate --format %(refname) %(objectname) %(*objectname) [5ms]
[2022-02-07T01:03:01.574Z] > git remote --verbose [3ms]
[2022-02-07T01:03:01.610Z] > git config --get commit.template [5ms]
[2022-02-07T01:03:06.639Z] > git symbolic-ref --short HEAD [2ms]
[2022-02-07T01:03:06.643Z] > git for-each-ref --format=%(refname)%00%(upstream:short)%00%(objectname)%00%(upstream:track) refs/heads/dev refs/remotes/dev [1ms]
[2022-02-07T01:03:06.650Z] > git for-each-ref --sort -committerdate --format %(refname) %(objectname) %(*objectname) [4ms]
[2022-02-07T01:03:06.651Z] > git remote --verbose [2ms]
[2022-02-07T01:03:06.689Z] > git config --get commit.template [5ms]
[2022-02-07T01:03:11.716Z] > git symbolic-ref --short HEAD [2ms]
[2022-02-07T01:03:11.720Z] > git for-each-ref --format=%(refname)%00%(upstream:short)%00%(objectname)%00%(upstream:track) refs/heads/dev refs/remotes/dev [1ms]
[2022-02-07T01:03:11.726Z] > git for-each-ref --sort -committerdate --format %(refname) %(objectname) %(*objectname) [3ms]
[2022-02-07T01:03:11.728Z] > git remote --verbose [2ms]
[2022-02-07T01:03:11.760Z] > git config --get commit.template [2ms]
[2022-02-07T01:03:16.790Z] > git symbolic-ref --short HEAD [5ms]
[2022-02-07T01:03:16.795Z] > git for-each-ref --format=%(refname)%00%(upstream:short)%00%(objectname)%00%(upstream:track) refs/heads/dev refs/remotes/dev [2ms]
[2022-02-07T01:03:16.802Z] > git for-each-ref --sort -committerdate --format %(refname) %(objectname) %(*objectname) [4ms]
[2022-02-07T01:03:16.803Z] > git remote --verbose [2ms]
[2022-02-07T01:03:16.841Z] > git config --get commit.template [6ms]
[2022-02-07T01:03:21.868Z] > git symbolic-ref --short HEAD [2ms]
[2022-02-07T01:03:21.872Z] > git for-each-ref --format=%(refname)%00%(upstream:short)%00%(objectname)%00%(upstream:track) refs/heads/dev refs/remotes/dev [2ms]
[2022-02-07T01:03:21.878Z] > git for-each-ref --sort -committerdate --format %(refname) %(objectname) %(*objectname) [4ms]
[2022-02-07T01:03:21.880Z] > git remote --verbose [2ms]
[2022-02-07T01:03:21.917Z] > git config --get commit.template [5ms]
[2022-02-07T01:03:26.943Z] > git symbolic-ref --short HEAD [2ms]
[2022-02-07T01:03:26.946Z] > git for-each-ref --format=%(refname)%00%(upstream:short)%00%(objectname)%00%(upstream:track) refs/heads/dev refs/remotes/dev [1ms]
[2022-02-07T01:03:26.953Z] > git for-each-ref --sort -committerdate --format %(refname) %(objectname) %(*objectname) [4ms]
[2022-02-07T01:03:26.954Z] > git remote --verbose [2ms]
[2022-02-07T01:03:26.986Z] > git config --get commit.template [1ms]
[2022-02-07T01:03:32.014Z] > git symbolic-ref --short HEAD [2ms]
[2022-02-07T01:03:32.018Z] > git for-each-ref --format=%(refname)%00%(upstream:short)%00%(objectname)%00%(upstream:track) refs/heads/dev refs/remotes/dev [1ms]
[2022-02-07T01:03:32.025Z] > git for-each-ref --sort -committerdate --format %(refname) %(objectname) %(*objectname) [4ms]
[2022-02-07T01:03:32.026Z] > git remote --verbose [2ms]
[2022-02-07T01:03:32.060Z] > git config --get commit.template [5ms]
[2022-02-07T01:03:34.453Z] > git fetch [3ms]
[2022-02-07T01:03:34.476Z] > git symbolic-ref --short HEAD [2ms]
[2022-02-07T01:03:34.480Z] > git for-each-ref --format=%(refname)%00%(upstream:short)%00%(objectname)%00%(upstream:track) refs/heads/dev refs/remotes/dev [1ms]
[2022-02-07T01:03:34.486Z] > git for-each-ref --sort -committerdate --format %(refname) %(objectname) %(*objectname) [4ms]
[2022-02-07T01:03:34.488Z] > git remote --verbose [2ms]
[2022-02-07T01:03:34.527Z] > git config --get commit.template [6ms]
[2022-02-07T01:03:36.572Z] > git ls-files --stage -- /home/ec2-user/deneme/lisa.tf [2ms]
[2022-02-07T01:03:37.087Z] > git symbolic-ref --short HEAD [2ms]
[2022-02-07T01:03:37.091Z] > git for-each-ref --format=%(refname)%00%(upstream:short)%00%(objectname)%00%(upstream:track) refs/heads/dev refs/remotes/dev [1ms]
[2022-02-07T01:03:37.098Z] > git for-each-ref --sort -committerdate --format %(refname) %(objectname) %(*objectname) [4ms]
[2022-02-07T01:03:37.099Z] > git remote --verbose [2ms]
[2022-02-07T01:03:37.136Z] > git config --get commit.template [6ms]
[2022-02-07T01:03:42.163Z] > git symbolic-ref --short HEAD [2ms]
[2022-02-07T01:03:42.167Z] > git for-each-ref --format=%(refname)%00%(upstream:short)%00%(objectname)%00%(upstream:track) refs/heads/dev refs/remotes/dev [2ms]
[2022-02-07T01:03:42.173Z] > git for-each-ref --sort -committerdate --format %(refname) %(objectname) %(*objectname) [4ms]
[2022-02-07T01:03:42.174Z] > git remote --verbose [2ms]
[2022-02-07T01:03:42.209Z] > git config --get commit.template [6ms]
[2022-02-07T01:03:47.237Z] > git symbolic-ref --short HEAD [3ms]
[2022-02-07T01:03:47.241Z] > git for-each-ref --format=%(refname)%00%(upstream:short)%00%(objectname)%00%(upstream:track) refs/heads/dev refs/remotes/dev [2ms]
[2022-02-07T01:03:47.247Z] > git for-each-ref --sort -committerdate --format %(refname) %(objectname) %(*objectname) [4ms]
[2022-02-07T01:03:47.248Z] > git remote --verbose [2ms]
[2022-02-07T01:03:47.286Z] > git config --get commit.template [5ms]
[2022-02-07T01:03:52.314Z] > git symbolic-ref --short HEAD [2ms]
[2022-02-07T01:03:52.319Z] > git for-each-ref --format=%(refname)%00%(upstream:short)%00%(objectname)%00%(upstream:track) refs/heads/dev refs/remotes/dev [2ms]
[2022-02-07T01:03:52.325Z] > git for-each-ref --sort -committerdate --format %(refname) %(objectname) %(*objectname) [4ms]
[2022-02-07T01:03:52.326Z] > git remote --verbose [2ms]
[2022-02-07T01:03:52.360Z] > git config --get commit.template [6ms]
[2022-02-07T01:03:57.389Z] > git symbolic-ref --short HEAD [2ms]
[2022-02-07T01:03:57.394Z] > git for-each-ref --format=%(refname)%00%(upstream:short)%00%(objectname)%00%(upstream:track) refs/heads/dev refs/remotes/dev [1ms]
[2022-02-07T01:03:57.400Z] > git for-each-ref --sort -committerdate --format %(refname) %(objectname) %(*objectname) [4ms]
[2022-02-07T01:03:57.401Z] > git remote --verbose [2ms]
[2022-02-07T01:03:57.434Z] > git config --get commit.template [2ms]
[2022-02-07T01:04:02.461Z] > git symbolic-ref --short HEAD [2ms]
[2022-02-07T01:04:02.465Z] > git for-each-ref --format=%(refname)%00%(upstream:short)%00%(objectname)%00%(upstream:track) refs/heads/dev refs/remotes/dev [2ms]
[2022-02-07T01:04:02.471Z] > git for-each-ref --sort -committerdate --format %(refname) %(objectname) %(*objectname) [4ms]
[2022-02-07T01:04:02.474Z] > git remote --verbose [4ms]
[2022-02-07T01:04:02.514Z] > git config --get commit.template [5ms]
[2022-02-07T01:04:07.543Z] > git symbolic-ref --short HEAD [2ms]
[2022-02-07T01:04:07.547Z] > git for-each-ref --format=%(refname)%00%(upstream:short)%00%(objectname)%00%(upstream:track) refs/heads/dev refs/remotes/dev [1ms]
[2022-02-07T01:04:07.554Z] > git for-each-ref --sort -committerdate --format %(refname) %(objectname) %(*objectname) [4ms]
[2022-02-07T01:04:07.555Z] > git remote --verbose [2ms]
[2022-02-07T01:04:07.589Z] > git config --get commit.template [6ms]
[2022-02-07T01:04:12.615Z] > git symbolic-ref --short HEAD [2ms]
[2022-02-07T01:04:12.619Z] > git for-each-ref --format=%(refname)%00%(upstream:short)%00%(objectname)%00%(upstream:track) refs/heads/dev refs/remotes/dev [2ms]
[2022-02-07T01:04:12.625Z] > git for-each-ref --sort -committerdate --format %(refname) %(objectname) %(*objectname) [4ms]
[2022-02-07T01:04:12.626Z] > git remote --verbose [2ms]
[2022-02-07T01:04:12.659Z] > git config --get commit.template [5ms]
[2022-02-07T01:04:17.685Z] > git symbolic-ref --short HEAD [2ms]
[2022-02-07T01:04:17.689Z] > git for-each-ref --format=%(refname)%00%(upstream:short)%00%(objectname)%00%(upstream:track) refs/heads/dev refs/remotes/dev [1ms]
[2022-02-07T01:04:17.696Z] > git for-each-ref --sort -committerdate --format %(refname) %(objectname) %(*objectname) [4ms]
[2022-02-07T01:04:17.697Z] > git remote --verbose [2ms]
[2022-02-07T01:04:17.735Z] > git config --get commit.template [5ms]
[2022-02-07T01:04:22.762Z] > git symbolic-ref --short HEAD [2ms]
[2022-02-07T01:04:22.766Z] > git for-each-ref --format=%(refname)%00%(upstream:short)%00%(objectname)%00%(upstream:track) refs/heads/dev refs/remotes/dev [1ms]
[2022-02-07T01:04:22.772Z] > git for-each-ref --sort -committerdate --format %(refname) %(objectname) %(*objectname) [4ms]
[2022-02-07T01:04:22.774Z] > git remote --verbose [2ms]
[2022-02-07T01:04:22.807Z] > git config --get commit.template [5ms]
[2022-02-07T01:04:27.835Z] > git symbolic-ref --short HEAD [2ms]
[2022-02-07T01:04:27.839Z] > git for-each-ref --format=%(refname)%00%(upstream:short)%00%(objectname)%00%(upstream:track) refs/heads/dev refs/remotes/dev [2ms]
[2022-02-07T01:04:27.846Z] > git for-each-ref --sort -committerdate --format %(refname) %(objectname) %(*objectname) [4ms]
[2022-02-07T01:04:27.847Z] > git remote --verbose [2ms]
[2022-02-07T01:04:27.880Z] > git config --get commit.template [2ms]
[2022-02-07T01:04:32.908Z] > git symbolic-ref --short HEAD [2ms]
[2022-02-07T01:04:32.911Z] > git for-each-ref --format=%(refname)%00%(upstream:short)%00%(objectname)%00%(upstream:track) refs/heads/dev refs/remotes/dev [1ms]
[2022-02-07T01:04:32.918Z] > git for-each-ref --sort -committerdate --format %(refname) %(objectname) %(*objectname) [4ms]
[2022-02-07T01:04:32.919Z] > git remote --verbose [2ms]
[2022-02-07T01:04:32.958Z] > git config --get commit.template [4ms]
[2022-02-07T01:04:37.986Z] > git symbolic-ref --short HEAD [2ms]
[2022-02-07T01:04:37.990Z] > git for-each-ref --format=%(refname)%00%(upstream:short)%00%(objectname)%00%(upstream:track) refs/heads/dev refs/remotes/dev [2ms]
[2022-02-07T01:04:37.996Z] > git for-each-ref --sort -committerdate --format %(refname) %(objectname) %(*objectname) [4ms]
[2022-02-07T01:04:37.998Z] > git remote --verbose [2ms]
[2022-02-07T01:04:38.035Z] > git config --get commit.template [6ms]
[2022-02-07T01:04:43.063Z] > git symbolic-ref --short HEAD [2ms]
[2022-02-07T01:04:43.067Z] > git for-each-ref --format=%(refname)%00%(upstream:short)%00%(objectname)%00%(upstream:track) refs/heads/dev refs/remotes/dev [2ms]
[2022-02-07T01:04:43.073Z] > git for-each-ref --sort -committerdate --format %(refname) %(objectname) %(*objectname) [4ms]
[2022-02-07T01:04:43.074Z] > git remote --verbose [2ms]
[2022-02-07T01:04:43.108Z] > git config --get commit.template [5ms]
[2022-02-07T01:04:48.135Z] > git symbolic-ref --short HEAD [2ms]
[2022-02-07T01:04:48.139Z] > git for-each-ref --format=%(refname)%00%(upstream:short)%00%(objectname)%00%(upstream:track) refs/heads/dev refs/remotes/dev [2ms]
[2022-02-07T01:04:48.145Z] > git for-each-ref --sort -committerdate --format %(refname) %(objectname) %(*objectname) [4ms]
[2022-02-07T01:04:48.146Z] > git remote --verbose [2ms]
[2022-02-07T01:04:48.185Z] > git config --get commit.template [5ms]
[2022-02-07T01:04:53.213Z] > git symbolic-ref --short HEAD [2ms]
[2022-02-07T01:04:53.217Z] > git for-each-ref --format=%(refname)%00%(upstream:short)%00%(objectname)%00%(upstream:track) refs/heads/dev refs/remotes/dev [2ms]
[2022-02-07T01:04:53.223Z] > git for-each-ref --sort -committerdate --format %(refname) %(objectname) %(*objectname) [4ms]
[2022-02-07T01:04:53.224Z] > git remote --verbose [2ms]
[2022-02-07T01:04:53.261Z] > git config --get commit.template [5ms]
[2022-02-07T01:04:58.287Z] > git symbolic-ref --short HEAD [1ms]
[2022-02-07T01:04:58.291Z] > git for-each-ref --format=%(refname)%00%(upstream:short)%00%(objectname)%00%(upstream:track) refs/heads/dev refs/remotes/dev [1ms]
[2022-02-07T01:04:58.297Z] > git for-each-ref --sort -committerdate --format %(refname) %(objectname) %(*objectname) [3ms]
[2022-02-07T01:04:58.299Z] > git remote --verbose [2ms]
[2022-02-07T01:04:58.337Z] > git config --get commit.template [5ms]
[2022-02-07T01:05:03.364Z] > git symbolic-ref --short HEAD [2ms]
[2022-02-07T01:05:03.368Z] > git for-each-ref --format=%(refname)%00%(upstream:short)%00%(objectname)%00%(upstream:track) refs/heads/dev refs/remotes/dev [2ms]
[2022-02-07T01:05:03.374Z] > git for-each-ref --sort -committerdate --format %(refname) %(objectname) %(*objectname) [4ms]
[2022-02-07T01:05:03.375Z] > git remote --verbose [2ms]
[2022-02-07T01:05:03.409Z] > git config --get commit.template [5ms]
[2022-02-07T01:05:08.436Z] > git symbolic-ref --short HEAD [2ms]
[2022-02-07T01:05:08.440Z] > git for-each-ref --format=%(refname)%00%(upstream:short)%00%(objectname)%00%(upstream:track) refs/heads/dev refs/remotes/dev [2ms]
[2022-02-07T01:05:08.446Z] > git for-each-ref --sort -committerdate --format %(refname) %(objectname) %(*objectname) [4ms]
[2022-02-07T01:05:08.451Z] > git remote --verbose [5ms]
[2022-02-07T01:05:08.487Z] > git config --get commit.template [2ms]
[2022-02-07T01:05:13.514Z] > git symbolic-ref --short HEAD [2ms]
[2022-02-07T01:05:13.518Z] > git for-each-ref --format=%(refname)%00%(upstream:short)%00%(objectname)%00%(upstream:track) refs/heads/dev refs/remotes/dev [1ms]
[2022-02-07T01:05:13.524Z] > git for-each-ref --sort -committerdate --format %(refname) %(objectname) %(*objectname) [3ms]
[2022-02-07T01:05:13.526Z] > git remote --verbose [2ms]
[2022-02-07T01:05:13.559Z] > git config --get commit.template [5ms]
[2022-02-07T01:05:18.587Z] > git symbolic-ref --short HEAD [2ms]
[2022-02-07T01:05:18.591Z] > git for-each-ref --format=%(refname)%00%(upstream:short)%00%(objectname)%00%(upstream:track) refs/heads/dev refs/remotes/dev [2ms]
[2022-02-07T01:05:18.597Z] > git for-each-ref --sort -committerdate --format %(refname) %(objectname) %(*objectname) [4ms]
[2022-02-07T01:05:18.599Z] > git remote --verbose [2ms]
[2022-02-07T01:05:18.638Z] > git config --get commit.template [6ms]
[2022-02-07T01:05:23.666Z] > git symbolic-ref --short HEAD [2ms]
[2022-02-07T01:05:23.670Z] > git for-each-ref --format=%(refname)%00%(upstream:short)%00%(objectname)%00%(upstream:track) refs/heads/dev refs/remotes/dev [1ms]
[2022-02-07T01:05:23.677Z] > git for-each-ref --sort -committerdate --format %(refname) %(objectname) %(*objectname) [4ms]
[2022-02-07T01:05:23.679Z] > git remote --verbose [3ms]
[2022-02-07T01:05:23.712Z] > git config --get commit.template [5ms]
[2022-02-07T01:05:28.740Z] > git symbolic-ref --short HEAD [2ms]
[2022-02-07T01:05:28.744Z] > git for-each-ref --format=%(refname)%00%(upstream:short)%00%(objectname)%00%(upstream:track) refs/heads/dev refs/remotes/dev [1ms]
[2022-02-07T01:05:28.750Z] > git for-each-ref --sort -committerdate --format %(refname) %(objectname) %(*objectname) [3ms]
[2022-02-07T01:05:28.752Z] > git remote --verbose [2ms]
[2022-02-07T01:05:28.788Z] > git config --get commit.template [6ms]
[2022-02-07T01:05:33.815Z] > git symbolic-ref --short HEAD [2ms]
[2022-02-07T01:05:33.820Z] > git for-each-ref --format=%(refname)%00%(upstream:short)%00%(objectname)%00%(upstream:track) refs/heads/dev refs/remotes/dev [2ms]
[2022-02-07T01:05:33.827Z] > git for-each-ref --sort -committerdate --format %(refname) %(objectname) %(*objectname) [4ms]
[2022-02-07T01:05:33.828Z] > git remote --verbose [2ms]
[2022-02-07T01:05:33.866Z] > git config --get commit.template [2ms]
[2022-02-07T01:05:38.895Z] > git symbolic-ref --short HEAD [2ms]
[2022-02-07T01:05:38.899Z] > git for-each-ref --format=%(refname)%00%(upstream:short)%00%(objectname)%00%(upstream:track) refs/heads/dev refs/remotes/dev [1ms]
[2022-02-07T01:05:38.905Z] > git for-each-ref --sort -committerdate --format %(refname) %(objectname) %(*objectname) [4ms]
[2022-02-07T01:05:38.907Z] > git remote --verbose [2ms]
[2022-02-07T01:05:38.939Z] > git config --get commit.template [2ms]
[2022-02-07T01:05:43.967Z] > git symbolic-ref --short HEAD [2ms]
[2022-02-07T01:05:43.971Z] > git for-each-ref --format=%(refname)%00%(upstream:short)%00%(objectname)%00%(upstream:track) refs/heads/dev refs/remotes/dev [2ms]
[2022-02-07T01:05:43.977Z] > git for-each-ref --sort -committerdate --format %(refname) %(objectname) %(*objectname) [4ms]
[2022-02-07T01:05:43.979Z] > git remote --verbose [2ms]
[2022-02-07T01:05:44.015Z] > git config --get commit.template [5ms]
[2022-02-07T01:05:49.043Z] > git symbolic-ref --short HEAD [2ms]
[2022-02-07T01:05:49.048Z] > git for-each-ref --format=%(refname)%00%(upstream:short)%00%(objectname)%00%(upstream:track) refs/heads/dev refs/remotes/dev [2ms]
[2022-02-07T01:05:49.054Z] > git for-each-ref --sort -committerdate --format %(refname) %(objectname) %(*objectname) [4ms]
[2022-02-07T01:05:49.055Z] > git remote --verbose [2ms]
[2022-02-07T01:05:49.092Z] > git config --get commit.template [2ms]
[2022-02-07T01:05:54.121Z] > git symbolic-ref --short HEAD [2ms]
[2022-02-07T01:05:54.126Z] > git for-each-ref --format=%(refname)%00%(upstream:short)%00%(objectname)%00%(upstream:track) refs/heads/dev refs/remotes/dev [2ms]
[2022-02-07T01:05:54.132Z] > git for-each-ref --sort -committerdate --format %(refname) %(objectname) %(*objectname) [4ms]
[2022-02-07T01:05:54.134Z] > git remote --verbose [3ms]
[2022-02-07T01:05:54.168Z] > git config --get commit.template [5ms]
[2022-02-07T01:05:59.195Z] > git symbolic-ref --short HEAD [2ms]
[2022-02-07T01:05:59.199Z] > git for-each-ref --format=%(refname)%00%(upstream:short)%00%(objectname)%00%(upstream:track) refs/heads/dev refs/remotes/dev [1ms]
[2022-02-07T01:05:59.205Z] > git for-each-ref --sort -committerdate --format %(refname) %(objectname) %(*objectname) [4ms]
[2022-02-07T01:05:59.206Z] > git remote --verbose [2ms]
[2022-02-07T01:05:59.240Z] > git config --get commit.template [6ms]
[2022-02-07T01:06:04.269Z] > git symbolic-ref --short HEAD [2ms]
[2022-02-07T01:06:04.274Z] > git for-each-ref --format=%(refname)%00%(upstream:short)%00%(objectname)%00%(upstream:track) refs/heads/dev refs/remotes/dev [2ms]
[2022-02-07T01:06:04.281Z] > git for-each-ref --sort -committerdate --format %(refname) %(objectname) %(*objectname) [5ms]
[2022-02-07T01:06:04.282Z] > git remote --verbose [2ms]
[2022-02-07T01:06:04.320Z] > git config --get commit.template [2ms]
[2022-02-07T01:06:09.375Z] > git symbolic-ref --short HEAD [7ms]
[2022-02-07T01:06:09.387Z] > git for-each-ref --format=%(refname)%00%(upstream:short)%00%(objectname)%00%(upstream:track) refs/heads/dev refs/remotes/dev [1ms]
[2022-02-07T01:06:09.401Z] > git for-each-ref --sort -committerdate --format %(refname) %(objectname) %(*objectname) [9ms]
[2022-02-07T01:06:09.402Z] > git remote --verbose [2ms]
[2022-02-07T01:06:09.459Z] > git config --get commit.template [2ms]
[2022-02-07T01:06:13.994Z] > git ls-files --stage -- /home/ec2-user/deneme/lisa.tf [3ms]
[2022-02-07T01:06:13.998Z] > git cat-file -s e69de29bb2d1d6434b8b29ae775ad8c2e48c5391 [1ms]
[2022-02-07T01:06:14.506Z] > git symbolic-ref --short HEAD [2ms]
[2022-02-07T01:06:14.511Z] > git for-each-ref --format=%(refname)%00%(upstream:short)%00%(objectname)%00%(upstream:track) refs/heads/dev refs/remotes/dev [3ms]
[2022-02-07T01:06:14.521Z] > git for-each-ref --sort -committerdate --format %(refname) %(objectname) %(*objectname) [5ms]
[2022-02-07T01:06:14.527Z] > git remote --verbose [6ms]
[2022-02-07T01:06:14.573Z] > git config --get commit.template [2ms]
[2022-02-07T01:06:19.610Z] > git symbolic-ref --short HEAD [2ms]
[2022-02-07T01:06:19.616Z] > git for-each-ref --format=%(refname)%00%(upstream:short)%00%(objectname)%00%(upstream:track) refs/heads/dev refs/remotes/dev [1ms]
[2022-02-07T01:06:19.622Z] > git for-each-ref --sort -committerdate --format %(refname) %(objectname) %(*objectname) [3ms]
[2022-02-07T01:06:19.624Z] > git remote --verbose [2ms]
[2022-02-07T01:06:19.664Z] > git config --get commit.template [2ms]
[2022-02-07T01:06:24.698Z] > git symbolic-ref --short HEAD [2ms]
[2022-02-07T01:06:24.702Z] > git for-each-ref --format=%(refname)%00%(upstream:short)%00%(objectname)%00%(upstream:track) refs/heads/dev refs/remotes/dev [2ms]
[2022-02-07T01:06:24.708Z] > git for-each-ref --sort -committerdate --format %(refname) %(objectname) %(*objectname) [4ms]
[2022-02-07T01:06:24.710Z] > git remote --verbose [2ms]
[2022-02-07T01:06:24.753Z] > git config --get commit.template [5ms]
[2022-02-07T01:06:41.403Z] > git fetch [7ms]
[2022-02-07T01:06:41.428Z] > git symbolic-ref --short HEAD [2ms]
[2022-02-07T01:06:41.432Z] > git for-each-ref --format=%(refname)%00%(upstream:short)%00%(objectname)%00%(upstream:track) refs/heads/dev refs/remotes/dev [2ms]
[2022-02-07T01:06:41.437Z] > git for-each-ref --sort -committerdate --format %(refname) %(objectname) %(*objectname) [3ms]
[2022-02-07T01:06:41.439Z] > git remote --verbose [2ms]
[2022-02-07T01:06:41.474Z] > git config --get commit.template [2ms]
[2022-02-07T01:06:41.503Z] > git symbolic-ref --short HEAD [2ms]
[2022-02-07T01:06:41.506Z] > git for-each-ref --format=%(refname)%00%(upstream:short)%00%(objectname)%00%(upstream:track) refs/heads/dev refs/remotes/dev [1ms]
[2022-02-07T01:06:41.512Z] > git for-each-ref --sort -committerdate --format %(refname) %(objectname) %(*objectname) [3ms]
[2022-02-07T01:06:41.514Z] > git remote --verbose [2ms]
[2022-02-07T01:06:41.559Z] > git config --get commit.template [3ms]
[2022-02-07T01:06:43.623Z] > git ls-files --stage -- /home/ec2-user/deneme/lisa.tf [4ms]
[2022-02-07T01:06:43.628Z] > git cat-file -s e69de29bb2d1d6434b8b29ae775ad8c2e48c5391 [2ms]
[2022-02-07T01:06:46.509Z] > git symbolic-ref --short HEAD [2ms]
[2022-02-07T01:06:46.513Z] > git for-each-ref --format=%(refname)%00%(upstream:short)%00%(objectname)%00%(upstream:track) refs/heads/dev refs/remotes/dev [1ms]
[2022-02-07T01:06:46.519Z] > git for-each-ref --sort -committerdate --format %(refname) %(objectname) %(*objectname) [4ms]
[2022-02-07T01:06:46.521Z] > git remote --verbose [2ms]
[2022-02-07T01:06:46.552Z] > git config --get commit.template [2ms]
[2022-02-07T01:06:51.585Z] > git symbolic-ref --short HEAD [2ms]
[2022-02-07T01:06:51.589Z] > git for-each-ref --format=%(refname)%00%(upstream:short)%00%(objectname)%00%(upstream:track) refs/heads/dev refs/remotes/dev [1ms]
[2022-02-07T01:06:51.596Z] > git for-each-ref --sort -committerdate --format %(refname) %(objectname) %(*objectname) [4ms]
[2022-02-07T01:06:51.597Z] > git remote --verbose [2ms]
[2022-02-07T01:06:51.637Z] > git config --get commit.template [2ms]
[2022-02-07T01:06:56.670Z] > git symbolic-ref --short HEAD [2ms]
[2022-02-07T01:06:56.674Z] > git for-each-ref --format=%(refname)%00%(upstream:short)%00%(objectname)%00%(upstream:track) refs/heads/dev refs/remotes/dev [1ms]
[2022-02-07T01:06:56.680Z] > git for-each-ref --sort -committerdate --format %(refname) %(objectname) %(*objectname) [4ms]
[2022-02-07T01:06:56.682Z] > git remote --verbose [2ms]
[2022-02-07T01:06:56.715Z] > git config --get commit.template [5ms]
[2022-02-07T01:07:01.771Z] > git symbolic-ref --short HEAD [2ms]
[2022-02-07T01:07:01.775Z] > git for-each-ref --format=%(refname)%00%(upstream:short)%00%(objectname)%00%(upstream:track) refs/heads/dev refs/remotes/dev [1ms]
[2022-02-07T01:07:01.784Z] > git for-each-ref --sort -committerdate --format %(refname) %(objectname) %(*objectname) [5ms]
[2022-02-07T01:07:01.786Z] > git remote --verbose [3ms]
[2022-02-07T01:07:01.835Z] > git config --get commit.template [6ms]
[2022-02-07T01:07:06.867Z] > git symbolic-ref --short HEAD [2ms]
[2022-02-07T01:07:06.871Z] > git for-each-ref --format=%(refname)%00%(upstream:short)%00%(objectname)%00%(upstream:track) refs/heads/dev refs/remotes/dev [1ms]
[2022-02-07T01:07:06.878Z] > git for-each-ref --sort -committerdate --format %(refname) %(objectname) %(*objectname) [4ms]
[2022-02-07T01:07:06.879Z] > git remote --verbose [2ms]
[2022-02-07T01:07:06.912Z] > git config --get commit.template [5ms]
[2022-02-07T01:07:10.432Z] > git ls-files --stage -- /home/ec2-user/deneme/lisa.tf [2ms]
[2022-02-07T01:07:10.436Z] > git cat-file -s e69de29bb2d1d6434b8b29ae775ad8c2e48c5391 [1ms]
[2022-02-07T01:08:23.178Z] > git symbolic-ref --short HEAD [2ms]
[2022-02-07T01:08:23.182Z] > git for-each-ref --format=%(refname)%00%(upstream:short)%00%(objectname)%00%(upstream:track) refs/heads/dev refs/remotes/dev [1ms]
[2022-02-07T01:08:23.189Z] > git for-each-ref --sort -committerdate --format %(refname) %(objectname) %(*objectname) [5ms]
[2022-02-07T01:08:23.191Z] > git remote --verbose [4ms]
[2022-02-07T01:08:23.235Z] > git config --get commit.template [3ms]
[2022-02-07T01:08:43.979Z] > git symbolic-ref --short HEAD [2ms]
[2022-02-07T01:08:43.983Z] > git for-each-ref --format=%(refname)%00%(upstream:short)%00%(objectname)%00%(upstream:track) refs/heads/dev refs/remotes/dev [2ms]
[2022-02-07T01:08:43.989Z] > git for-each-ref --sort -committerdate --format %(refname) %(objectname) %(*objectname) [4ms]
[2022-02-07T01:08:43.991Z] > git remote --verbose [3ms]
[2022-02-07T01:08:44.032Z] > git config --get commit.template [2ms]
[2022-02-07T01:08:48.330Z] > git ls-files --stage -- /home/ec2-user/terrafom.tf [4ms]
[2022-02-07T01:08:48.335Z] > git cat-file -s 5eb4ee779a81532c8afd9ab0fb380965913ab6ad [2ms]
[2022-02-07T01:08:50.032Z] > git symbolic-ref --short HEAD [2ms]
[2022-02-07T01:08:50.036Z] > git for-each-ref --format=%(refname)%00%(upstream:short)%00%(objectname)%00%(upstream:track) refs/heads/dev refs/remotes/dev [1ms]
[2022-02-07T01:08:50.044Z] > git for-each-ref --sort -committerdate --format %(refname) %(objectname) %(*objectname) [5ms]
[2022-02-07T01:08:50.046Z] > git remote --verbose [3ms]
[2022-02-07T01:08:50.089Z] > git config --get commit.template [5ms]
[2022-02-07T01:08:51.886Z] > git ls-files --stage -- /home/ec2-user/deneme/lisa.tf [3ms]
[2022-02-07T01:08:51.891Z] > git cat-file -s e69de29bb2d1d6434b8b29ae775ad8c2e48c5391 [1ms]
[2022-02-07T01:08:55.541Z] > git symbolic-ref --short HEAD [2ms]
[2022-02-07T01:08:55.545Z] > git for-each-ref --format=%(refname)%00%(upstream:short)%00%(objectname)%00%(upstream:track) refs/heads/dev refs/remotes/dev [2ms]
[2022-02-07T01:08:55.551Z] > git for-each-ref --sort -committerdate --format %(refname) %(objectname) %(*objectname) [4ms]
[2022-02-07T01:08:55.552Z] > git remote --verbose [2ms]
[2022-02-07T01:08:55.589Z] > git config --get commit.template [2ms]
[2022-02-07T01:09:00.700Z] > git symbolic-ref --short HEAD [2ms]
[2022-02-07T01:09:00.705Z] > git for-each-ref --format=%(refname)%00%(upstream:short)%00%(objectname)%00%(upstream:track) refs/heads/dev refs/remotes/dev [2ms]
[2022-02-07T01:09:00.712Z] > git for-each-ref --sort -committerdate --format %(refname) %(objectname) %(*objectname) [4ms]
[2022-02-07T01:09:00.714Z] > git remote --verbose [2ms]
[2022-02-07T01:09:00.754Z] > git config --get commit.template [6ms]
[2022-02-07T01:09:05.787Z] > git symbolic-ref --short HEAD [2ms]
[2022-02-07T01:09:05.791Z] > git for-each-ref --format=%(refname)%00%(upstream:short)%00%(objectname)%00%(upstream:track) refs/heads/dev refs/remotes/dev [1ms]
[2022-02-07T01:09:05.797Z] > git for-each-ref --sort -committerdate --format %(refname) %(objectname) %(*objectname) [3ms]
[2022-02-07T01:09:05.799Z] > git remote --verbose [2ms]
[2022-02-07T01:09:05.843Z] > git config --get commit.template [5ms]
[2022-02-07T01:09:10.924Z] > git symbolic-ref --short HEAD [7ms]
[2022-02-07T01:09:10.936Z] > git for-each-ref --format=%(refname)%00%(upstream:short)%00%(objectname)%00%(upstream:track) refs/heads/dev refs/remotes/dev [6ms]
[2022-02-07T01:09:10.949Z] > git for-each-ref --sort -committerdate --format %(refname) %(objectname) %(*objectname) [7ms]
[2022-02-07T01:09:10.955Z] > git remote --verbose [6ms]
[2022-02-07T01:09:11.048Z] > git config --get commit.template [11ms]
[2022-02-07T01:09:16.083Z] > git symbolic-ref --short HEAD [2ms]
[2022-02-07T01:09:16.087Z] > git for-each-ref --format=%(refname)%00%(upstream:short)%00%(objectname)%00%(upstream:track) refs/heads/dev refs/remotes/dev [1ms]
[2022-02-07T01:09:16.094Z] > git for-each-ref --sort -committerdate --format %(refname) %(objectname) %(*objectname) [4ms]
[2022-02-07T01:09:16.095Z] > git remote --verbose [2ms]
[2022-02-07T01:09:16.154Z] > git config --get commit.template [8ms]
[2022-02-07T01:09:21.187Z] > git symbolic-ref --short HEAD [3ms]
[2022-02-07T01:09:21.191Z] > git for-each-ref --format=%(refname)%00%(upstream:short)%00%(objectname)%00%(upstream:track) refs/heads/dev refs/remotes/dev [2ms]
[2022-02-07T01:09:21.197Z] > git for-each-ref --sort -committerdate --format %(refname) %(objectname) %(*objectname) [4ms]
[2022-02-07T01:09:21.198Z] > git remote --verbose [2ms]
[2022-02-07T01:09:21.232Z] > git config --get commit.template [5ms]
[2022-02-07T01:09:26.267Z] > git symbolic-ref --short HEAD [2ms]
[2022-02-07T01:09:26.272Z] > git for-each-ref --format=%(refname)%00%(upstream:short)%00%(objectname)%00%(upstream:track) refs/heads/dev refs/remotes/dev [2ms]
[2022-02-07T01:09:26.278Z] > git for-each-ref --sort -committerdate --format %(refname) %(objectname) %(*objectname) [4ms]
[2022-02-07T01:09:26.280Z] > git remote --verbose [3ms]
[2022-02-07T01:09:26.324Z] > git config --get commit.template [6ms]
[2022-02-07T01:09:31.357Z] > git symbolic-ref --short HEAD [2ms]
[2022-02-07T01:09:31.361Z] > git for-each-ref --format=%(refname)%00%(upstream:short)%00%(objectname)%00%(upstream:track) refs/heads/dev refs/remotes/dev [1ms]
[2022-02-07T01:09:31.368Z] > git for-each-ref --sort -committerdate --format %(refname) %(objectname) %(*objectname) [4ms]
[2022-02-07T01:09:31.369Z] > git remote --verbose [2ms]
[2022-02-07T01:09:31.403Z] > git config --get commit.template [5ms]
[2022-02-07T01:09:36.436Z] > git symbolic-ref --short HEAD [3ms]
[2022-02-07T01:09:36.440Z] > git for-each-ref --format=%(refname)%00%(upstream:short)%00%(objectname)%00%(upstream:track) refs/heads/dev refs/remotes/dev [2ms]
[2022-02-07T01:09:36.446Z] > git for-each-ref --sort -committerdate --format %(refname) %(objectname) %(*objectname) [4ms]
[2022-02-07T01:09:36.447Z] > git remote --verbose [2ms]
[2022-02-07T01:09:36.490Z] > git config --get commit.template [6ms]
[2022-02-07T01:09:41.523Z] > git symbolic-ref --short HEAD [2ms]
[2022-02-07T01:09:41.527Z] > git for-each-ref --format=%(refname)%00%(upstream:short)%00%(objectname)%00%(upstream:track) refs/heads/dev refs/remotes/dev [2ms]
[2022-02-07T01:09:41.539Z] > git for-each-ref --sort -committerdate --format %(refname) %(objectname) %(*objectname) [10ms]
[2022-02-07T01:09:41.542Z] > git remote --verbose [10ms]
[2022-02-07T01:09:41.582Z] > git config --get commit.template [9ms]
[2022-02-07T01:09:42.353Z] > git fetch [767ms]
[2022-02-07T01:09:42.353Z] From https://github.com/azizvelat/exam
 * branch            dev        -> FETCH_HEAD
[2022-02-07T01:09:42.454Z] > git symbolic-ref --short HEAD [2ms]
[2022-02-07T01:09:42.458Z] > git for-each-ref --format=%(refname)%00%(upstream:short)%00%(objectname)%00%(upstream:track) refs/heads/dev refs/remotes/dev [1ms]
[2022-02-07T01:09:42.464Z] > git for-each-ref --sort -committerdate --format %(refname) %(objectname) %(*objectname) [3ms]
[2022-02-07T01:09:42.466Z] > git remote --verbose [2ms]
[2022-02-07T01:09:42.508Z] > git config --get commit.template [5ms]
[2022-02-07T01:09:46.618Z] > git symbolic-ref --short HEAD [2ms]
[2022-02-07T01:09:46.622Z] > git for-each-ref --format=%(refname)%00%(upstream:short)%00%(objectname)%00%(upstream:track) refs/heads/dev refs/remotes/dev [2ms]
[2022-02-07T01:09:46.628Z] > git for-each-ref --sort -committerdate --format %(refname) %(objectname) %(*objectname) [4ms]
[2022-02-07T01:09:46.630Z] > git remote --verbose [2ms]
[2022-02-07T01:09:46.665Z] > git config --get commit.template [6ms]
[2022-02-07T01:09:51.696Z] > git symbolic-ref --short HEAD [2ms]
[2022-02-07T01:09:51.704Z] > git for-each-ref --format=%(refname)%00%(upstream:short)%00%(objectname)%00%(upstream:track) refs/heads/dev refs/remotes/dev [5ms]
[2022-02-07T01:09:51.711Z] > git for-each-ref --sort -committerdate --format %(refname) %(objectname) %(*objectname) [4ms]
[2022-02-07T01:09:51.712Z] > git remote --verbose [2ms]
[2022-02-07T01:09:51.755Z] > git config --get commit.template [6ms]
[2022-02-07T01:09:56.789Z] > git symbolic-ref --short HEAD [1ms]
[2022-02-07T01:09:56.793Z] > git for-each-ref --format=%(refname)%00%(upstream:short)%00%(objectname)%00%(upstream:track) refs/heads/dev refs/remotes/dev [1ms]
[2022-02-07T01:09:56.800Z] > git for-each-ref --sort -committerdate --format %(refname) %(objectname) %(*objectname) [4ms]
[2022-02-07T01:09:56.801Z] > git remote --verbose [2ms]
[2022-02-07T01:09:56.834Z] > git config --get commit.template [5ms]
[2022-02-07T01:10:01.869Z] > git symbolic-ref --short HEAD [2ms]
[2022-02-07T01:10:01.874Z] > git for-each-ref --format=%(refname)%00%(upstream:short)%00%(objectname)%00%(upstream:track) refs/heads/dev refs/remotes/dev [2ms]
[2022-02-07T01:10:01.883Z] > git for-each-ref --sort -committerdate --format %(refname) %(objectname) %(*objectname) [4ms]
[2022-02-07T01:10:01.884Z] > git remote --verbose [2ms]
[2022-02-07T01:10:01.926Z] > git config --get commit.template [5ms]
[2022-02-07T01:10:06.959Z] > git symbolic-ref --short HEAD [2ms]
[2022-02-07T01:10:06.963Z] > git for-each-ref --format=%(refname)%00%(upstream:short)%00%(objectname)%00%(upstream:track) refs/heads/dev refs/remotes/dev [1ms]
[2022-02-07T01:10:06.971Z] > git for-each-ref --sort -committerdate --format %(refname) %(objectname) %(*objectname) [5ms]
[2022-02-07T01:10:06.972Z] > git remote --verbose [2ms]
[2022-02-07T01:10:07.006Z] > git config --get commit.template [5ms]
[2022-02-07T01:10:12.039Z] > git symbolic-ref --short HEAD [2ms]
[2022-02-07T01:10:12.045Z] > git for-each-ref --format=%(refname)%00%(upstream:short)%00%(objectname)%00%(upstream:track) refs/heads/dev refs/remotes/dev [2ms]
[2022-02-07T01:10:12.051Z] > git for-each-ref --sort -committerdate --format %(refname) %(objectname) %(*objectname) [4ms]
[2022-02-07T01:10:12.053Z] > git remote --verbose [2ms]
[2022-02-07T01:10:12.097Z] > git config --get commit.template [6ms]
[2022-02-07T01:10:17.177Z] > git symbolic-ref --short HEAD [2ms]
[2022-02-07T01:10:17.180Z] > git for-each-ref --format=%(refname)%00%(upstream:short)%00%(objectname)%00%(upstream:track) refs/heads/dev refs/remotes/dev [1ms]
[2022-02-07T01:10:17.187Z] > git for-each-ref --sort -committerdate --format %(refname) %(objectname) %(*objectname) [4ms]
[2022-02-07T01:10:17.188Z] > git remote --verbose [2ms]
[2022-02-07T01:10:17.221Z] > git config --get commit.template [5ms]
[2022-02-07T01:10:22.253Z] > git symbolic-ref --short HEAD [2ms]
[2022-02-07T01:10:22.257Z] > git for-each-ref --format=%(refname)%00%(upstream:short)%00%(objectname)%00%(upstream:track) refs/heads/dev refs/remotes/dev [2ms]
[2022-02-07T01:10:22.263Z] > git for-each-ref --sort -committerdate --format %(refname) %(objectname) %(*objectname) [4ms]
[2022-02-07T01:10:22.264Z] > git remote --verbose [2ms]
[2022-02-07T01:10:22.306Z] > git config --get commit.template [5ms]
[2022-02-07T01:10:27.340Z] > git symbolic-ref --short HEAD [2ms]
[2022-02-07T01:10:27.344Z] > git for-each-ref --format=%(refname)%00%(upstream:short)%00%(objectname)%00%(upstream:track) refs/heads/dev refs/remotes/dev [1ms]
[2022-02-07T01:10:27.351Z] > git for-each-ref --sort -committerdate --format %(refname) %(objectname) %(*objectname) [4ms]
[2022-02-07T01:10:27.352Z] > git remote --verbose [2ms]
[2022-02-07T01:10:27.388Z] > git config --get commit.template [5ms]
[2022-02-07T01:10:32.422Z] > git symbolic-ref --short HEAD [3ms]
[2022-02-07T01:10:32.426Z] > git for-each-ref --format=%(refname)%00%(upstream:short)%00%(objectname)%00%(upstream:track) refs/heads/dev refs/remotes/dev [2ms]
[2022-02-07T01:10:32.432Z] > git for-each-ref --sort -committerdate --format %(refname) %(objectname) %(*objectname) [4ms]
[2022-02-07T01:10:32.433Z] > git remote --verbose [2ms]
[2022-02-07T01:10:32.476Z] > git config --get commit.template [6ms]
[2022-02-07T01:10:37.509Z] > git symbolic-ref --short HEAD [3ms]
[2022-02-07T01:10:37.513Z] > git for-each-ref --format=%(refname)%00%(upstream:short)%00%(objectname)%00%(upstream:track) refs/heads/dev refs/remotes/dev [1ms]
[2022-02-07T01:10:37.519Z] > git for-each-ref --sort -committerdate --format %(refname) %(objectname) %(*objectname) [4ms]
[2022-02-07T01:10:37.520Z] > git remote --verbose [2ms]
[2022-02-07T01:10:37.554Z] > git config --get commit.template [6ms]
[2022-02-07T01:10:42.587Z] > git symbolic-ref --short HEAD [2ms]
[2022-02-07T01:10:42.591Z] > git for-each-ref --format=%(refname)%00%(upstream:short)%00%(objectname)%00%(upstream:track) refs/heads/dev refs/remotes/dev [1ms]
[2022-02-07T01:10:42.597Z] > git for-each-ref --sort -committerdate --format %(refname) %(objectname) %(*objectname) [4ms]
[2022-02-07T01:10:42.599Z] > git remote --verbose [2ms]
[2022-02-07T01:10:42.644Z] > git config --get commit.template [5ms]
[2022-02-07T01:10:47.676Z] > git symbolic-ref --short HEAD [2ms]
[2022-02-07T01:10:47.680Z] > git for-each-ref --format=%(refname)%00%(upstream:short)%00%(objectname)%00%(upstream:track) refs/heads/dev refs/remotes/dev [1ms]
[2022-02-07T01:10:47.686Z] > git for-each-ref --sort -committerdate --format %(refname) %(objectname) %(*objectname) [4ms]
[2022-02-07T01:10:47.688Z] > git remote --verbose [2ms]
[2022-02-07T01:10:47.721Z] > git config --get commit.template [5ms]
[2022-02-07T01:10:52.752Z] > git symbolic-ref --short HEAD [2ms]
[2022-02-07T01:10:52.756Z] > git for-each-ref --format=%(refname)%00%(upstream:short)%00%(objectname)%00%(upstream:track) refs/heads/dev refs/remotes/dev [1ms]
[2022-02-07T01:10:52.762Z] > git for-each-ref --sort -committerdate --format %(refname) %(objectname) %(*objectname) [3ms]
[2022-02-07T01:10:52.764Z] > git remote --verbose [2ms]
[2022-02-07T01:10:52.806Z] > git config --get commit.template [5ms]
[2022-02-07T01:10:57.838Z] > git symbolic-ref --short HEAD [2ms]
[2022-02-07T01:10:57.842Z] > git for-each-ref --format=%(refname)%00%(upstream:short)%00%(objectname)%00%(upstream:track) refs/heads/dev refs/remotes/dev [1ms]
[2022-02-07T01:10:57.848Z] > git for-each-ref --sort -committerdate --format %(refname) %(objectname) %(*objectname) [3ms]
[2022-02-07T01:10:57.850Z] > git remote --verbose [2ms]
[2022-02-07T01:10:57.883Z] > git config --get commit.template [5ms]
[2022-02-07T01:11:02.917Z] > git symbolic-ref --short HEAD [3ms]
[2022-02-07T01:11:02.921Z] > git for-each-ref --format=%(refname)%00%(upstream:short)%00%(objectname)%00%(upstream:track) refs/heads/dev refs/remotes/dev [1ms]
[2022-02-07T01:11:02.928Z] > git for-each-ref --sort -committerdate --format %(refname) %(objectname) %(*objectname) [4ms]
[2022-02-07T01:11:02.930Z] > git remote --verbose [2ms]
[2022-02-07T01:11:02.973Z] > git config --get commit.template [6ms]
[2022-02-07T01:11:08.005Z] > git symbolic-ref --short HEAD [2ms]
[2022-02-07T01:11:08.010Z] > git for-each-ref --format=%(refname)%00%(upstream:short)%00%(objectname)%00%(upstream:track) refs/heads/dev refs/remotes/dev [1ms]
[2022-02-07T01:11:08.016Z] > git for-each-ref --sort -committerdate --format %(refname) %(objectname) %(*objectname) [4ms]
[2022-02-07T01:11:08.018Z] > git remote --verbose [2ms]
[2022-02-07T01:11:08.053Z] > git config --get commit.template [6ms]
[2022-02-07T01:11:13.085Z] > git symbolic-ref --short HEAD [2ms]
[2022-02-07T01:11:13.089Z] > git for-each-ref --format=%(refname)%00%(upstream:short)%00%(objectname)%00%(upstream:track) refs/heads/dev refs/remotes/dev [2ms]
[2022-02-07T01:11:13.095Z] > git for-each-ref --sort -committerdate --format %(refname) %(objectname) %(*objectname) [4ms]
[2022-02-07T01:11:13.096Z] > git remote --verbose [2ms]
[2022-02-07T01:11:13.139Z] > git config --get commit.template [6ms]
[2022-02-07T01:11:18.173Z] > git symbolic-ref --short HEAD [2ms]
[2022-02-07T01:11:18.177Z] > git for-each-ref --format=%(refname)%00%(upstream:short)%00%(objectname)%00%(upstream:track) refs/heads/dev refs/remotes/dev [1ms]
[2022-02-07T01:11:18.184Z] > git for-each-ref --sort -committerdate --format %(refname) %(objectname) %(*objectname) [4ms]
[2022-02-07T01:11:18.185Z] > git remote --verbose [2ms]
[2022-02-07T01:11:18.220Z] > git config --get commit.template [5ms]
[2022-02-07T01:11:23.254Z] > git symbolic-ref --short HEAD [2ms]
[2022-02-07T01:11:23.257Z] > git for-each-ref --format=%(refname)%00%(upstream:short)%00%(objectname)%00%(upstream:track) refs/heads/dev refs/remotes/dev [1ms]
[2022-02-07T01:11:23.264Z] > git for-each-ref --sort -committerdate --format %(refname) %(objectname) %(*objectname) [4ms]
[2022-02-07T01:11:23.265Z] > git remote --verbose [2ms]
[2022-02-07T01:11:23.308Z] > git config --get commit.template [6ms]
[2022-02-07T01:11:28.341Z] > git symbolic-ref --short HEAD [2ms]
[2022-02-07T01:11:28.345Z] > git for-each-ref --format=%(refname)%00%(upstream:short)%00%(objectname)%00%(upstream:track) refs/heads/dev refs/remotes/dev [2ms]
[2022-02-07T01:11:28.351Z] > git for-each-ref --sort -committerdate --format %(refname) %(objectname) %(*objectname) [4ms]
[2022-02-07T01:11:28.352Z] > git remote --verbose [2ms]
[2022-02-07T01:11:28.389Z] > git config --get commit.template [6ms]
[2022-02-07T01:11:33.466Z] > git symbolic-ref --short HEAD [2ms]
[2022-02-07T01:11:33.470Z] > git for-each-ref --format=%(refname)%00%(upstream:short)%00%(objectname)%00%(upstream:track) refs/heads/dev refs/remotes/dev [2ms]
[2022-02-07T01:11:33.476Z] > git for-each-ref --sort -committerdate --format %(refname) %(objectname) %(*objectname) [4ms]
[2022-02-07T01:11:33.477Z] > git remote --verbose [2ms]
[2022-02-07T01:11:33.519Z] > git config --get commit.template [3ms]
[2022-02-07T01:11:38.551Z] > git symbolic-ref --short HEAD [2ms]
[2022-02-07T01:11:38.555Z] > git for-each-ref --format=%(refname)%00%(upstream:short)%00%(objectname)%00%(upstream:track) refs/heads/tuncay-files refs/remotes/tuncay-files [1ms]
[2022-02-07T01:11:38.562Z] > git for-each-ref --sort -committerdate --format %(refname) %(objectname) %(*objectname) [4ms]
[2022-02-07T01:11:38.563Z] > git remote --verbose [2ms]
[2022-02-07T01:11:38.596Z] > git config --get commit.template [5ms]
[2022-02-07T01:11:43.629Z] > git symbolic-ref --short HEAD [2ms]
[2022-02-07T01:11:43.633Z] > git for-each-ref --format=%(refname)%00%(upstream:short)%00%(objectname)%00%(upstream:track) refs/heads/tuncay-files refs/remotes/tuncay-files [2ms]
[2022-02-07T01:11:43.639Z] > git for-each-ref --sort -committerdate --format %(refname) %(objectname) %(*objectname) [4ms]
[2022-02-07T01:11:43.640Z] > git remote --verbose [2ms]
[2022-02-07T01:11:43.683Z] > git config --get commit.template [5ms]
[2022-02-07T01:11:48.716Z] > git symbolic-ref --short HEAD [2ms]
[2022-02-07T01:11:48.725Z] > git for-each-ref --format=%(refname)%00%(upstream:short)%00%(objectname)%00%(upstream:track) refs/heads/tuncay-files refs/remotes/tuncay-files [2ms]
[2022-02-07T01:11:48.737Z] > git for-each-ref --sort -committerdate --format %(refname) %(objectname) %(*objectname) [8ms]
[2022-02-07T01:11:48.738Z] > git remote --verbose [2ms]
[2022-02-07T01:11:48.772Z] > git config --get commit.template [5ms]
[2022-02-07T01:11:53.804Z] > git symbolic-ref --short HEAD [2ms]
[2022-02-07T01:11:53.809Z] > git for-each-ref --format=%(refname)%00%(upstream:short)%00%(objectname)%00%(upstream:track) refs/heads/tuncay-files refs/remotes/tuncay-files [2ms]
[2022-02-07T01:11:53.815Z] > git for-each-ref --sort -committerdate --format %(refname) %(objectname) %(*objectname) [4ms]
[2022-02-07T01:11:53.816Z] > git remote --verbose [2ms]
[2022-02-07T01:11:53.859Z] > git config --get commit.template [6ms]
[2022-02-07T01:11:58.891Z] > git symbolic-ref --short HEAD [2ms]
[2022-02-07T01:11:58.895Z] > git for-each-ref --format=%(refname)%00%(upstream:short)%00%(objectname)%00%(upstream:track) refs/heads/tuncay-files refs/remotes/tuncay-files [2ms]
[2022-02-07T01:11:58.901Z] > git for-each-ref --sort -committerdate --format %(refname) %(objectname) %(*objectname) [4ms]
[2022-02-07T01:11:58.902Z] > git remote --verbose [2ms]
[2022-02-07T01:11:58.936Z] > git config --get commit.template [5ms]
[2022-02-07T01:12:03.968Z] > git symbolic-ref --short HEAD [2ms]
[2022-02-07T01:12:03.972Z] > git for-each-ref --format=%(refname)%00%(upstream:short)%00%(objectname)%00%(upstream:track) refs/heads/tuncay-files refs/remotes/tuncay-files [1ms]
[2022-02-07T01:12:03.978Z] > git for-each-ref --sort -committerdate --format %(refname) %(objectname) %(*objectname) [3ms]
[2022-02-07T01:12:03.980Z] > git remote --verbose [2ms]
[2022-02-07T01:12:04.022Z] > git config --get commit.template [6ms]
[2022-02-07T01:12:09.054Z] > git symbolic-ref --short HEAD [2ms]
[2022-02-07T01:12:09.058Z] > git for-each-ref --format=%(refname)%00%(upstream:short)%00%(objectname)%00%(upstream:track) refs/heads/tuncay-files refs/remotes/tuncay-files [2ms]
[2022-02-07T01:12:09.064Z] > git for-each-ref --sort -committerdate --format %(refname) %(objectname) %(*objectname) [4ms]
[2022-02-07T01:12:09.066Z] > git remote --verbose [2ms]
[2022-02-07T01:12:09.101Z] > git config --get commit.template [5ms]
