[2022-02-07T00:37:20.606Z] Validating found git in: git
[2022-02-07T00:37:20.657Z] Using git 2.32.0 from git
[2022-02-07T00:37:20.728Z] > git rev-parse --git-dir [24ms]
[2022-02-07T00:37:20.740Z] Open repository: /home/ec2-user
[2022-02-07T00:37:20.763Z] > git fetch [14ms]
[2022-02-07T00:37:20.780Z] > git symbolic-ref --short HEAD [2ms]
[2022-02-07T00:37:20.784Z] > git for-each-ref --format=%(refname)%00%(upstream:short)%00%(objectname)%00%(upstream:track) refs/heads/deneme refs/remotes/deneme [2ms]
[2022-02-07T00:37:20.790Z] > git for-each-ref --sort -committerdate --format %(refname) %(objectname) %(*objectname) [4ms]
[2022-02-07T00:37:20.791Z] > git remote --verbose [2ms]
[2022-02-07T00:37:21.600Z] > git config --get commit.template [46ms]
[2022-02-07T00:37:21.690Z] > git symbolic-ref --short HEAD [7ms]
[2022-02-07T00:37:21.699Z] > git for-each-ref --format=%(refname)%00%(upstream:short)%00%(objectname)%00%(upstream:track) refs/heads/deneme refs/remotes/deneme [6ms]
[2022-02-07T00:37:21.707Z] > git for-each-ref --sort -committerdate --format %(refname) %(objectname) %(*objectname) [6ms]
[2022-02-07T00:37:21.709Z] > git remote --verbose [5ms]
[2022-02-07T00:37:21.769Z] > git config --get commit.template [5ms]
[2022-02-07T00:37:22.790Z] > git ls-files --stage -- /home/ec2-user/Terraform-Project/autoscalling/main.tf [4ms]
[2022-02-07T00:37:23.040Z] > git ls-files --stage -- /home/ec2-user/Terraform-Project/autoscalling/main.tf [3ms]
[2022-02-07T00:37:26.962Z] > git symbolic-ref --short HEAD [2ms]
[2022-02-07T00:37:26.966Z] > git for-each-ref --format=%(refname)%00%(upstream:short)%00%(objectname)%00%(upstream:track) refs/heads/deneme refs/remotes/deneme [1ms]
[2022-02-07T00:37:26.972Z] > git for-each-ref --sort -committerdate --format %(refname) %(objectname) %(*objectname) [4ms]
[2022-02-07T00:37:26.974Z] > git remote --verbose [2ms]
[2022-02-07T00:37:27.009Z] > git config --get commit.template [2ms]
[2022-02-07T00:48:29.644Z] > git fetch [12ms]
[2022-02-07T00:48:29.660Z] > git symbolic-ref --short HEAD [2ms]
[2022-02-07T00:48:29.664Z] > git for-each-ref --format=%(refname)%00%(upstream:short)%00%(objectname)%00%(upstream:track) refs/heads/deneme refs/remotes/deneme [1ms]
[2022-02-07T00:48:29.670Z] > git for-each-ref --sort -committerdate --format %(refname) %(objectname) %(*objectname) [4ms]
[2022-02-07T00:48:29.671Z] > git remote --verbose [2ms]
[2022-02-07T00:48:29.708Z] > git config --get commit.template [2ms]
[2022-02-07T00:48:29.734Z] > git symbolic-ref --short HEAD [2ms]
[2022-02-07T00:48:29.738Z] > git for-each-ref --format=%(refname)%00%(upstream:short)%00%(objectname)%00%(upstream:track) refs/heads/deneme refs/remotes/deneme [1ms]
[2022-02-07T00:48:29.743Z] > git for-each-ref --sort -committerdate --format %(refname) %(objectname) %(*objectname) [3ms]
[2022-02-07T00:48:29.744Z] > git remote --verbose [2ms]
[2022-02-07T00:48:29.790Z] > git config --get commit.template [2ms]
[2022-02-07T00:48:31.911Z] > git ls-files --stage -- /home/ec2-user/Terraform-Project/autoscalling/main.tf [2ms]
[2022-02-07T00:48:34.738Z] > git symbolic-ref --short HEAD [2ms]
[2022-02-07T00:48:34.742Z] > git for-each-ref --format=%(refname)%00%(upstream:short)%00%(objectname)%00%(upstream:track) refs/heads/deneme refs/remotes/deneme [2ms]
[2022-02-07T00:48:34.748Z] > git for-each-ref --sort -committerdate --format %(refname) %(objectname) %(*objectname) [4ms]
[2022-02-07T00:48:34.749Z] > git remote --verbose [2ms]
[2022-02-07T00:48:34.780Z] > git config --get commit.template [2ms]
[2022-02-07T00:48:39.805Z] > git symbolic-ref --short HEAD [2ms]
[2022-02-07T00:48:39.809Z] > git for-each-ref --format=%(refname)%00%(upstream:short)%00%(objectname)%00%(upstream:track) refs/heads/deneme refs/remotes/deneme [1ms]
[2022-02-07T00:48:39.815Z] > git for-each-ref --sort -committerdate --format %(refname) %(objectname) %(*objectname) [3ms]
[2022-02-07T00:48:39.816Z] > git remote --verbose [2ms]
[2022-02-07T00:48:39.849Z] > git config --get commit.template [5ms]
[2022-02-07T00:48:44.874Z] > git symbolic-ref --short HEAD [1ms]
[2022-02-07T00:48:44.877Z] > git for-each-ref --format=%(refname)%00%(upstream:short)%00%(objectname)%00%(upstream:track) refs/heads/deneme refs/remotes/deneme [1ms]
[2022-02-07T00:48:44.883Z] > git for-each-ref --sort -committerdate --format %(refname) %(objectname) %(*objectname) [4ms]
[2022-02-07T00:48:44.884Z] > git remote --verbose [2ms]
[2022-02-07T00:48:44.923Z] > git config --get commit.template [2ms]
[2022-02-07T00:48:45.788Z] > git ls-files --stage -- /home/ec2-user/exam/terrafom.tf [4ms]
[2022-02-07T00:48:49.951Z] > git symbolic-ref --short HEAD [2ms]
[2022-02-07T00:48:49.955Z] > git for-each-ref --format=%(refname)%00%(upstream:short)%00%(objectname)%00%(upstream:track) refs/heads/deneme refs/remotes/deneme [2ms]
[2022-02-07T00:48:49.961Z] > git for-each-ref --sort -committerdate --format %(refname) %(objectname) %(*objectname) [4ms]
[2022-02-07T00:48:49.962Z] > git remote --verbose [2ms]
[2022-02-07T00:48:50.012Z] > git config --get commit.template [6ms]
[2022-02-07T00:48:56.940Z] > git symbolic-ref --short HEAD [2ms]
[2022-02-07T00:48:56.943Z] > git for-each-ref --format=%(refname)%00%(upstream:short)%00%(objectname)%00%(upstream:track) refs/heads/deneme refs/remotes/deneme [1ms]
[2022-02-07T00:48:56.949Z] > git for-each-ref --sort -committerdate --format %(refname) %(objectname) %(*objectname) [3ms]
[2022-02-07T00:48:56.950Z] > git remote --verbose [2ms]
[2022-02-07T00:48:56.985Z] > git config --get commit.template [2ms]
[2022-02-07T00:49:02.022Z] > git symbolic-ref --short HEAD [2ms]
[2022-02-07T00:49:02.026Z] > git for-each-ref --format=%(refname)%00%(upstream:short)%00%(objectname)%00%(upstream:track) refs/heads/deneme refs/remotes/deneme [1ms]
[2022-02-07T00:49:02.034Z] > git for-each-ref --sort -committerdate --format %(refname) %(objectname) %(*objectname) [5ms]
[2022-02-07T00:49:02.036Z] > git remote --verbose [3ms]
[2022-02-07T00:49:02.072Z] > git config --get commit.template [5ms]
[2022-02-07T00:49:07.097Z] > git symbolic-ref --short HEAD [2ms]
[2022-02-07T00:49:07.102Z] > git for-each-ref --format=%(refname)%00%(upstream:short)%00%(objectname)%00%(upstream:track) refs/heads/deneme refs/remotes/deneme [2ms]
[2022-02-07T00:49:07.108Z] > git for-each-ref --sort -committerdate --format %(refname) %(objectname) %(*objectname) [4ms]
[2022-02-07T00:49:07.109Z] > git remote --verbose [2ms]
[2022-02-07T00:49:07.145Z] > git config --get commit.template [6ms]
[2022-02-07T00:49:14.118Z] > git symbolic-ref --short HEAD [2ms]
[2022-02-07T00:49:14.122Z] > git for-each-ref --format=%(refname)%00%(upstream:short)%00%(objectname)%00%(upstream:track) refs/heads/deneme refs/remotes/deneme [1ms]
[2022-02-07T00:49:14.129Z] > git for-each-ref --sort -committerdate --format %(refname) %(objectname) %(*objectname) [4ms]
[2022-02-07T00:49:14.130Z] > git remote --verbose [2ms]
[2022-02-07T00:49:14.169Z] > git config --get commit.template [2ms]
[2022-02-07T00:49:19.193Z] > git symbolic-ref --short HEAD [2ms]
[2022-02-07T00:49:19.197Z] > git for-each-ref --format=%(refname)%00%(upstream:short)%00%(objectname)%00%(upstream:track) refs/heads/deneme refs/remotes/deneme [1ms]
[2022-02-07T00:49:19.204Z] > git for-each-ref --sort -committerdate --format %(refname) %(objectname) %(*objectname) [4ms]
[2022-02-07T00:49:19.206Z] > git remote --verbose [3ms]
[2022-02-07T00:49:19.244Z] > git config --get commit.template [6ms]
[2022-02-07T00:49:24.268Z] > git symbolic-ref --short HEAD [2ms]
[2022-02-07T00:49:24.271Z] > git for-each-ref --format=%(refname)%00%(upstream:short)%00%(objectname)%00%(upstream:track) refs/heads/deneme refs/remotes/deneme [1ms]
[2022-02-07T00:49:24.277Z] > git for-each-ref --sort -committerdate --format %(refname) %(objectname) %(*objectname) [3ms]
[2022-02-07T00:49:24.280Z] > git remote --verbose [3ms]
[2022-02-07T00:49:24.313Z] > git config --get commit.template [5ms]
[2022-02-07T00:49:29.337Z] > git symbolic-ref --short HEAD [2ms]
[2022-02-07T00:49:29.340Z] > git for-each-ref --format=%(refname)%00%(upstream:short)%00%(objectname)%00%(upstream:track) refs/heads/deneme refs/remotes/deneme [1ms]
[2022-02-07T00:49:29.346Z] > git for-each-ref --sort -committerdate --format %(refname) %(objectname) %(*objectname) [4ms]
[2022-02-07T00:49:29.347Z] > git remote --verbose [2ms]
[2022-02-07T00:49:29.382Z] > git config --get commit.template [2ms]
[2022-02-07T00:49:34.407Z] > git symbolic-ref --short HEAD [2ms]
[2022-02-07T00:49:34.411Z] > git for-each-ref --format=%(refname)%00%(upstream:short)%00%(objectname)%00%(upstream:track) refs/heads/deneme refs/remotes/deneme [2ms]
[2022-02-07T00:49:34.416Z] > git for-each-ref --sort -committerdate --format %(refname) %(objectname) %(*objectname) [3ms]
[2022-02-07T00:49:34.418Z] > git remote --verbose [2ms]
[2022-02-07T00:49:34.450Z] > git config --get commit.template [5ms]
[2022-02-07T00:49:45.958Z] > git symbolic-ref --short HEAD [2ms]
[2022-02-07T00:49:45.962Z] > git for-each-ref --format=%(refname)%00%(upstream:short)%00%(objectname)%00%(upstream:track) refs/heads/deneme refs/remotes/deneme [2ms]
[2022-02-07T00:49:45.968Z] > git for-each-ref --sort -committerdate --format %(refname) %(objectname) %(*objectname) [4ms]
[2022-02-07T00:49:45.969Z] > git remote --verbose [2ms]
[2022-02-07T00:49:46.007Z] > git config --get commit.template [4ms]
[2022-02-07T00:49:51.031Z] > git symbolic-ref --short HEAD [2ms]
[2022-02-07T00:49:51.034Z] > git for-each-ref --format=%(refname)%00%(upstream:short)%00%(objectname)%00%(upstream:track) refs/heads/deneme refs/remotes/deneme [1ms]
[2022-02-07T00:49:51.040Z] > git for-each-ref --sort -committerdate --format %(refname) %(objectname) %(*objectname) [3ms]
[2022-02-07T00:49:51.042Z] > git remote --verbose [2ms]
[2022-02-07T00:49:51.077Z] > git config --get commit.template [5ms]
[2022-02-07T00:49:56.102Z] > git symbolic-ref --short HEAD [2ms]
[2022-02-07T00:49:56.106Z] > git for-each-ref --format=%(refname)%00%(upstream:short)%00%(objectname)%00%(upstream:track) refs/heads/deneme refs/remotes/deneme [2ms]
[2022-02-07T00:49:56.112Z] > git for-each-ref --sort -committerdate --format %(refname) %(objectname) %(*objectname) [4ms]
[2022-02-07T00:49:56.113Z] > git remote --verbose [2ms]
[2022-02-07T00:49:56.144Z] > git config --get commit.template [2ms]
[2022-02-07T00:50:01.188Z] > git symbolic-ref --short HEAD [2ms]
[2022-02-07T00:50:01.193Z] > git for-each-ref --format=%(refname)%00%(upstream:short)%00%(objectname)%00%(upstream:track) refs/heads/deneme refs/remotes/deneme [1ms]
[2022-02-07T00:50:01.202Z] > git for-each-ref --sort -committerdate --format %(refname) %(objectname) %(*objectname) [5ms]
[2022-02-07T00:50:01.203Z] > git remote --verbose [2ms]
[2022-02-07T00:50:01.236Z] > git config --get commit.template [6ms]
[2022-02-07T00:50:06.261Z] > git symbolic-ref --short HEAD [2ms]
[2022-02-07T00:50:06.265Z] > git for-each-ref --format=%(refname)%00%(upstream:short)%00%(objectname)%00%(upstream:track) refs/heads/deneme refs/remotes/deneme [1ms]
[2022-02-07T00:50:06.271Z] > git for-each-ref --sort -committerdate --format %(refname) %(objectname) %(*objectname) [4ms]
[2022-02-07T00:50:06.272Z] > git remote --verbose [2ms]
[2022-02-07T00:50:06.311Z] > git config --get commit.template [5ms]
[2022-02-07T00:50:11.337Z] > git symbolic-ref --short HEAD [2ms]
[2022-02-07T00:50:11.341Z] > git for-each-ref --format=%(refname)%00%(upstream:short)%00%(objectname)%00%(upstream:track) refs/heads/deneme refs/remotes/deneme [2ms]
[2022-02-07T00:50:11.347Z] > git for-each-ref --sort -committerdate --format %(refname) %(objectname) %(*objectname) [4ms]
[2022-02-07T00:50:11.348Z] > git remote --verbose [2ms]
[2022-02-07T00:50:11.380Z] > git config --get commit.template [5ms]
[2022-02-07T00:50:28.212Z] > git symbolic-ref --short HEAD [2ms]
[2022-02-07T00:50:28.217Z] > git for-each-ref --format=%(refname)%00%(upstream:short)%00%(objectname)%00%(upstream:track) refs/heads/deneme refs/remotes/deneme [1ms]
[2022-02-07T00:50:28.224Z] > git for-each-ref --sort -committerdate --format %(refname) %(objectname) %(*objectname) [4ms]
[2022-02-07T00:50:28.226Z] > git remote --verbose [2ms]
[2022-02-07T00:50:28.260Z] > git config --get commit.template [2ms]
[2022-02-07T00:50:33.295Z] > git symbolic-ref --short HEAD [3ms]
[2022-02-07T00:50:33.299Z] > git for-each-ref --format=%(refname)%00%(upstream:short)%00%(objectname)%00%(upstream:track) refs/heads/deneme refs/remotes/deneme [1ms]
[2022-02-07T00:50:33.305Z] > git for-each-ref --sort -committerdate --format %(refname) %(objectname) %(*objectname) [4ms]
[2022-02-07T00:50:33.306Z] > git remote --verbose [1ms]
[2022-02-07T00:50:33.350Z] > git config --get commit.template [5ms]
[2022-02-07T00:50:38.375Z] > git symbolic-ref --short HEAD [2ms]
[2022-02-07T00:50:38.381Z] > git for-each-ref --format=%(refname)%00%(upstream:short)%00%(objectname)%00%(upstream:track) refs/heads/deneme refs/remotes/deneme [2ms]
[2022-02-07T00:50:38.387Z] > git for-each-ref --sort -committerdate --format %(refname) %(objectname) %(*objectname) [3ms]
[2022-02-07T00:50:38.389Z] > git remote --verbose [2ms]
[2022-02-07T00:50:38.427Z] > git config --get commit.template [6ms]
[2022-02-07T00:50:43.451Z] > git symbolic-ref --short HEAD [2ms]
[2022-02-07T00:50:43.455Z] > git for-each-ref --format=%(refname)%00%(upstream:short)%00%(objectname)%00%(upstream:track) refs/heads/deneme refs/remotes/deneme [1ms]
[2022-02-07T00:50:43.461Z] > git for-each-ref --sort -committerdate --format %(refname) %(objectname) %(*objectname) [3ms]
[2022-02-07T00:50:43.463Z] > git remote --verbose [2ms]
[2022-02-07T00:50:43.498Z] > git config --get commit.template [5ms]
[2022-02-07T00:50:48.523Z] > git symbolic-ref --short HEAD [2ms]
[2022-02-07T00:50:48.527Z] > git for-each-ref --format=%(refname)%00%(upstream:short)%00%(objectname)%00%(upstream:track) refs/heads/deneme refs/remotes/deneme [1ms]
[2022-02-07T00:50:48.533Z] > git for-each-ref --sort -committerdate --format %(refname) %(objectname) %(*objectname) [4ms]
[2022-02-07T00:50:48.534Z] > git remote --verbose [2ms]
[2022-02-07T00:50:48.566Z] > git config --get commit.template [6ms]
[2022-02-07T00:50:53.590Z] > git symbolic-ref --short HEAD [1ms]
[2022-02-07T00:50:53.594Z] > git for-each-ref --format=%(refname)%00%(upstream:short)%00%(objectname)%00%(upstream:track) refs/heads/deneme refs/remotes/deneme [1ms]
[2022-02-07T00:50:53.600Z] > git for-each-ref --sort -committerdate --format %(refname) %(objectname) %(*objectname) [3ms]
[2022-02-07T00:50:53.602Z] > git remote --verbose [2ms]
[2022-02-07T00:50:53.634Z] > git config --get commit.template [5ms]
[2022-02-07T00:50:58.659Z] > git symbolic-ref --short HEAD [2ms]
[2022-02-07T00:50:58.662Z] > git for-each-ref --format=%(refname)%00%(upstream:short)%00%(objectname)%00%(upstream:track) refs/heads/deneme refs/remotes/deneme [1ms]
[2022-02-07T00:50:58.668Z] > git for-each-ref --sort -committerdate --format %(refname) %(objectname) %(*objectname) [3ms]
[2022-02-07T00:50:58.670Z] > git remote --verbose [2ms]
[2022-02-07T00:50:58.706Z] > git config --get commit.template [6ms]
[2022-02-07T00:51:03.733Z] > git symbolic-ref --short HEAD [3ms]
[2022-02-07T00:51:03.737Z] > git for-each-ref --format=%(refname)%00%(upstream:short)%00%(objectname)%00%(upstream:track) refs/heads/deneme refs/remotes/deneme [2ms]
[2022-02-07T00:51:03.743Z] > git for-each-ref --sort -committerdate --format %(refname) %(objectname) %(*objectname) [4ms]
[2022-02-07T00:51:03.744Z] > git remote --verbose [2ms]
[2022-02-07T00:51:03.775Z] > git config --get commit.template [5ms]
[2022-02-07T00:51:08.799Z] > git symbolic-ref --short HEAD [2ms]
[2022-02-07T00:51:08.803Z] > git for-each-ref --format=%(refname)%00%(upstream:short)%00%(objectname)%00%(upstream:track) refs/heads/deneme refs/remotes/deneme [1ms]
[2022-02-07T00:51:08.809Z] > git for-each-ref --sort -committerdate --format %(refname) %(objectname) %(*objectname) [4ms]
[2022-02-07T00:51:08.810Z] > git remote --verbose [2ms]
[2022-02-07T00:51:08.853Z] > git config --get commit.template [9ms]
[2022-02-07T00:51:13.879Z] > git symbolic-ref --short HEAD [2ms]
[2022-02-07T00:51:13.882Z] > git for-each-ref --format=%(refname)%00%(upstream:short)%00%(objectname)%00%(upstream:track) refs/heads/deneme refs/remotes/deneme [1ms]
[2022-02-07T00:51:13.888Z] > git for-each-ref --sort -committerdate --format %(refname) %(objectname) %(*objectname) [3ms]
[2022-02-07T00:51:13.890Z] > git remote --verbose [2ms]
[2022-02-07T00:51:13.922Z] > git config --get commit.template [5ms]
[2022-02-07T00:51:18.947Z] > git symbolic-ref --short HEAD [2ms]
[2022-02-07T00:51:18.950Z] > git for-each-ref --format=%(refname)%00%(upstream:short)%00%(objectname)%00%(upstream:track) refs/heads/deneme refs/remotes/deneme [1ms]
[2022-02-07T00:51:18.956Z] > git for-each-ref --sort -committerdate --format %(refname) %(objectname) %(*objectname) [3ms]
[2022-02-07T00:51:18.958Z] > git remote --verbose [2ms]
[2022-02-07T00:51:18.990Z] > git config --get commit.template [5ms]
[2022-02-07T00:51:24.015Z] > git symbolic-ref --short HEAD [2ms]
[2022-02-07T00:51:24.019Z] > git for-each-ref --format=%(refname)%00%(upstream:short)%00%(objectname)%00%(upstream:track) refs/heads/deneme refs/remotes/deneme [1ms]
[2022-02-07T00:51:24.025Z] > git for-each-ref --sort -committerdate --format %(refname) %(objectname) %(*objectname) [3ms]
[2022-02-07T00:51:24.026Z] > git remote --verbose [1ms]
[2022-02-07T00:51:24.063Z] > git config --get commit.template [6ms]
[2022-02-07T00:51:29.089Z] > git symbolic-ref --short HEAD [3ms]
[2022-02-07T00:51:29.093Z] > git for-each-ref --format=%(refname)%00%(upstream:short)%00%(objectname)%00%(upstream:track) refs/heads/deneme refs/remotes/deneme [2ms]
[2022-02-07T00:51:29.099Z] > git for-each-ref --sort -committerdate --format %(refname) %(objectname) %(*objectname) [4ms]
[2022-02-07T00:51:29.100Z] > git remote --verbose [2ms]
[2022-02-07T00:51:29.132Z] > git config --get commit.template [6ms]
[2022-02-07T00:51:29.966Z] > git fetch [61ms]
[2022-02-07T00:51:30.002Z] > git symbolic-ref --short HEAD [2ms]
[2022-02-07T00:51:30.009Z] > git for-each-ref --format=%(refname)%00%(upstream:short)%00%(objectname)%00%(upstream:track) refs/heads/deneme refs/remotes/deneme [2ms]
[2022-02-07T00:51:30.019Z] > git for-each-ref --sort -committerdate --format %(refname) %(objectname) %(*objectname) [6ms]
[2022-02-07T00:51:30.021Z] > git remote --verbose [3ms]
[2022-02-07T00:51:30.061Z] > git config --get commit.template [6ms]
[2022-02-07T00:51:32.067Z] > git ls-files --stage -- /home/ec2-user/exam/terrafom.tf [3ms]
[2022-02-07T00:51:34.156Z] > git symbolic-ref --short HEAD [2ms]
[2022-02-07T00:51:34.159Z] > git for-each-ref --format=%(refname)%00%(upstream:short)%00%(objectname)%00%(upstream:track) refs/heads/deneme refs/remotes/deneme [1ms]
[2022-02-07T00:51:34.165Z] > git for-each-ref --sort -committerdate --format %(refname) %(objectname) %(*objectname) [3ms]
[2022-02-07T00:51:34.166Z] > git remote --verbose [1ms]
[2022-02-07T00:51:34.200Z] > git config --get commit.template [7ms]
[2022-02-07T00:51:39.226Z] > git symbolic-ref --short HEAD [2ms]
[2022-02-07T00:51:39.230Z] > git for-each-ref --format=%(refname)%00%(upstream:short)%00%(objectname)%00%(upstream:track) refs/heads/deneme refs/remotes/deneme [2ms]
[2022-02-07T00:51:39.236Z] > git for-each-ref --sort -committerdate --format %(refname) %(objectname) %(*objectname) [4ms]
[2022-02-07T00:51:39.237Z] > git remote --verbose [2ms]
[2022-02-07T00:51:39.273Z] > git config --get commit.template [6ms]
[2022-02-07T00:51:44.296Z] > git symbolic-ref --short HEAD [2ms]
[2022-02-07T00:51:44.300Z] > git for-each-ref --format=%(refname)%00%(upstream:short)%00%(objectname)%00%(upstream:track) refs/heads/deneme refs/remotes/deneme [2ms]
[2022-02-07T00:51:44.305Z] > git for-each-ref --sort -committerdate --format %(refname) %(objectname) %(*objectname) [3ms]
[2022-02-07T00:51:44.307Z] > git remote --verbose [2ms]
[2022-02-07T00:51:44.343Z] > git config --get commit.template [5ms]
[2022-02-07T00:51:49.370Z] > git symbolic-ref --short HEAD [1ms]
[2022-02-07T00:51:49.374Z] > git for-each-ref --format=%(refname)%00%(upstream:short)%00%(objectname)%00%(upstream:track) refs/heads/deneme refs/remotes/deneme [1ms]
[2022-02-07T00:51:49.380Z] > git for-each-ref --sort -committerdate --format %(refname) %(objectname) %(*objectname) [4ms]
[2022-02-07T00:51:49.381Z] > git remote --verbose [2ms]
[2022-02-07T00:51:49.413Z] > git config --get commit.template [5ms]
[2022-02-07T00:51:54.439Z] > git symbolic-ref --short HEAD [2ms]
[2022-02-07T00:51:54.442Z] > git for-each-ref --format=%(refname)%00%(upstream:short)%00%(objectname)%00%(upstream:track) refs/heads/deneme refs/remotes/deneme [1ms]
[2022-02-07T00:51:54.448Z] > git for-each-ref --sort -committerdate --format %(refname) %(objectname) %(*objectname) [3ms]
[2022-02-07T00:51:54.449Z] > git remote --verbose [2ms]
[2022-02-07T00:51:54.481Z] > git config --get commit.template [6ms]
[2022-02-07T00:51:59.556Z] > git symbolic-ref --short HEAD [2ms]
[2022-02-07T00:51:59.560Z] > git for-each-ref --format=%(refname)%00%(upstream:short)%00%(objectname)%00%(upstream:track) refs/heads/deneme refs/remotes/deneme [1ms]
[2022-02-07T00:51:59.566Z] > git for-each-ref --sort -committerdate --format %(refname) %(objectname) %(*objectname) [3ms]
[2022-02-07T00:51:59.567Z] > git remote --verbose [2ms]
[2022-02-07T00:51:59.605Z] > git config --get commit.template [6ms]
[2022-02-07T00:52:04.629Z] > git symbolic-ref --short HEAD [2ms]
[2022-02-07T00:52:04.633Z] > git for-each-ref --format=%(refname)%00%(upstream:short)%00%(objectname)%00%(upstream:track) refs/heads/deneme refs/remotes/deneme [1ms]
[2022-02-07T00:52:04.639Z] > git for-each-ref --sort -committerdate --format %(refname) %(objectname) %(*objectname) [4ms]
[2022-02-07T00:52:04.640Z] > git remote --verbose [2ms]
[2022-02-07T00:52:04.672Z] > git config --get commit.template [5ms]
[2022-02-07T00:52:09.697Z] > git symbolic-ref --short HEAD [2ms]
[2022-02-07T00:52:09.701Z] > git for-each-ref --format=%(refname)%00%(upstream:short)%00%(objectname)%00%(upstream:track) refs/heads/deneme refs/remotes/deneme [2ms]
[2022-02-07T00:52:09.707Z] > git for-each-ref --sort -committerdate --format %(refname) %(objectname) %(*objectname) [4ms]
[2022-02-07T00:52:09.708Z] > git remote --verbose [2ms]
[2022-02-07T00:52:09.740Z] > git config --get commit.template [6ms]
[2022-02-07T00:52:14.763Z] > git symbolic-ref --short HEAD [2ms]
[2022-02-07T00:52:14.767Z] > git for-each-ref --format=%(refname)%00%(upstream:short)%00%(objectname)%00%(upstream:track) refs/heads/deneme refs/remotes/deneme [2ms]
[2022-02-07T00:52:14.772Z] > git for-each-ref --sort -committerdate --format %(refname) %(objectname) %(*objectname) [3ms]
[2022-02-07T00:52:14.774Z] > git remote --verbose [2ms]
[2022-02-07T00:52:14.812Z] > git config --get commit.template [6ms]
[2022-02-07T00:52:19.836Z] > git symbolic-ref --short HEAD [2ms]
[2022-02-07T00:52:19.840Z] > git for-each-ref --format=%(refname)%00%(upstream:short)%00%(objectname)%00%(upstream:track) refs/heads/deneme refs/remotes/deneme [2ms]
[2022-02-07T00:52:19.845Z] > git for-each-ref --sort -committerdate --format %(refname) %(objectname) %(*objectname) [3ms]
[2022-02-07T00:52:19.847Z] > git remote --verbose [2ms]
[2022-02-07T00:52:19.879Z] > git config --get commit.template [5ms]
[2022-02-07T00:52:24.903Z] > git symbolic-ref --short HEAD [2ms]
[2022-02-07T00:52:24.906Z] > git for-each-ref --format=%(refname)%00%(upstream:short)%00%(objectname)%00%(upstream:track) refs/heads/deneme refs/remotes/deneme [1ms]
[2022-02-07T00:52:24.912Z] > git for-each-ref --sort -committerdate --format %(refname) %(objectname) %(*objectname) [3ms]
[2022-02-07T00:52:24.914Z] > git remote --verbose [2ms]
[2022-02-07T00:52:24.951Z] > git config --get commit.template [5ms]
[2022-02-07T00:52:29.976Z] > git symbolic-ref --short HEAD [2ms]
[2022-02-07T00:52:29.980Z] > git for-each-ref --format=%(refname)%00%(upstream:short)%00%(objectname)%00%(upstream:track) refs/heads/deneme refs/remotes/deneme [1ms]
[2022-02-07T00:52:29.986Z] > git for-each-ref --sort -committerdate --format %(refname) %(objectname) %(*objectname) [3ms]
[2022-02-07T00:52:29.988Z] > git remote --verbose [2ms]
[2022-02-07T00:52:30.026Z] > git config --get commit.template [6ms]
[2022-02-07T00:52:35.051Z] > git symbolic-ref --short HEAD [2ms]
[2022-02-07T00:52:35.055Z] > git for-each-ref --format=%(refname)%00%(upstream:short)%00%(objectname)%00%(upstream:track) refs/heads/deneme refs/remotes/deneme [1ms]
[2022-02-07T00:52:35.061Z] > git for-each-ref --sort -committerdate --format %(refname) %(objectname) %(*objectname) [4ms]
[2022-02-07T00:52:35.062Z] > git remote --verbose [2ms]
[2022-02-07T00:52:35.095Z] > git config --get commit.template [5ms]
[2022-02-07T00:52:40.120Z] > git symbolic-ref --short HEAD [2ms]
[2022-02-07T00:52:40.124Z] > git for-each-ref --format=%(refname)%00%(upstream:short)%00%(objectname)%00%(upstream:track) refs/heads/deneme refs/remotes/deneme [1ms]
[2022-02-07T00:52:40.130Z] > git for-each-ref --sort -committerdate --format %(refname) %(objectname) %(*objectname) [4ms]
[2022-02-07T00:52:40.132Z] > git remote --verbose [2ms]
[2022-02-07T00:52:40.169Z] > git config --get commit.template [5ms]
[2022-02-07T00:52:45.195Z] > git symbolic-ref --short HEAD [2ms]
[2022-02-07T00:52:45.199Z] > git for-each-ref --format=%(refname)%00%(upstream:short)%00%(objectname)%00%(upstream:track) refs/heads/deneme refs/remotes/deneme [2ms]
[2022-02-07T00:52:45.205Z] > git for-each-ref --sort -committerdate --format %(refname) %(objectname) %(*objectname) [3ms]
[2022-02-07T00:52:45.207Z] > git remote --verbose [2ms]
[2022-02-07T00:52:45.240Z] > git config --get commit.template [5ms]
[2022-02-07T00:52:50.265Z] > git symbolic-ref --short HEAD [2ms]
[2022-02-07T00:52:50.269Z] > git for-each-ref --format=%(refname)%00%(upstream:short)%00%(objectname)%00%(upstream:track) refs/heads/deneme refs/remotes/deneme [2ms]
[2022-02-07T00:52:50.275Z] > git for-each-ref --sort -committerdate --format %(refname) %(objectname) %(*objectname) [4ms]
[2022-02-07T00:52:50.276Z] > git remote --verbose [2ms]
[2022-02-07T00:52:50.314Z] > git config --get commit.template [6ms]
[2022-02-07T00:52:55.339Z] > git symbolic-ref --short HEAD [2ms]
[2022-02-07T00:52:55.342Z] > git for-each-ref --format=%(refname)%00%(upstream:short)%00%(objectname)%00%(upstream:track) refs/heads/deneme refs/remotes/deneme [1ms]
[2022-02-07T00:52:55.348Z] > git for-each-ref --sort -committerdate --format %(refname) %(objectname) %(*objectname) [3ms]
[2022-02-07T00:52:55.350Z] > git remote --verbose [2ms]
[2022-02-07T00:52:55.384Z] > git config --get commit.template [8ms]
[2022-02-07T00:53:00.411Z] > git symbolic-ref --short HEAD [2ms]
[2022-02-07T00:53:00.415Z] > git for-each-ref --format=%(refname)%00%(upstream:short)%00%(objectname)%00%(upstream:track) refs/heads/deneme refs/remotes/deneme [1ms]
[2022-02-07T00:53:00.421Z] > git for-each-ref --sort -committerdate --format %(refname) %(objectname) %(*objectname) [3ms]
[2022-02-07T00:53:00.423Z] > git remote --verbose [2ms]
[2022-02-07T00:53:00.456Z] > git config --get commit.template [5ms]
[2022-02-07T00:53:05.482Z] > git symbolic-ref --short HEAD [2ms]
[2022-02-07T00:53:05.485Z] > git for-each-ref --format=%(refname)%00%(upstream:short)%00%(objectname)%00%(upstream:track) refs/heads/deneme refs/remotes/deneme [1ms]
[2022-02-07T00:53:05.491Z] > git for-each-ref --sort -committerdate --format %(refname) %(objectname) %(*objectname) [3ms]
[2022-02-07T00:53:05.492Z] > git remote --verbose [1ms]
[2022-02-07T00:53:05.532Z] > git config --get commit.template [6ms]
[2022-02-07T00:53:10.556Z] > git symbolic-ref --short HEAD [2ms]
[2022-02-07T00:53:10.560Z] > git for-each-ref --format=%(refname)%00%(upstream:short)%00%(objectname)%00%(upstream:track) refs/heads/deneme refs/remotes/deneme [1ms]
[2022-02-07T00:53:10.565Z] > git for-each-ref --sort -committerdate --format %(refname) %(objectname) %(*objectname) [3ms]
[2022-02-07T00:53:10.567Z] > git remote --verbose [2ms]
[2022-02-07T00:53:10.598Z] > git config --get commit.template [6ms]
[2022-02-07T00:53:15.622Z] > git symbolic-ref --short HEAD [2ms]
[2022-02-07T00:53:15.626Z] > git for-each-ref --format=%(refname)%00%(upstream:short)%00%(objectname)%00%(upstream:track) refs/heads/deneme refs/remotes/deneme [1ms]
[2022-02-07T00:53:15.632Z] > git for-each-ref --sort -committerdate --format %(refname) %(objectname) %(*objectname) [4ms]
[2022-02-07T00:53:15.633Z] > git remote --verbose [2ms]
[2022-02-07T00:53:15.665Z] > git config --get commit.template [5ms]
[2022-02-07T00:53:20.690Z] > git symbolic-ref --short HEAD [2ms]
[2022-02-07T00:53:20.695Z] > git for-each-ref --format=%(refname)%00%(upstream:short)%00%(objectname)%00%(upstream:track) refs/heads/deneme refs/remotes/deneme [1ms]
[2022-02-07T00:53:20.701Z] > git for-each-ref --sort -committerdate --format %(refname) %(objectname) %(*objectname) [4ms]
[2022-02-07T00:53:20.703Z] > git remote --verbose [2ms]
[2022-02-07T00:53:20.742Z] > git config --get commit.template [6ms]
[2022-02-07T00:53:25.766Z] > git symbolic-ref --short HEAD [2ms]
[2022-02-07T00:53:25.770Z] > git for-each-ref --format=%(refname)%00%(upstream:short)%00%(objectname)%00%(upstream:track) refs/heads/deneme refs/remotes/deneme [1ms]
[2022-02-07T00:53:25.776Z] > git for-each-ref --sort -committerdate --format %(refname) %(objectname) %(*objectname) [4ms]
[2022-02-07T00:53:25.777Z] > git remote --verbose [2ms]
[2022-02-07T00:53:25.809Z] > git config --get commit.template [5ms]
[2022-02-07T00:53:30.832Z] > git symbolic-ref --short HEAD [2ms]
[2022-02-07T00:53:30.836Z] > git for-each-ref --format=%(refname)%00%(upstream:short)%00%(objectname)%00%(upstream:track) refs/heads/deneme refs/remotes/deneme [2ms]
[2022-02-07T00:53:30.842Z] > git for-each-ref --sort -committerdate --format %(refname) %(objectname) %(*objectname) [4ms]
[2022-02-07T00:53:30.843Z] > git remote --verbose [2ms]
[2022-02-07T00:53:30.880Z] > git config --get commit.template [5ms]
[2022-02-07T00:53:35.909Z] > git symbolic-ref --short HEAD [2ms]
[2022-02-07T00:53:35.912Z] > git for-each-ref --format=%(refname)%00%(upstream:short)%00%(objectname)%00%(upstream:track) refs/heads/deneme refs/remotes/deneme [1ms]
[2022-02-07T00:53:35.919Z] > git for-each-ref --sort -committerdate --format %(refname) %(objectname) %(*objectname) [4ms]
[2022-02-07T00:53:35.921Z] > git remote --verbose [2ms]
[2022-02-07T00:53:35.951Z] > git config --get commit.template [5ms]
[2022-02-07T00:53:40.977Z] > git symbolic-ref --short HEAD [2ms]
[2022-02-07T00:53:40.981Z] > git for-each-ref --format=%(refname)%00%(upstream:short)%00%(objectname)%00%(upstream:track) refs/heads/deneme refs/remotes/deneme [1ms]
[2022-02-07T00:53:40.987Z] > git for-each-ref --sort -committerdate --format %(refname) %(objectname) %(*objectname) [4ms]
[2022-02-07T00:53:40.988Z] > git remote --verbose [2ms]
[2022-02-07T00:53:41.020Z] > git config --get commit.template [5ms]
[2022-02-07T00:53:46.044Z] > git symbolic-ref --short HEAD [2ms]
[2022-02-07T00:53:46.048Z] > git for-each-ref --format=%(refname)%00%(upstream:short)%00%(objectname)%00%(upstream:track) refs/heads/deneme refs/remotes/deneme [1ms]
[2022-02-07T00:53:46.054Z] > git for-each-ref --sort -committerdate --format %(refname) %(objectname) %(*objectname) [4ms]
[2022-02-07T00:53:46.056Z] > git remote --verbose [3ms]
[2022-02-07T00:53:46.092Z] > git config --get commit.template [6ms]
[2022-02-07T00:53:51.121Z] > git symbolic-ref --short HEAD [2ms]
[2022-02-07T00:53:51.125Z] > git for-each-ref --format=%(refname)%00%(upstream:short)%00%(objectname)%00%(upstream:track) refs/heads/deneme refs/remotes/deneme [1ms]
[2022-02-07T00:53:51.131Z] > git for-each-ref --sort -committerdate --format %(refname) %(objectname) %(*objectname) [4ms]
[2022-02-07T00:53:51.132Z] > git remote --verbose [2ms]
[2022-02-07T00:53:51.164Z] > git config --get commit.template [6ms]
[2022-02-07T00:53:56.188Z] > git symbolic-ref --short HEAD [2ms]
[2022-02-07T00:53:56.192Z] > git for-each-ref --format=%(refname)%00%(upstream:short)%00%(objectname)%00%(upstream:track) refs/heads/deneme refs/remotes/deneme [2ms]
[2022-02-07T00:53:56.198Z] > git for-each-ref --sort -committerdate --format %(refname) %(objectname) %(*objectname) [4ms]
[2022-02-07T00:53:56.199Z] > git remote --verbose [2ms]
[2022-02-07T00:53:56.233Z] > git config --get commit.template [6ms]
[2022-02-07T00:54:01.258Z] > git symbolic-ref --short HEAD [1ms]
[2022-02-07T00:54:01.262Z] > git for-each-ref --format=%(refname)%00%(upstream:short)%00%(objectname)%00%(upstream:track) refs/heads/deneme refs/remotes/deneme [2ms]
[2022-02-07T00:54:01.268Z] > git for-each-ref --sort -committerdate --format %(refname) %(objectname) %(*objectname) [4ms]
[2022-02-07T00:54:01.270Z] > git remote --verbose [2ms]
[2022-02-07T00:54:01.307Z] > git config --get commit.template [6ms]
[2022-02-07T00:54:06.331Z] > git symbolic-ref --short HEAD [2ms]
[2022-02-07T00:54:06.335Z] > git for-each-ref --format=%(refname)%00%(upstream:short)%00%(objectname)%00%(upstream:track) refs/heads/deneme refs/remotes/deneme [1ms]
[2022-02-07T00:54:06.341Z] > git for-each-ref --sort -committerdate --format %(refname) %(objectname) %(*objectname) [4ms]
[2022-02-07T00:54:06.342Z] > git remote --verbose [2ms]
[2022-02-07T00:54:06.376Z] > git config --get commit.template [5ms]
[2022-02-07T00:55:25.544Z] > git fetch [12ms]
[2022-02-07T00:55:25.563Z] > git symbolic-ref --short HEAD [2ms]
[2022-02-07T00:55:25.566Z] > git for-each-ref --format=%(refname)%00%(upstream:short)%00%(objectname)%00%(upstream:track) refs/heads/deneme refs/remotes/deneme [1ms]
[2022-02-07T00:55:25.572Z] > git for-each-ref --sort -committerdate --format %(refname) %(objectname) %(*objectname) [3ms]
[2022-02-07T00:55:25.573Z] > git remote --verbose [1ms]
[2022-02-07T00:55:25.614Z] > git config --get commit.template [2ms]
[2022-02-07T00:55:25.637Z] > git symbolic-ref --short HEAD [2ms]
[2022-02-07T00:55:25.641Z] > git for-each-ref --format=%(refname)%00%(upstream:short)%00%(objectname)%00%(upstream:track) refs/heads/deneme refs/remotes/deneme [1ms]
[2022-02-07T00:55:25.647Z] > git for-each-ref --sort -committerdate --format %(refname) %(objectname) %(*objectname) [4ms]
[2022-02-07T00:55:25.648Z] > git remote --verbose [2ms]
[2022-02-07T00:55:25.677Z] > git config --get commit.template [2ms]
[2022-02-07T00:55:27.756Z] > git ls-files --stage -- /home/ec2-user/exam/terrafom.tf [2ms]
[2022-02-07T00:55:30.641Z] > git symbolic-ref --short HEAD [2ms]
[2022-02-07T00:55:30.645Z] > git for-each-ref --format=%(refname)%00%(upstream:short)%00%(objectname)%00%(upstream:track) refs/heads/deneme refs/remotes/deneme [1ms]
[2022-02-07T00:55:30.651Z] > git for-each-ref --sort -committerdate --format %(refname) %(objectname) %(*objectname) [3ms]
[2022-02-07T00:55:30.653Z] > git remote --verbose [2ms]
[2022-02-07T00:55:30.685Z] > git config --get commit.template [6ms]
[2022-02-07T00:56:15.084Z] > git symbolic-ref --short HEAD [2ms]
[2022-02-07T00:56:15.088Z] > git for-each-ref --format=%(refname)%00%(upstream:short)%00%(objectname)%00%(upstream:track) refs/heads/deneme refs/remotes/deneme [2ms]
[2022-02-07T00:56:15.093Z] > git for-each-ref --sort -committerdate --format %(refname) %(objectname) %(*objectname) [3ms]
[2022-02-07T00:56:15.095Z] > git remote --verbose [2ms]
[2022-02-07T00:56:15.130Z] > git config --get commit.template [2ms]
[2022-02-07T00:56:20.155Z] > git symbolic-ref --short HEAD [2ms]
[2022-02-07T00:56:20.160Z] > git for-each-ref --format=%(refname)%00%(upstream:short)%00%(objectname)%00%(upstream:track) refs/heads/deneme refs/remotes/deneme [2ms]
[2022-02-07T00:56:20.166Z] > git for-each-ref --sort -committerdate --format %(refname) %(objectname) %(*objectname) [4ms]
[2022-02-07T00:56:20.168Z] > git remote --verbose [2ms]
[2022-02-07T00:56:20.205Z] > git config --get commit.template [6ms]
[2022-02-07T00:56:25.230Z] > git symbolic-ref --short HEAD [2ms]
[2022-02-07T00:56:25.234Z] > git for-each-ref --format=%(refname)%00%(upstream:short)%00%(objectname)%00%(upstream:track) refs/heads/deneme refs/remotes/deneme [1ms]
[2022-02-07T00:56:25.240Z] > git for-each-ref --sort -committerdate --format %(refname) %(objectname) %(*objectname) [4ms]
[2022-02-07T00:56:25.241Z] > git remote --verbose [2ms]
[2022-02-07T00:56:25.274Z] > git config --get commit.template [5ms]
[2022-02-07T00:56:30.299Z] > git symbolic-ref --short HEAD [2ms]
[2022-02-07T00:56:30.303Z] > git for-each-ref --format=%(refname)%00%(upstream:short)%00%(objectname)%00%(upstream:track) refs/heads/deneme refs/remotes/deneme [2ms]
[2022-02-07T00:56:30.309Z] > git for-each-ref --sort -committerdate --format %(refname) %(objectname) %(*objectname) [3ms]
[2022-02-07T00:56:30.310Z] > git remote --verbose [2ms]
[2022-02-07T00:56:30.341Z] > git config --get commit.template [5ms]
[2022-02-07T00:56:35.365Z] > git symbolic-ref --short HEAD [2ms]
[2022-02-07T00:56:35.369Z] > git for-each-ref --format=%(refname)%00%(upstream:short)%00%(objectname)%00%(upstream:track) refs/heads/deneme refs/remotes/deneme [2ms]
[2022-02-07T00:56:35.375Z] > git for-each-ref --sort -committerdate --format %(refname) %(objectname) %(*objectname) [4ms]
[2022-02-07T00:56:35.376Z] > git remote --verbose [2ms]
[2022-02-07T00:56:35.419Z] > git config --get commit.template [11ms]
[2022-02-07T00:56:40.444Z] > git symbolic-ref --short HEAD [2ms]
[2022-02-07T00:56:40.448Z] > git for-each-ref --format=%(refname)%00%(upstream:short)%00%(objectname)%00%(upstream:track) refs/heads/deneme refs/remotes/deneme [1ms]
[2022-02-07T00:56:40.454Z] > git for-each-ref --sort -committerdate --format %(refname) %(objectname) %(*objectname) [3ms]
[2022-02-07T00:56:40.456Z] > git remote --verbose [2ms]
[2022-02-07T00:56:40.490Z] > git config --get commit.template [6ms]
[2022-02-07T00:56:45.514Z] > git symbolic-ref --short HEAD [2ms]
[2022-02-07T00:56:45.518Z] > git for-each-ref --format=%(refname)%00%(upstream:short)%00%(objectname)%00%(upstream:track) refs/heads/deneme refs/remotes/deneme [1ms]
[2022-02-07T00:56:45.524Z] > git for-each-ref --sort -committerdate --format %(refname) %(objectname) %(*objectname) [3ms]
[2022-02-07T00:56:45.526Z] > git remote --verbose [2ms]
[2022-02-07T00:56:45.557Z] > git config --get commit.template [5ms]
[2022-02-07T00:56:50.582Z] > git symbolic-ref --short HEAD [2ms]
[2022-02-07T00:56:50.586Z] > git for-each-ref --format=%(refname)%00%(upstream:short)%00%(objectname)%00%(upstream:track) refs/heads/deneme refs/remotes/deneme [1ms]
[2022-02-07T00:56:50.593Z] > git for-each-ref --sort -committerdate --format %(refname) %(objectname) %(*objectname) [4ms]
[2022-02-07T00:56:50.594Z] > git remote --verbose [2ms]
[2022-02-07T00:56:50.630Z] > git config --get commit.template [5ms]
[2022-02-07T00:56:55.655Z] > git symbolic-ref --short HEAD [2ms]
[2022-02-07T00:56:55.658Z] > git for-each-ref --format=%(refname)%00%(upstream:short)%00%(objectname)%00%(upstream:track) refs/heads/deneme refs/remotes/deneme [1ms]
[2022-02-07T00:56:55.664Z] > git for-each-ref --sort -committerdate --format %(refname) %(objectname) %(*objectname) [3ms]
[2022-02-07T00:56:55.666Z] > git remote --verbose [2ms]
[2022-02-07T00:56:55.700Z] > git config --get commit.template [5ms]
[2022-02-07T00:57:00.727Z] > git symbolic-ref --short HEAD [2ms]
[2022-02-07T00:57:00.731Z] > git for-each-ref --format=%(refname)%00%(upstream:short)%00%(objectname)%00%(upstream:track) refs/heads/deneme refs/remotes/deneme [1ms]
[2022-02-07T00:57:00.738Z] > git for-each-ref --sort -committerdate --format %(refname) %(objectname) %(*objectname) [4ms]
[2022-02-07T00:57:00.740Z] > git remote --verbose [2ms]
[2022-02-07T00:57:00.776Z] > git config --get commit.template [5ms]
[2022-02-07T00:57:05.805Z] > git symbolic-ref --short HEAD [2ms]
[2022-02-07T00:57:05.809Z] > git for-each-ref --format=%(refname)%00%(upstream:short)%00%(objectname)%00%(upstream:track) refs/heads/deneme refs/remotes/deneme [1ms]
[2022-02-07T00:57:05.816Z] > git for-each-ref --sort -committerdate --format %(refname) %(objectname) %(*objectname) [4ms]
[2022-02-07T00:57:05.818Z] > git remote --verbose [2ms]
[2022-02-07T00:57:05.850Z] > git config --get commit.template [5ms]
[2022-02-07T00:57:11.769Z] > git symbolic-ref --short HEAD [2ms]
[2022-02-07T00:57:11.773Z] > git for-each-ref --format=%(refname)%00%(upstream:short)%00%(objectname)%00%(upstream:track) refs/heads/deneme refs/remotes/deneme [1ms]
[2022-02-07T00:57:11.779Z] > git for-each-ref --sort -committerdate --format %(refname) %(objectname) %(*objectname) [4ms]
[2022-02-07T00:57:11.780Z] > git remote --verbose [2ms]
[2022-02-07T00:57:11.813Z] > git config --get commit.template [2ms]
[2022-02-07T00:57:16.838Z] > git symbolic-ref --short HEAD [2ms]
[2022-02-07T00:57:16.842Z] > git for-each-ref --format=%(refname)%00%(upstream:short)%00%(objectname)%00%(upstream:track) refs/heads/deneme refs/remotes/deneme [2ms]
[2022-02-07T00:57:16.848Z] > git for-each-ref --sort -committerdate --format %(refname) %(objectname) %(*objectname) [4ms]
[2022-02-07T00:57:16.849Z] > git remote --verbose [2ms]
[2022-02-07T00:57:16.886Z] > git config --get commit.template [5ms]
[2022-02-07T00:57:21.913Z] > git symbolic-ref --short HEAD [2ms]
[2022-02-07T00:57:21.916Z] > git for-each-ref --format=%(refname)%00%(upstream:short)%00%(objectname)%00%(upstream:track) refs/heads/deneme refs/remotes/deneme [1ms]
[2022-02-07T00:57:21.922Z] > git for-each-ref --sort -committerdate --format %(refname) %(objectname) %(*objectname) [3ms]
[2022-02-07T00:57:21.924Z] > git remote --verbose [2ms]
[2022-02-07T00:57:21.956Z] > git config --get commit.template [5ms]
[2022-02-07T00:57:26.981Z] > git symbolic-ref --short HEAD [3ms]
[2022-02-07T00:57:26.984Z] > git for-each-ref --format=%(refname)%00%(upstream:short)%00%(objectname)%00%(upstream:track) refs/heads/deneme refs/remotes/deneme [1ms]
[2022-02-07T00:57:26.990Z] > git for-each-ref --sort -committerdate --format %(refname) %(objectname) %(*objectname) [3ms]
[2022-02-07T00:57:26.992Z] > git remote --verbose [2ms]
[2022-02-07T00:57:27.025Z] > git config --get commit.template [5ms]
[2022-02-07T00:57:32.050Z] > git symbolic-ref --short HEAD [2ms]
[2022-02-07T00:57:32.055Z] > git for-each-ref --format=%(refname)%00%(upstream:short)%00%(objectname)%00%(upstream:track) refs/heads/deneme refs/remotes/deneme [1ms]
[2022-02-07T00:57:32.062Z] > git for-each-ref --sort -committerdate --format %(refname) %(objectname) %(*objectname) [4ms]
[2022-02-07T00:57:32.063Z] > git remote --verbose [2ms]
[2022-02-07T00:57:32.103Z] > git config --get commit.template [6ms]
[2022-02-07T00:57:37.128Z] > git symbolic-ref --short HEAD [2ms]
[2022-02-07T00:57:37.133Z] > git for-each-ref --format=%(refname)%00%(upstream:short)%00%(objectname)%00%(upstream:track) refs/heads/deneme refs/remotes/deneme [2ms]
[2022-02-07T00:57:37.140Z] > git for-each-ref --sort -committerdate --format %(refname) %(objectname) %(*objectname) [4ms]
[2022-02-07T00:57:37.142Z] > git remote --verbose [2ms]
[2022-02-07T00:57:37.175Z] > git config --get commit.template [5ms]
[2022-02-07T00:57:40.657Z] > git ls-files --stage -- /home/ec2-user/Terraform-Project/autoscalling/main.tf [3ms]
[2022-02-07T00:57:42.200Z] > git symbolic-ref --short HEAD [2ms]
[2022-02-07T00:57:42.204Z] > git for-each-ref --format=%(refname)%00%(upstream:short)%00%(objectname)%00%(upstream:track) refs/heads/deneme refs/remotes/deneme [2ms]
[2022-02-07T00:57:42.210Z] > git for-each-ref --sort -committerdate --format %(refname) %(objectname) %(*objectname) [4ms]
[2022-02-07T00:57:42.212Z] > git remote --verbose [3ms]
[2022-02-07T00:57:42.242Z] > git config --get commit.template [2ms]
[2022-02-07T00:57:46.449Z] > git ls-files --stage -- /home/ec2-user/asg.tf/creat.tf [3ms]
[2022-02-07T00:57:47.267Z] > git symbolic-ref --short HEAD [2ms]
[2022-02-07T00:57:47.270Z] > git for-each-ref --format=%(refname)%00%(upstream:short)%00%(objectname)%00%(upstream:track) refs/heads/deneme refs/remotes/deneme [1ms]
[2022-02-07T00:57:47.276Z] > git for-each-ref --sort -committerdate --format %(refname) %(objectname) %(*objectname) [3ms]
[2022-02-07T00:57:47.278Z] > git remote --verbose [2ms]
[2022-02-07T00:57:47.317Z] > git config --get commit.template [5ms]
[2022-02-07T00:57:52.785Z] > git symbolic-ref --short HEAD [2ms]
[2022-02-07T00:57:52.788Z] > git for-each-ref --format=%(refname)%00%(upstream:short)%00%(objectname)%00%(upstream:track) refs/heads/deneme refs/remotes/deneme [1ms]
[2022-02-07T00:57:52.794Z] > git for-each-ref --sort -committerdate --format %(refname) %(objectname) %(*objectname) [3ms]
[2022-02-07T00:57:52.796Z] > git remote --verbose [2ms]
[2022-02-07T00:57:52.828Z] > git config --get commit.template [6ms]
[2022-02-07T00:57:57.852Z] > git symbolic-ref --short HEAD [2ms]
[2022-02-07T00:57:57.855Z] > git for-each-ref --format=%(refname)%00%(upstream:short)%00%(objectname)%00%(upstream:track) refs/heads/deneme refs/remotes/deneme [1ms]
[2022-02-07T00:57:57.861Z] > git for-each-ref --sort -committerdate --format %(refname) %(objectname) %(*objectname) [3ms]
[2022-02-07T00:57:57.862Z] > git remote --verbose [1ms]
[2022-02-07T00:57:57.898Z] > git config --get commit.template [5ms]
[2022-02-07T00:58:08.834Z] > git symbolic-ref --short HEAD [2ms]
[2022-02-07T00:58:08.838Z] > git for-each-ref --format=%(refname)%00%(upstream:short)%00%(objectname)%00%(upstream:track) refs/heads/deneme refs/remotes/deneme [2ms]
[2022-02-07T00:58:08.844Z] > git for-each-ref --sort -committerdate --format %(refname) %(objectname) %(*objectname) [4ms]
[2022-02-07T00:58:08.845Z] > git remote --verbose [2ms]
[2022-02-07T00:58:08.880Z] > git config --get commit.template [2ms]
[2022-02-07T00:58:13.905Z] > git symbolic-ref --short HEAD [2ms]
[2022-02-07T00:58:13.909Z] > git for-each-ref --format=%(refname)%00%(upstream:short)%00%(objectname)%00%(upstream:track) refs/heads/deneme refs/remotes/deneme [2ms]
[2022-02-07T00:58:13.915Z] > git for-each-ref --sort -committerdate --format %(refname) %(objectname) %(*objectname) [4ms]
[2022-02-07T00:58:13.916Z] > git remote --verbose [2ms]
[2022-02-07T00:58:13.949Z] > git config --get commit.template [6ms]
[2022-02-07T00:58:28.588Z] > git fetch [9ms]
[2022-02-07T00:58:28.604Z] > git symbolic-ref --short HEAD [2ms]
[2022-02-07T00:58:28.609Z] > git for-each-ref --format=%(refname)%00%(upstream:short)%00%(objectname)%00%(upstream:track) refs/heads/deneme refs/remotes/deneme [3ms]
[2022-02-07T00:58:28.622Z] > git for-each-ref --sort -committerdate --format %(refname) %(objectname) %(*objectname) [5ms]
[2022-02-07T00:58:28.623Z] > git remote --verbose [2ms]
